2019-06-14 10:00:30.731 [INFO ] ThridypayApplication  Starting ThridypayApplication on LAPTOP-K8L84O8O with PID 232668 (D:\thridypay\target\classes started by snsoft in D:\thridypay)
2019-06-14 10:00:30.743 [INFO ] ThridypayApplication  No active profile set, falling back to default profiles: default
2019-06-14 10:00:33.399 [INFO ] RepositoryConfigurationDelegate  Multiple Spring Data modules found, entering strict repository configuration mode!
2019-06-14 10:00:33.402 [INFO ] RepositoryConfigurationDelegate  Bootstrapping Spring Data repositories in DEFAULT mode.
2019-06-14 10:00:33.575 [INFO ] RepositoryConfigurationDelegate  Finished Spring Data repository scanning in 153ms. Found 2 repository interfaces.
2019-06-14 10:00:33.602 [INFO ] RepositoryConfigurationDelegate  Multiple Spring Data modules found, entering strict repository configuration mode!
2019-06-14 10:00:33.605 [INFO ] RepositoryConfigurationDelegate  Bootstrapping Spring Data repositories in DEFAULT mode.
2019-06-14 10:00:33.632 [INFO ] RepositoryConfigurationExtensionSupport  Spring Data Redis - Could not safely identify store assignment for repository candidate interface com.example.demo.Repository.MerchatListRespository.
2019-06-14 10:00:33.633 [INFO ] RepositoryConfigurationExtensionSupport  Spring Data Redis - Could not safely identify store assignment for repository candidate interface com.example.demo.Repository.proposalListRespoitory.
2019-06-14 10:00:33.633 [INFO ] RepositoryConfigurationDelegate  Finished Spring Data repository scanning in 11ms. Found 0 repository interfaces.
2019-06-14 10:00:34.423 [INFO ] PostProcessorRegistrationDelegate$BeanPostProcessorChecker  Bean 'org.springframework.transaction.annotation.ProxyTransactionManagementConfiguration' of type [org.springframework.transaction.annotation.ProxyTransactionManagementConfiguration$$EnhancerBySpringCGLIB$$1257561f] is not eligible for getting processed by all BeanPostProcessors (for example: not eligible for auto-proxying)
2019-06-14 10:00:35.379 [INFO ] TomcatWebServer  Tomcat initialized with port(s): 8081 (http)
2019-06-14 10:00:35.407 [INFO ] Http11NioProtocol  Initializing ProtocolHandler ["http-nio-8081"]
2019-06-14 10:00:35.428 [INFO ] StandardService  Starting service [Tomcat]
2019-06-14 10:00:35.428 [INFO ] StandardEngine  Starting Servlet engine: [Apache Tomcat/9.0.19]
2019-06-14 10:00:35.676 [INFO ] [/]  Initializing Spring embedded WebApplicationContext
2019-06-14 10:00:35.676 [INFO ] ContextLoader  Root WebApplicationContext: initialization completed in 4792 ms
2019-06-14 10:00:35.922 [INFO ] HikariDataSource  HikariPool-1 - Starting...
2019-06-14 10:00:35.924 [WARN ] DriverDataSource  Registered driver with driverClassName=com.mysql.jdbc.Driver was not found, trying direct instantiation.
2019-06-14 10:00:36.301 [INFO ] HikariDataSource  HikariPool-1 - Start completed.
2019-06-14 10:00:36.456 [INFO ] LogHelper  HHH000204: Processing PersistenceUnitInfo [
	name: default
	...]
2019-06-14 10:00:36.580 [INFO ] Version  HHH000412: Hibernate Core {5.3.10.Final}
2019-06-14 10:00:36.583 [INFO ] Environment  HHH000206: hibernate.properties not found
2019-06-14 10:00:36.883 [INFO ] Version  HCANN000001: Hibernate Commons Annotations {5.0.4.Final}
2019-06-14 10:00:37.145 [INFO ] Dialect  HHH000400: Using dialect: org.hibernate.dialect.MySQL5InnoDBDialect
2019-06-14 10:00:38.787 [INFO ] LocalContainerEntityManagerFactoryBean  Initialized JPA EntityManagerFactory for persistence unit 'default'
2019-06-14 10:00:39.471 [INFO ] ThreadPoolTaskExecutor  Initializing ExecutorService 'applicationTaskExecutor'
2019-06-14 10:00:39.514 [WARN ] JpaBaseConfiguration$JpaWebConfiguration$JpaWebMvcConfiguration  spring.jpa.open-in-view is enabled by default. Therefore, database queries may be performed during view rendering. Explicitly configure spring.jpa.open-in-view to disable this warning
2019-06-14 10:00:39.602 [WARN ] ThymeleafAutoConfiguration$DefaultTemplateResolverConfiguration  Cannot find template location: classpath:/templates/ (please add some templates or check your Thymeleaf configuration)
2019-06-14 10:00:39.937 [INFO ] ThreadPoolTaskScheduler  Initializing ExecutorService 'taskScheduler'
2019-06-14 10:00:39.960 [WARN ] RedisStarterDeprecationWarningAutoConfiguration  spring-boot-starter-redis is deprecated as of Spring Boot 1.4, please migrate to spring-boot-starter-data-redis
2019-06-14 10:00:39.999 [INFO ] Http11NioProtocol  Starting ProtocolHandler ["http-nio-8081"]
2019-06-14 10:00:40.048 [INFO ] TomcatWebServer  Tomcat started on port(s): 8081 (http) with context path ''
2019-06-14 10:00:40.050 [INFO ] ThridypayApplication  Started ThridypayApplication in 10.603 seconds (JVM running for 12.819)
2019-06-14 10:01:25.727 [INFO ] [/]  Initializing Spring DispatcherServlet 'dispatcherServlet'
2019-06-14 10:01:25.727 [INFO ] DispatcherServlet  Initializing Servlet 'dispatcherServlet'
2019-06-14 10:01:25.744 [INFO ] DispatcherServlet  Completed initialization in 17 ms
