2019-06-17 17:47:55.948 [INFO ] ThridypayApplication  Starting ThridypayApplication on LAPTOP-K8L84O8O with PID 19128 (D:\newgetpay\target\classes started by snsoft in D:\newgetpay)
2019-06-17 17:47:55.989 [INFO ] ThridypayApplication  No active profile set, falling back to default profiles: default
2019-06-17 17:47:58.448 [INFO ] RepositoryConfigurationDelegate  Multiple Spring Data modules found, entering strict repository configuration mode!
2019-06-17 17:47:58.449 [INFO ] RepositoryConfigurationDelegate  Bootstrapping Spring Data repositories in DEFAULT mode.
2019-06-17 17:47:58.657 [INFO ] RepositoryConfigurationDelegate  Finished Spring Data repository scanning in 187ms. Found 2 repository interfaces.
2019-06-17 17:47:58.693 [INFO ] RepositoryConfigurationDelegate  Multiple Spring Data modules found, entering strict repository configuration mode!
2019-06-17 17:47:58.695 [INFO ] RepositoryConfigurationDelegate  Bootstrapping Spring Data repositories in DEFAULT mode.
2019-06-17 17:47:58.822 [INFO ] RepositoryConfigurationExtensionSupport  Spring Data Redis - Could not safely identify store assignment for repository candidate interface com.example.demo.Repository.MerchatListRespository.
2019-06-17 17:47:58.825 [INFO ] RepositoryConfigurationExtensionSupport  Spring Data Redis - Could not safely identify store assignment for repository candidate interface com.example.demo.Repository.proposalListRespoitory.
2019-06-17 17:47:58.827 [INFO ] RepositoryConfigurationDelegate  Finished Spring Data repository scanning in 63ms. Found 0 repository interfaces.
2019-06-17 17:47:59.966 [INFO ] PostProcessorRegistrationDelegate$BeanPostProcessorChecker  Bean 'org.springframework.transaction.annotation.ProxyTransactionManagementConfiguration' of type [org.springframework.transaction.annotation.ProxyTransactionManagementConfiguration$$EnhancerBySpringCGLIB$$4e6d011c] is not eligible for getting processed by all BeanPostProcessors (for example: not eligible for auto-proxying)
2019-06-17 17:48:01.895 [INFO ] TomcatWebServer  Tomcat initialized with port(s): 8081 (http)
2019-06-17 17:48:01.944 [INFO ] Http11NioProtocol  Initializing ProtocolHandler ["http-nio-8081"]
2019-06-17 17:48:01.961 [INFO ] StandardService  Starting service [Tomcat]
2019-06-17 17:48:01.962 [INFO ] StandardEngine  Starting Servlet engine: [Apache Tomcat/9.0.19]
2019-06-17 17:48:02.330 [INFO ] [/]  Initializing Spring embedded WebApplicationContext
2019-06-17 17:48:02.331 [INFO ] ContextLoader  Root WebApplicationContext: initialization completed in 6158 ms
2019-06-17 17:48:02.819 [INFO ] HikariDataSource  HikariPool-1 - Starting...
2019-06-17 17:48:02.822 [WARN ] DriverDataSource  Registered driver with driverClassName=com.mysql.jdbc.Driver was not found, trying direct instantiation.
2019-06-17 17:48:03.411 [INFO ] HikariDataSource  HikariPool-1 - Start completed.
2019-06-17 17:48:03.656 [INFO ] LogHelper  HHH000204: Processing PersistenceUnitInfo [
	name: default
	...]
2019-06-17 17:48:03.937 [INFO ] Version  HHH000412: Hibernate Core {5.3.10.Final}
2019-06-17 17:48:03.942 [INFO ] Environment  HHH000206: hibernate.properties not found
2019-06-17 17:48:04.457 [INFO ] Version  HCANN000001: Hibernate Commons Annotations {5.0.4.Final}
2019-06-17 17:48:04.983 [INFO ] Dialect  HHH000400: Using dialect: org.hibernate.dialect.MySQL5InnoDBDialect
2019-06-17 17:48:07.492 [INFO ] LocalContainerEntityManagerFactoryBean  Initialized JPA EntityManagerFactory for persistence unit 'default'
2019-06-17 17:48:09.600 [INFO ] ThreadPoolTaskExecutor  Initializing ExecutorService 'applicationTaskExecutor'
2019-06-17 17:48:09.757 [WARN ] JpaBaseConfiguration$JpaWebConfiguration$JpaWebMvcConfiguration  spring.jpa.open-in-view is enabled by default. Therefore, database queries may be performed during view rendering. Explicitly configure spring.jpa.open-in-view to disable this warning
2019-06-17 17:48:09.982 [WARN ] ThymeleafAutoConfiguration$DefaultTemplateResolverConfiguration  Cannot find template location: classpath:/templates/ (please add some templates or check your Thymeleaf configuration)
2019-06-17 17:48:10.949 [INFO ] ThreadPoolTaskScheduler  Initializing ExecutorService 'taskScheduler'
2019-06-17 17:48:11.038 [WARN ] RedisStarterDeprecationWarningAutoConfiguration  spring-boot-starter-redis is deprecated as of Spring Boot 1.4, please migrate to spring-boot-starter-data-redis
2019-06-17 17:48:11.102 [INFO ] Http11NioProtocol  Starting ProtocolHandler ["http-nio-8081"]
2019-06-17 17:48:11.184 [INFO ] TomcatWebServer  Tomcat started on port(s): 8081 (http) with context path ''
2019-06-17 17:48:11.188 [INFO ] ThridypayApplication  Started ThridypayApplication in 16.799 seconds (JVM running for 20.119)
2019-06-17 17:48:22.304 [INFO ] [/]  Initializing Spring DispatcherServlet 'dispatcherServlet'
2019-06-17 17:48:22.304 [INFO ] DispatcherServlet  Initializing Servlet 'dispatcherServlet'
2019-06-17 17:48:22.318 [INFO ] DispatcherServlet  Completed initialization in 14 ms
2019-06-17 17:50:01.855 [INFO ] ThridypayApplication  Starting ThridypayApplication on LAPTOP-K8L84O8O with PID 29412 (D:\newgetpay\target\classes started by snsoft in D:\newgetpay)
2019-06-17 17:50:01.861 [INFO ] ThridypayApplication  No active profile set, falling back to default profiles: default
2019-06-17 17:50:04.109 [INFO ] RepositoryConfigurationDelegate  Multiple Spring Data modules found, entering strict repository configuration mode!
2019-06-17 17:50:04.110 [INFO ] RepositoryConfigurationDelegate  Bootstrapping Spring Data repositories in DEFAULT mode.
2019-06-17 17:50:04.261 [INFO ] RepositoryConfigurationDelegate  Finished Spring Data repository scanning in 135ms. Found 3 repository interfaces.
2019-06-17 17:50:04.287 [INFO ] RepositoryConfigurationDelegate  Multiple Spring Data modules found, entering strict repository configuration mode!
2019-06-17 17:50:04.289 [INFO ] RepositoryConfigurationDelegate  Bootstrapping Spring Data repositories in DEFAULT mode.
2019-06-17 17:50:04.313 [INFO ] RepositoryConfigurationExtensionSupport  Spring Data Redis - Could not safely identify store assignment for repository candidate interface com.example.demo.Repository.DepositRespositpory.
2019-06-17 17:50:04.315 [INFO ] RepositoryConfigurationExtensionSupport  Spring Data Redis - Could not safely identify store assignment for repository candidate interface com.example.demo.Repository.MerchatListRespository.
2019-06-17 17:50:04.316 [INFO ] RepositoryConfigurationExtensionSupport  Spring Data Redis - Could not safely identify store assignment for repository candidate interface com.example.demo.Repository.proposalListRespoitory.
2019-06-17 17:50:04.317 [INFO ] RepositoryConfigurationDelegate  Finished Spring Data repository scanning in 14ms. Found 0 repository interfaces.
2019-06-17 17:50:05.172 [INFO ] PostProcessorRegistrationDelegate$BeanPostProcessorChecker  Bean 'org.springframework.transaction.annotation.ProxyTransactionManagementConfiguration' of type [org.springframework.transaction.annotation.ProxyTransactionManagementConfiguration$$EnhancerBySpringCGLIB$$4e6d011c] is not eligible for getting processed by all BeanPostProcessors (for example: not eligible for auto-proxying)
2019-06-17 17:50:06.882 [INFO ] TomcatWebServer  Tomcat initialized with port(s): 8081 (http)
2019-06-17 17:50:06.927 [INFO ] Http11NioProtocol  Initializing ProtocolHandler ["http-nio-8081"]
2019-06-17 17:50:06.950 [INFO ] StandardService  Starting service [Tomcat]
2019-06-17 17:50:06.950 [INFO ] StandardEngine  Starting Servlet engine: [Apache Tomcat/9.0.19]
2019-06-17 17:50:07.314 [INFO ] [/]  Initializing Spring embedded WebApplicationContext
2019-06-17 17:50:07.315 [INFO ] ContextLoader  Root WebApplicationContext: initialization completed in 5362 ms
2019-06-17 17:50:07.723 [INFO ] HikariDataSource  HikariPool-1 - Starting...
2019-06-17 17:50:07.725 [WARN ] DriverDataSource  Registered driver with driverClassName=com.mysql.jdbc.Driver was not found, trying direct instantiation.
2019-06-17 17:50:08.295 [INFO ] HikariDataSource  HikariPool-1 - Start completed.
2019-06-17 17:50:08.530 [INFO ] LogHelper  HHH000204: Processing PersistenceUnitInfo [
	name: default
	...]
2019-06-17 17:50:08.795 [INFO ] Version  HHH000412: Hibernate Core {5.3.10.Final}
2019-06-17 17:50:08.798 [INFO ] Environment  HHH000206: hibernate.properties not found
2019-06-17 17:50:09.311 [INFO ] Version  HCANN000001: Hibernate Commons Annotations {5.0.4.Final}
2019-06-17 17:50:09.781 [INFO ] Dialect  HHH000400: Using dialect: org.hibernate.dialect.MySQL5InnoDBDialect
2019-06-17 17:50:12.483 [INFO ] LocalContainerEntityManagerFactoryBean  Initialized JPA EntityManagerFactory for persistence unit 'default'
2019-06-17 17:50:13.890 [INFO ] ThreadPoolTaskExecutor  Initializing ExecutorService 'applicationTaskExecutor'
2019-06-17 17:50:13.999 [WARN ] JpaBaseConfiguration$JpaWebConfiguration$JpaWebMvcConfiguration  spring.jpa.open-in-view is enabled by default. Therefore, database queries may be performed during view rendering. Explicitly configure spring.jpa.open-in-view to disable this warning
2019-06-17 17:50:14.135 [WARN ] ThymeleafAutoConfiguration$DefaultTemplateResolverConfiguration  Cannot find template location: classpath:/templates/ (please add some templates or check your Thymeleaf configuration)
2019-06-17 17:50:14.731 [INFO ] ThreadPoolTaskScheduler  Initializing ExecutorService 'taskScheduler'
2019-06-17 17:50:14.776 [WARN ] RedisStarterDeprecationWarningAutoConfiguration  spring-boot-starter-redis is deprecated as of Spring Boot 1.4, please migrate to spring-boot-starter-data-redis
2019-06-17 17:50:14.864 [INFO ] Http11NioProtocol  Starting ProtocolHandler ["http-nio-8081"]
2019-06-17 17:50:14.910 [INFO ] TomcatWebServer  Tomcat started on port(s): 8081 (http) with context path ''
2019-06-17 17:50:14.916 [INFO ] ThridypayApplication  Started ThridypayApplication in 14.059 seconds (JVM running for 16.029)
2019-06-17 17:50:40.946 [INFO ] [/]  Initializing Spring DispatcherServlet 'dispatcherServlet'
2019-06-17 17:50:40.946 [INFO ] DispatcherServlet  Initializing Servlet 'dispatcherServlet'
2019-06-17 17:50:40.961 [INFO ] DispatcherServlet  Completed initialization in 15 ms
2019-06-17 17:53:26.679 [INFO ] ThridypayApplication  Starting ThridypayApplication on LAPTOP-K8L84O8O with PID 5924 (D:\newgetpay\target\classes started by snsoft in D:\newgetpay)
2019-06-17 17:53:26.698 [INFO ] ThridypayApplication  No active profile set, falling back to default profiles: default
2019-06-17 17:53:27.293 [INFO ] Version  HV000001: Hibernate Validator 5.3.5.Final
2019-06-17 17:53:27.449 [INFO ] AnnotationConfigEmbeddedWebApplicationContext  Refreshing org.springframework.boot.context.embedded.AnnotationConfigEmbeddedWebApplicationContext@294425a7: startup date [Mon Jun 17 17:53:27 SGT 2019]; root of context hierarchy
2019-06-17 17:53:29.068 [INFO ] RepositoryConfigurationDelegate  Multiple Spring Data modules found, entering strict repository configuration mode!
2019-06-17 17:53:29.184 [INFO ] RepositoryConfigurationDelegate  Multiple Spring Data modules found, entering strict repository configuration mode!
2019-06-17 17:53:29.223 [INFO ] RepositoryConfigurationExtensionSupport  Spring Data Redis - Could not safely identify store assignment for repository candidate interface com.example.demo.Repository.DepositRespositpory.
2019-06-17 17:53:29.226 [INFO ] RepositoryConfigurationExtensionSupport  Spring Data Redis - Could not safely identify store assignment for repository candidate interface com.example.demo.Repository.MerchatListRespository.
2019-06-17 17:53:29.227 [INFO ] RepositoryConfigurationExtensionSupport  Spring Data Redis - Could not safely identify store assignment for repository candidate interface com.example.demo.Repository.proposalListRespoitory.
2019-06-17 17:53:31.813 [INFO ] TomcatEmbeddedServletContainer  Tomcat initialized with port(s): 8081 (http)
2019-06-17 17:53:31.833 [INFO ] StandardService  Starting service [Tomcat]
2019-06-17 17:53:31.836 [INFO ] StandardEngine  Starting Servlet Engine: Apache Tomcat/8.5.15
2019-06-17 17:53:32.108 [INFO ] [/]  Initializing Spring embedded WebApplicationContext
2019-06-17 17:53:32.108 [INFO ] ContextLoader  Root WebApplicationContext: initialization completed in 4659 ms
2019-06-17 17:53:32.538 [INFO ] ServletRegistrationBean  Mapping servlet: 'dispatcherServlet' to [/]
2019-06-17 17:53:32.543 [INFO ] FilterRegistrationBean  Mapping filter: 'metricsFilter' to: [/*]
2019-06-17 17:53:32.543 [INFO ] FilterRegistrationBean  Mapping filter: 'characterEncodingFilter' to: [/*]
2019-06-17 17:53:32.543 [INFO ] FilterRegistrationBean  Mapping filter: 'hiddenHttpMethodFilter' to: [/*]
2019-06-17 17:53:32.543 [INFO ] FilterRegistrationBean  Mapping filter: 'httpPutFormContentFilter' to: [/*]
2019-06-17 17:53:32.544 [INFO ] FilterRegistrationBean  Mapping filter: 'requestContextFilter' to: [/*]
2019-06-17 17:53:32.544 [INFO ] FilterRegistrationBean  Mapping filter: 'webRequestLoggingFilter' to: [/*]
2019-06-17 17:53:32.544 [INFO ] FilterRegistrationBean  Mapping filter: 'applicationContextIdFilter' to: [/*]
2019-06-17 17:53:35.553 [INFO ] LocalContainerEntityManagerFactoryBean  Building JPA container EntityManagerFactory for persistence unit 'default'
2019-06-17 17:53:35.576 [INFO ] LogHelper  HHH000204: Processing PersistenceUnitInfo [
	name: default
	...]
2019-06-17 17:53:35.792 [INFO ] Version  HHH000412: Hibernate Core {5.0.12.Final}
2019-06-17 17:53:35.794 [INFO ] Environment  HHH000206: hibernate.properties not found
2019-06-17 17:53:35.796 [INFO ] Environment  HHH000021: Bytecode provider name : javassist
2019-06-17 17:53:35.897 [INFO ] Version  HCANN000001: Hibernate Commons Annotations {5.0.1.Final}
2019-06-17 17:53:36.221 [INFO ] Dialect  HHH000400: Using dialect: org.hibernate.dialect.MySQL5InnoDBDialect
2019-06-17 17:53:37.393 [INFO ] SchemaUpdate  HHH000228: Running hbm2ddl schema update
2019-06-17 17:53:41.149 [INFO ] LocalContainerEntityManagerFactoryBean  Initialized JPA EntityManagerFactory for persistence unit 'default'
2019-06-17 17:53:42.736 [INFO ] RequestMappingHandlerAdapter  Looking for @ControllerAdvice: org.springframework.boot.context.embedded.AnnotationConfigEmbeddedWebApplicationContext@294425a7: startup date [Mon Jun 17 17:53:27 SGT 2019]; root of context hierarchy
2019-06-17 17:53:42.885 [INFO ] RequestMappingHandlerMapping  Mapped "{[/depositlist],methods=[GET]}" onto public com.example.demo.Model.Result com.example.demo.Controller.DepositController.getDepositlist()
2019-06-17 17:53:42.889 [INFO ] RequestMappingHandlerMapping  Mapped "{[/Depositlist],methods=[POST]}" onto public com.example.demo.Model.Result com.example.demo.Controller.DepositController.addDepositlist(com.example.demo.Model.DepositList)
2019-06-17 17:53:42.889 [INFO ] RequestMappingHandlerMapping  Mapped "{[/test]}" onto public java.lang.String com.example.demo.Controller.HttpController.forwardTest()
2019-06-17 17:53:42.895 [INFO ] RequestMappingHandlerMapping  Mapped "{[/error]}" onto public org.springframework.http.ResponseEntity<java.util.Map<java.lang.String, java.lang.Object>> org.springframework.boot.autoconfigure.web.BasicErrorController.error(javax.servlet.http.HttpServletRequest)
2019-06-17 17:53:42.895 [INFO ] RequestMappingHandlerMapping  Mapped "{[/error],produces=[text/html]}" onto public org.springframework.web.servlet.ModelAndView org.springframework.boot.autoconfigure.web.BasicErrorController.errorHtml(javax.servlet.http.HttpServletRequest,javax.servlet.http.HttpServletResponse)
2019-06-17 17:53:42.960 [INFO ] SimpleUrlHandlerMapping  Mapped URL path [/webjars/**] onto handler of type [class org.springframework.web.servlet.resource.ResourceHttpRequestHandler]
2019-06-17 17:53:42.961 [INFO ] SimpleUrlHandlerMapping  Mapped URL path [/**] onto handler of type [class org.springframework.web.servlet.resource.ResourceHttpRequestHandler]
2019-06-17 17:53:43.073 [INFO ] SimpleUrlHandlerMapping  Mapped URL path [/**/favicon.ico] onto handler of type [class org.springframework.web.servlet.resource.ResourceHttpRequestHandler]
2019-06-17 17:53:43.160 [WARN ] AbstractTemplateResolverConfiguration  Cannot find template location: classpath:/templates/ (please add some templates or check your Thymeleaf configuration)
2019-06-17 17:53:44.632 [INFO ] EndpointHandlerMapping  Mapped "{[/heapdump || /heapdump.json],methods=[GET],produces=[application/octet-stream]}" onto public void org.springframework.boot.actuate.endpoint.mvc.HeapdumpMvcEndpoint.invoke(boolean,javax.servlet.http.HttpServletRequest,javax.servlet.http.HttpServletResponse) throws java.io.IOException,javax.servlet.ServletException
2019-06-17 17:53:44.635 [INFO ] EndpointHandlerMapping  Mapped "{[/trace || /trace.json],methods=[GET],produces=[application/vnd.spring-boot.actuator.v1+json || application/json]}" onto public java.lang.Object org.springframework.boot.actuate.endpoint.mvc.EndpointMvcAdapter.invoke()
2019-06-17 17:53:44.636 [INFO ] EndpointHandlerMapping  Mapped "{[/info || /info.json],methods=[GET],produces=[application/vnd.spring-boot.actuator.v1+json || application/json]}" onto public java.lang.Object org.springframework.boot.actuate.endpoint.mvc.EndpointMvcAdapter.invoke()
2019-06-17 17:53:44.638 [INFO ] EndpointHandlerMapping  Mapped "{[/health || /health.json],methods=[GET],produces=[application/vnd.spring-boot.actuator.v1+json || application/json]}" onto public java.lang.Object org.springframework.boot.actuate.endpoint.mvc.HealthMvcEndpoint.invoke(javax.servlet.http.HttpServletRequest,java.security.Principal)
2019-06-17 17:53:44.640 [INFO ] EndpointHandlerMapping  Mapped "{[/env/{name:.*}],methods=[GET],produces=[application/vnd.spring-boot.actuator.v1+json || application/json]}" onto public java.lang.Object org.springframework.boot.actuate.endpoint.mvc.EnvironmentMvcEndpoint.value(java.lang.String)
2019-06-17 17:53:44.640 [INFO ] EndpointHandlerMapping  Mapped "{[/env || /env.json],methods=[GET],produces=[application/vnd.spring-boot.actuator.v1+json || application/json]}" onto public java.lang.Object org.springframework.boot.actuate.endpoint.mvc.EndpointMvcAdapter.invoke()
2019-06-17 17:53:44.642 [INFO ] EndpointHandlerMapping  Mapped "{[/metrics/{name:.*}],methods=[GET],produces=[application/vnd.spring-boot.actuator.v1+json || application/json]}" onto public java.lang.Object org.springframework.boot.actuate.endpoint.mvc.MetricsMvcEndpoint.value(java.lang.String)
2019-06-17 17:53:44.643 [INFO ] EndpointHandlerMapping  Mapped "{[/metrics || /metrics.json],methods=[GET],produces=[application/vnd.spring-boot.actuator.v1+json || application/json]}" onto public java.lang.Object org.springframework.boot.actuate.endpoint.mvc.EndpointMvcAdapter.invoke()
2019-06-17 17:53:44.646 [INFO ] EndpointHandlerMapping  Mapped "{[/dump || /dump.json],methods=[GET],produces=[application/vnd.spring-boot.actuator.v1+json || application/json]}" onto public java.lang.Object org.springframework.boot.actuate.endpoint.mvc.EndpointMvcAdapter.invoke()
2019-06-17 17:53:44.651 [INFO ] EndpointHandlerMapping  Mapped "{[/auditevents || /auditevents.json],methods=[GET],produces=[application/vnd.spring-boot.actuator.v1+json || application/json]}" onto public org.springframework.http.ResponseEntity<?> org.springframework.boot.actuate.endpoint.mvc.AuditEventsMvcEndpoint.findByPrincipalAndAfterAndType(java.lang.String,java.util.Date,java.lang.String)
2019-06-17 17:53:44.652 [INFO ] EndpointHandlerMapping  Mapped "{[/beans || /beans.json],methods=[GET],produces=[application/vnd.spring-boot.actuator.v1+json || application/json]}" onto public java.lang.Object org.springframework.boot.actuate.endpoint.mvc.EndpointMvcAdapter.invoke()
2019-06-17 17:53:44.654 [INFO ] EndpointHandlerMapping  Mapped "{[/mappings || /mappings.json],methods=[GET],produces=[application/vnd.spring-boot.actuator.v1+json || application/json]}" onto public java.lang.Object org.springframework.boot.actuate.endpoint.mvc.EndpointMvcAdapter.invoke()
2019-06-17 17:53:44.655 [INFO ] EndpointHandlerMapping  Mapped "{[/configprops || /configprops.json],methods=[GET],produces=[application/vnd.spring-boot.actuator.v1+json || application/json]}" onto public java.lang.Object org.springframework.boot.actuate.endpoint.mvc.EndpointMvcAdapter.invoke()
2019-06-17 17:53:44.658 [INFO ] EndpointHandlerMapping  Mapped "{[/loggers/{name:.*}],methods=[GET],produces=[application/vnd.spring-boot.actuator.v1+json || application/json]}" onto public java.lang.Object org.springframework.boot.actuate.endpoint.mvc.LoggersMvcEndpoint.get(java.lang.String)
2019-06-17 17:53:44.659 [INFO ] EndpointHandlerMapping  Mapped "{[/loggers/{name:.*}],methods=[POST],consumes=[application/vnd.spring-boot.actuator.v1+json || application/json],produces=[application/vnd.spring-boot.actuator.v1+json || application/json]}" onto public java.lang.Object org.springframework.boot.actuate.endpoint.mvc.LoggersMvcEndpoint.set(java.lang.String,java.util.Map<java.lang.String, java.lang.String>)
2019-06-17 17:53:44.659 [INFO ] EndpointHandlerMapping  Mapped "{[/loggers || /loggers.json],methods=[GET],produces=[application/vnd.spring-boot.actuator.v1+json || application/json]}" onto public java.lang.Object org.springframework.boot.actuate.endpoint.mvc.EndpointMvcAdapter.invoke()
2019-06-17 17:53:44.660 [INFO ] EndpointHandlerMapping  Mapped "{[/autoconfig || /autoconfig.json],methods=[GET],produces=[application/vnd.spring-boot.actuator.v1+json || application/json]}" onto public java.lang.Object org.springframework.boot.actuate.endpoint.mvc.EndpointMvcAdapter.invoke()
2019-06-17 17:53:45.302 [WARN ] RedisStarterDeprecationWarningAutoConfiguration  spring-boot-starter-redis is deprecated as of Spring Boot 1.4, please migrate to spring-boot-starter-data-redis
2019-06-17 17:53:45.468 [INFO ] AnnotationMBeanExporter  Registering beans for JMX exposure on startup
2019-06-17 17:53:45.480 [INFO ] EndpointMBeanExporter  Registering beans for JMX exposure on startup
2019-06-17 17:53:45.487 [INFO ] DefaultLifecycleProcessor  Starting beans in phase 0
2019-06-17 17:53:45.491 [INFO ] EndpointMBeanExporter  Located managed bean 'auditEventsEndpoint': registering with JMX server as MBean [org.springframework.boot:type=Endpoint,name=auditEventsEndpoint]
2019-06-17 17:53:45.522 [INFO ] EndpointMBeanExporter  Located managed bean 'requestMappingEndpoint': registering with JMX server as MBean [org.springframework.boot:type=Endpoint,name=requestMappingEndpoint]
2019-06-17 17:53:45.541 [INFO ] EndpointMBeanExporter  Located managed bean 'environmentEndpoint': registering with JMX server as MBean [org.springframework.boot:type=Endpoint,name=environmentEndpoint]
2019-06-17 17:53:45.548 [INFO ] EndpointMBeanExporter  Located managed bean 'healthEndpoint': registering with JMX server as MBean [org.springframework.boot:type=Endpoint,name=healthEndpoint]
2019-06-17 17:53:45.554 [INFO ] EndpointMBeanExporter  Located managed bean 'beansEndpoint': registering with JMX server as MBean [org.springframework.boot:type=Endpoint,name=beansEndpoint]
2019-06-17 17:53:45.560 [INFO ] EndpointMBeanExporter  Located managed bean 'infoEndpoint': registering with JMX server as MBean [org.springframework.boot:type=Endpoint,name=infoEndpoint]
2019-06-17 17:53:45.565 [INFO ] EndpointMBeanExporter  Located managed bean 'loggersEndpoint': registering with JMX server as MBean [org.springframework.boot:type=Endpoint,name=loggersEndpoint]
2019-06-17 17:53:45.578 [INFO ] EndpointMBeanExporter  Located managed bean 'metricsEndpoint': registering with JMX server as MBean [org.springframework.boot:type=Endpoint,name=metricsEndpoint]
2019-06-17 17:53:45.586 [INFO ] EndpointMBeanExporter  Located managed bean 'traceEndpoint': registering with JMX server as MBean [org.springframework.boot:type=Endpoint,name=traceEndpoint]
2019-06-17 17:53:45.592 [INFO ] EndpointMBeanExporter  Located managed bean 'dumpEndpoint': registering with JMX server as MBean [org.springframework.boot:type=Endpoint,name=dumpEndpoint]
2019-06-17 17:53:45.595 [INFO ] EndpointMBeanExporter  Located managed bean 'autoConfigurationReportEndpoint': registering with JMX server as MBean [org.springframework.boot:type=Endpoint,name=autoConfigurationReportEndpoint]
2019-06-17 17:53:45.599 [INFO ] EndpointMBeanExporter  Located managed bean 'configurationPropertiesReportEndpoint': registering with JMX server as MBean [org.springframework.boot:type=Endpoint,name=configurationPropertiesReportEndpoint]
2019-06-17 17:53:45.629 [INFO ] Http11NioProtocol  Initializing ProtocolHandler ["http-nio-8081"]
2019-06-17 17:53:45.651 [INFO ] Http11NioProtocol  Starting ProtocolHandler ["http-nio-8081"]
2019-06-17 17:53:45.674 [INFO ] NioSelectorPool  Using a shared selector for servlet write/read
2019-06-17 17:53:45.712 [INFO ] TomcatEmbeddedServletContainer  Tomcat started on port(s): 8081 (http)
2019-06-17 17:53:45.725 [INFO ] ThridypayApplication  Started ThridypayApplication in 19.852 seconds (JVM running for 22.231)
2019-06-17 17:53:49.540 [INFO ] [/]  Initializing Spring FrameworkServlet 'dispatcherServlet'
2019-06-17 17:53:49.540 [INFO ] DispatcherServlet  FrameworkServlet 'dispatcherServlet': initialization started
2019-06-17 17:53:49.625 [INFO ] DispatcherServlet  FrameworkServlet 'dispatcherServlet': initialization completed in 85 ms
2019-06-17 17:54:13.122 [INFO ] SpringBootTestContextBootstrapper  Neither @ContextConfiguration nor @ContextHierarchy found for test class [com.example.demo.ThridypayApplicationTests], using SpringBootContextLoader
2019-06-17 17:54:13.138 [INFO ] AbstractContextLoader  Could not detect default resource locations for test class [com.example.demo.ThridypayApplicationTests]: no resource found for suffixes {-context.xml, Context.groovy}.
2019-06-17 17:54:13.141 [INFO ] AnnotationConfigContextLoaderUtils  Could not detect default configuration classes for test class [com.example.demo.ThridypayApplicationTests]: ThridypayApplicationTests does not declare any static, non-private, non-final, nested classes annotated with @Configuration.
2019-06-17 17:54:13.853 [INFO ] SpringBootTestContextBootstrapper  Found @SpringBootConfiguration com.example.demo.ThridypayApplication for test class com.example.demo.ThridypayApplicationTests
2019-06-17 17:54:13.880 [INFO ] SpringBootTestContextBootstrapper  Loaded default TestExecutionListener class names from location [META-INF/spring.factories]: [org.springframework.boot.test.mock.mockito.MockitoTestExecutionListener, org.springframework.boot.test.mock.mockito.ResetMocksTestExecutionListener, org.springframework.boot.test.autoconfigure.restdocs.RestDocsTestExecutionListener, org.springframework.boot.test.autoconfigure.web.client.MockRestServiceServerResetTestExecutionListener, org.springframework.boot.test.autoconfigure.web.servlet.MockMvcPrintOnlyOnFailureTestExecutionListener, org.springframework.boot.test.autoconfigure.web.servlet.WebDriverTestExecutionListener, org.springframework.test.context.web.ServletTestExecutionListener, org.springframework.test.context.support.DirtiesContextBeforeModesTestExecutionListener, org.springframework.test.context.support.DependencyInjectionTestExecutionListener, org.springframework.test.context.support.DirtiesContextTestExecutionListener, org.springframework.test.context.transaction.TransactionalTestExecutionListener, org.springframework.test.context.jdbc.SqlScriptsTestExecutionListener]
2019-06-17 17:54:13.985 [INFO ] SpringBootTestContextBootstrapper  Using TestExecutionListeners: [org.springframework.test.context.web.ServletTestExecutionListener@2626ea08, org.springframework.test.context.support.DirtiesContextBeforeModesTestExecutionListener@44cec6c9, org.springframework.boot.test.autoconfigure.SpringBootDependencyInjectionTestExecutionListener@635cd969, org.springframework.test.context.support.DirtiesContextTestExecutionListener@64c5af75, org.springframework.test.context.transaction.TransactionalTestExecutionListener@6e825e02, org.springframework.test.context.jdbc.SqlScriptsTestExecutionListener@30ea0dfc, org.springframework.boot.test.autoconfigure.web.client.MockRestServiceServerResetTestExecutionListener@563c347a, org.springframework.boot.test.autoconfigure.web.servlet.MockMvcPrintOnlyOnFailureTestExecutionListener@a9961d1, org.springframework.boot.test.autoconfigure.web.servlet.WebDriverTestExecutionListener@5be4e5c6, org.springframework.boot.test.mock.mockito.ResetMocksTestExecutionListener@10a9594c, org.springframework.boot.test.mock.mockito.MockitoTestExecutionListener@5e25951f, org.springframework.boot.test.autoconfigure.restdocs.RestDocsTestExecutionListener@75615682]
2019-06-17 17:54:14.003 [INFO ] SpringBootTestContextBootstrapper  Neither @ContextConfiguration nor @ContextHierarchy found for test class [com.example.demo.ThridypayApplicationTests], using SpringBootContextLoader
2019-06-17 17:54:14.005 [INFO ] AbstractContextLoader  Could not detect default resource locations for test class [com.example.demo.ThridypayApplicationTests]: no resource found for suffixes {-context.xml, Context.groovy}.
2019-06-17 17:54:14.006 [INFO ] AnnotationConfigContextLoaderUtils  Could not detect default configuration classes for test class [com.example.demo.ThridypayApplicationTests]: ThridypayApplicationTests does not declare any static, non-private, non-final, nested classes annotated with @Configuration.
2019-06-17 17:54:14.084 [INFO ] SpringBootTestContextBootstrapper  Found @SpringBootConfiguration com.example.demo.ThridypayApplication for test class com.example.demo.ThridypayApplicationTests
2019-06-17 17:54:14.104 [INFO ] SpringBootTestContextBootstrapper  Loaded default TestExecutionListener class names from location [META-INF/spring.factories]: [org.springframework.boot.test.mock.mockito.MockitoTestExecutionListener, org.springframework.boot.test.mock.mockito.ResetMocksTestExecutionListener, org.springframework.boot.test.autoconfigure.restdocs.RestDocsTestExecutionListener, org.springframework.boot.test.autoconfigure.web.client.MockRestServiceServerResetTestExecutionListener, org.springframework.boot.test.autoconfigure.web.servlet.MockMvcPrintOnlyOnFailureTestExecutionListener, org.springframework.boot.test.autoconfigure.web.servlet.WebDriverTestExecutionListener, org.springframework.test.context.web.ServletTestExecutionListener, org.springframework.test.context.support.DirtiesContextBeforeModesTestExecutionListener, org.springframework.test.context.support.DependencyInjectionTestExecutionListener, org.springframework.test.context.support.DirtiesContextTestExecutionListener, org.springframework.test.context.transaction.TransactionalTestExecutionListener, org.springframework.test.context.jdbc.SqlScriptsTestExecutionListener]
2019-06-17 17:54:14.119 [INFO ] SpringBootTestContextBootstrapper  Using TestExecutionListeners: [org.springframework.test.context.web.ServletTestExecutionListener@2abd2c1e, org.springframework.test.context.support.DirtiesContextBeforeModesTestExecutionListener@699b7b7d, org.springframework.boot.test.autoconfigure.SpringBootDependencyInjectionTestExecutionListener@5ec881b5, org.springframework.test.context.support.DirtiesContextTestExecutionListener@3dbbc2b0, org.springframework.test.context.transaction.TransactionalTestExecutionListener@71ead079, org.springframework.test.context.jdbc.SqlScriptsTestExecutionListener@6f1cf25c, org.springframework.boot.test.autoconfigure.web.client.MockRestServiceServerResetTestExecutionListener@556baf01, org.springframework.boot.test.autoconfigure.web.servlet.MockMvcPrintOnlyOnFailureTestExecutionListener@10ae9677, org.springframework.boot.test.autoconfigure.web.servlet.WebDriverTestExecutionListener@3618672f, org.springframework.boot.test.mock.mockito.ResetMocksTestExecutionListener@7c1e5a67, org.springframework.boot.test.mock.mockito.MockitoTestExecutionListener@2cc15fda, org.springframework.boot.test.autoconfigure.restdocs.RestDocsTestExecutionListener@4b7bf82a]
2019-06-17 17:54:15.757 [INFO ] ThridypayApplicationTests  Starting ThridypayApplicationTests on LAPTOP-K8L84O8O with PID 30396 (started by snsoft in D:\newgetpay)
2019-06-17 17:54:15.758 [INFO ] ThridypayApplicationTests  No active profile set, falling back to default profiles: default
2019-06-17 17:54:16.577 [INFO ] GenericWebApplicationContext  Refreshing org.springframework.web.context.support.GenericWebApplicationContext@21c977ef: startup date [Mon Jun 17 17:54:16 SGT 2019]; root of context hierarchy
2019-06-17 17:54:16.793 [INFO ] Version  HV000001: Hibernate Validator 5.3.5.Final
2019-06-17 17:54:21.893 [INFO ] RepositoryConfigurationDelegate  Multiple Spring Data modules found, entering strict repository configuration mode!
2019-06-17 17:54:22.134 [INFO ] RepositoryConfigurationDelegate  Multiple Spring Data modules found, entering strict repository configuration mode!
2019-06-17 17:54:22.253 [INFO ] RepositoryConfigurationExtensionSupport  Spring Data Redis - Could not safely identify store assignment for repository candidate interface com.example.demo.Repository.proposalListRespoitory.
2019-06-17 17:54:22.255 [INFO ] RepositoryConfigurationExtensionSupport  Spring Data Redis - Could not safely identify store assignment for repository candidate interface com.example.demo.Repository.MerchatListRespository.
2019-06-17 17:54:22.258 [INFO ] RepositoryConfigurationExtensionSupport  Spring Data Redis - Could not safely identify store assignment for repository candidate interface com.example.demo.Repository.DepositRespositpory.
2019-06-17 17:54:24.235 [INFO ] AutowiredAnnotationBeanPostProcessor  JSR-330 'javax.inject.Inject' annotation found and supported for autowiring
2019-06-17 17:54:24.478 [WARN ] ParameterMessageInterpolator  HV000184: ParameterMessageInterpolator has been chosen, EL interpolation will not be supported
2019-06-17 17:54:24.968 [WARN ] ParameterMessageInterpolator  HV000184: ParameterMessageInterpolator has been chosen, EL interpolation will not be supported
2019-06-17 17:54:28.819 [INFO ] LocalContainerEntityManagerFactoryBean  Building JPA container EntityManagerFactory for persistence unit 'default'
2019-06-17 17:54:28.867 [INFO ] LogHelper  HHH000204: Processing PersistenceUnitInfo [
	name: default
	...]
2019-06-17 17:54:29.179 [INFO ] Version  HHH000412: Hibernate Core {5.0.12.Final}
2019-06-17 17:54:29.182 [INFO ] Environment  HHH000206: hibernate.properties not found
2019-06-17 17:54:29.185 [INFO ] Environment  HHH000021: Bytecode provider name : javassist
2019-06-17 17:54:29.321 [INFO ] Version  HCANN000001: Hibernate Commons Annotations {5.0.1.Final}
2019-06-17 17:54:29.758 [INFO ] Dialect  HHH000400: Using dialect: org.hibernate.dialect.MySQL5InnoDBDialect
2019-06-17 17:54:31.562 [INFO ] SchemaUpdate  HHH000228: Running hbm2ddl schema update
2019-06-17 17:54:35.565 [INFO ] LocalContainerEntityManagerFactoryBean  Initialized JPA EntityManagerFactory for persistence unit 'default'
2019-06-17 17:54:41.034 [INFO ] RequestMappingHandlerAdapter  Looking for @ControllerAdvice: org.springframework.web.context.support.GenericWebApplicationContext@21c977ef: startup date [Mon Jun 17 17:54:16 SGT 2019]; root of context hierarchy
2019-06-17 17:54:41.594 [INFO ] RequestMappingHandlerMapping  Mapped "{[/depositlist],methods=[GET]}" onto public com.example.demo.Model.Result com.example.demo.Controller.DepositController.getDepositlist()
2019-06-17 17:54:41.597 [INFO ] RequestMappingHandlerMapping  Mapped "{[/Depositlist],methods=[POST]}" onto public com.example.demo.Model.Result com.example.demo.Controller.DepositController.addDepositlist(com.example.demo.Model.DepositList)
2019-06-17 17:54:41.599 [INFO ] RequestMappingHandlerMapping  Mapped "{[/test]}" onto public java.lang.String com.example.demo.Controller.HttpController.forwardTest()
2019-06-17 17:54:41.610 [INFO ] RequestMappingHandlerMapping  Mapped "{[/error]}" onto public org.springframework.http.ResponseEntity<java.util.Map<java.lang.String, java.lang.Object>> org.springframework.boot.autoconfigure.web.BasicErrorController.error(javax.servlet.http.HttpServletRequest)
2019-06-17 17:54:41.612 [INFO ] RequestMappingHandlerMapping  Mapped "{[/error],produces=[text/html]}" onto public org.springframework.web.servlet.ModelAndView org.springframework.boot.autoconfigure.web.BasicErrorController.errorHtml(javax.servlet.http.HttpServletRequest,javax.servlet.http.HttpServletResponse)
2019-06-17 17:54:42.084 [INFO ] SimpleUrlHandlerMapping  Mapped URL path [/webjars/**] onto handler of type [class org.springframework.web.servlet.resource.ResourceHttpRequestHandler]
2019-06-17 17:54:42.085 [INFO ] SimpleUrlHandlerMapping  Mapped URL path [/**] onto handler of type [class org.springframework.web.servlet.resource.ResourceHttpRequestHandler]
2019-06-17 17:54:42.353 [INFO ] SimpleUrlHandlerMapping  Mapped URL path [/**/favicon.ico] onto handler of type [class org.springframework.web.servlet.resource.ResourceHttpRequestHandler]
2019-06-17 17:54:42.468 [WARN ] AbstractTemplateResolverConfiguration  Cannot find template location: classpath:/templates/ (please add some templates or check your Thymeleaf configuration)
2019-06-17 17:54:45.247 [INFO ] EndpointHandlerMapping  Mapped "{[/dump || /dump.json],methods=[GET],produces=[application/vnd.spring-boot.actuator.v1+json || application/json]}" onto public java.lang.Object org.springframework.boot.actuate.endpoint.mvc.EndpointMvcAdapter.invoke()
2019-06-17 17:54:45.249 [INFO ] EndpointHandlerMapping  Mapped "{[/configprops || /configprops.json],methods=[GET],produces=[application/vnd.spring-boot.actuator.v1+json || application/json]}" onto public java.lang.Object org.springframework.boot.actuate.endpoint.mvc.EndpointMvcAdapter.invoke()
2019-06-17 17:54:45.260 [INFO ] EndpointHandlerMapping  Mapped "{[/autoconfig || /autoconfig.json],methods=[GET],produces=[application/vnd.spring-boot.actuator.v1+json || application/json]}" onto public java.lang.Object org.springframework.boot.actuate.endpoint.mvc.EndpointMvcAdapter.invoke()
2019-06-17 17:54:45.263 [INFO ] EndpointHandlerMapping  Mapped "{[/trace || /trace.json],methods=[GET],produces=[application/vnd.spring-boot.actuator.v1+json || application/json]}" onto public java.lang.Object org.springframework.boot.actuate.endpoint.mvc.EndpointMvcAdapter.invoke()
2019-06-17 17:54:45.266 [INFO ] EndpointHandlerMapping  Mapped "{[/metrics/{name:.*}],methods=[GET],produces=[application/vnd.spring-boot.actuator.v1+json || application/json]}" onto public java.lang.Object org.springframework.boot.actuate.endpoint.mvc.MetricsMvcEndpoint.value(java.lang.String)
2019-06-17 17:54:45.267 [INFO ] EndpointHandlerMapping  Mapped "{[/metrics || /metrics.json],methods=[GET],produces=[application/vnd.spring-boot.actuator.v1+json || application/json]}" onto public java.lang.Object org.springframework.boot.actuate.endpoint.mvc.EndpointMvcAdapter.invoke()
2019-06-17 17:54:45.271 [INFO ] EndpointHandlerMapping  Mapped "{[/heapdump || /heapdump.json],methods=[GET],produces=[application/octet-stream]}" onto public void org.springframework.boot.actuate.endpoint.mvc.HeapdumpMvcEndpoint.invoke(boolean,javax.servlet.http.HttpServletRequest,javax.servlet.http.HttpServletResponse) throws java.io.IOException,javax.servlet.ServletException
2019-06-17 17:54:45.279 [INFO ] EndpointHandlerMapping  Mapped "{[/loggers/{name:.*}],methods=[GET],produces=[application/vnd.spring-boot.actuator.v1+json || application/json]}" onto public java.lang.Object org.springframework.boot.actuate.endpoint.mvc.LoggersMvcEndpoint.get(java.lang.String)
2019-06-17 17:54:45.281 [INFO ] EndpointHandlerMapping  Mapped "{[/loggers/{name:.*}],methods=[POST],consumes=[application/vnd.spring-boot.actuator.v1+json || application/json],produces=[application/vnd.spring-boot.actuator.v1+json || application/json]}" onto public java.lang.Object org.springframework.boot.actuate.endpoint.mvc.LoggersMvcEndpoint.set(java.lang.String,java.util.Map<java.lang.String, java.lang.String>)
2019-06-17 17:54:45.282 [INFO ] EndpointHandlerMapping  Mapped "{[/loggers || /loggers.json],methods=[GET],produces=[application/vnd.spring-boot.actuator.v1+json || application/json]}" onto public java.lang.Object org.springframework.boot.actuate.endpoint.mvc.EndpointMvcAdapter.invoke()
2019-06-17 17:54:45.285 [INFO ] EndpointHandlerMapping  Mapped "{[/auditevents || /auditevents.json],methods=[GET],produces=[application/vnd.spring-boot.actuator.v1+json || application/json]}" onto public org.springframework.http.ResponseEntity<?> org.springframework.boot.actuate.endpoint.mvc.AuditEventsMvcEndpoint.findByPrincipalAndAfterAndType(java.lang.String,java.util.Date,java.lang.String)
2019-06-17 17:54:45.290 [INFO ] EndpointHandlerMapping  Mapped "{[/env/{name:.*}],methods=[GET],produces=[application/vnd.spring-boot.actuator.v1+json || application/json]}" onto public java.lang.Object org.springframework.boot.actuate.endpoint.mvc.EnvironmentMvcEndpoint.value(java.lang.String)
2019-06-17 17:54:45.291 [INFO ] EndpointHandlerMapping  Mapped "{[/env || /env.json],methods=[GET],produces=[application/vnd.spring-boot.actuator.v1+json || application/json]}" onto public java.lang.Object org.springframework.boot.actuate.endpoint.mvc.EndpointMvcAdapter.invoke()
2019-06-17 17:54:45.293 [INFO ] EndpointHandlerMapping  Mapped "{[/mappings || /mappings.json],methods=[GET],produces=[application/vnd.spring-boot.actuator.v1+json || application/json]}" onto public java.lang.Object org.springframework.boot.actuate.endpoint.mvc.EndpointMvcAdapter.invoke()
2019-06-17 17:54:45.301 [INFO ] EndpointHandlerMapping  Mapped "{[/health || /health.json],methods=[GET],produces=[application/vnd.spring-boot.actuator.v1+json || application/json]}" onto public java.lang.Object org.springframework.boot.actuate.endpoint.mvc.HealthMvcEndpoint.invoke(javax.servlet.http.HttpServletRequest,java.security.Principal)
2019-06-17 17:54:45.309 [INFO ] EndpointHandlerMapping  Mapped "{[/beans || /beans.json],methods=[GET],produces=[application/vnd.spring-boot.actuator.v1+json || application/json]}" onto public java.lang.Object org.springframework.boot.actuate.endpoint.mvc.EndpointMvcAdapter.invoke()
2019-06-17 17:54:45.312 [INFO ] EndpointHandlerMapping  Mapped "{[/info || /info.json],methods=[GET],produces=[application/vnd.spring-boot.actuator.v1+json || application/json]}" onto public java.lang.Object org.springframework.boot.actuate.endpoint.mvc.EndpointMvcAdapter.invoke()
2019-06-17 17:54:46.497 [WARN ] RedisStarterDeprecationWarningAutoConfiguration  spring-boot-starter-redis is deprecated as of Spring Boot 1.4, please migrate to spring-boot-starter-data-redis
2019-06-17 17:54:46.876 [INFO ] ThridypayApplicationTests  Started ThridypayApplicationTests in 32.395 seconds (JVM running for 35.552)
2019-06-17 17:54:47.054 [INFO ] GenericWebApplicationContext  Closing org.springframework.web.context.support.GenericWebApplicationContext@21c977ef: startup date [Mon Jun 17 17:54:16 SGT 2019]; root of context hierarchy
2019-06-17 17:54:47.067 [INFO ] LocalContainerEntityManagerFactoryBean  Closing JPA EntityManagerFactory for persistence unit 'default'
