2019-06-18 14:11:51.969 [INFO ] SpringBootTestContextBootstrapper  Neither @ContextConfiguration nor @ContextHierarchy found for test class [com.example.demo.ThridypayApplicationTests], using SpringBootContextLoader
2019-06-18 14:11:51.985 [INFO ] AbstractContextLoader  Could not detect default resource locations for test class [com.example.demo.ThridypayApplicationTests]: no resource found for suffixes {-context.xml, Context.groovy}.
2019-06-18 14:11:51.985 [INFO ] AnnotationConfigContextLoaderUtils  Could not detect default configuration classes for test class [com.example.demo.ThridypayApplicationTests]: ThridypayApplicationTests does not declare any static, non-private, non-final, nested classes annotated with @Configuration.
2019-06-18 14:11:52.250 [INFO ] SpringBootTestContextBootstrapper  Found @SpringBootConfiguration com.example.demo.ThridypayApplication for test class com.example.demo.ThridypayApplicationTests
2019-06-18 14:11:52.266 [INFO ] SpringBootTestContextBootstrapper  Loaded default TestExecutionListener class names from location [META-INF/spring.factories]: [org.springframework.boot.test.mock.mockito.MockitoTestExecutionListener, org.springframework.boot.test.mock.mockito.ResetMocksTestExecutionListener, org.springframework.boot.test.autoconfigure.restdocs.RestDocsTestExecutionListener, org.springframework.boot.test.autoconfigure.web.client.MockRestServiceServerResetTestExecutionListener, org.springframework.boot.test.autoconfigure.web.servlet.MockMvcPrintOnlyOnFailureTestExecutionListener, org.springframework.boot.test.autoconfigure.web.servlet.WebDriverTestExecutionListener, org.springframework.test.context.web.ServletTestExecutionListener, org.springframework.test.context.support.DirtiesContextBeforeModesTestExecutionListener, org.springframework.test.context.support.DependencyInjectionTestExecutionListener, org.springframework.test.context.support.DirtiesContextTestExecutionListener, org.springframework.test.context.transaction.TransactionalTestExecutionListener, org.springframework.test.context.jdbc.SqlScriptsTestExecutionListener]
2019-06-18 14:11:52.328 [INFO ] SpringBootTestContextBootstrapper  Using TestExecutionListeners: [org.springframework.test.context.web.ServletTestExecutionListener@635cd969, org.springframework.test.context.support.DirtiesContextBeforeModesTestExecutionListener@64c5af75, org.springframework.boot.test.autoconfigure.SpringBootDependencyInjectionTestExecutionListener@6e825e02, org.springframework.test.context.support.DirtiesContextTestExecutionListener@30ea0dfc, org.springframework.test.context.transaction.TransactionalTestExecutionListener@563c347a, org.springframework.test.context.jdbc.SqlScriptsTestExecutionListener@a9961d1, org.springframework.boot.test.autoconfigure.web.servlet.WebDriverTestExecutionListener@5be4e5c6, org.springframework.boot.test.mock.mockito.MockitoTestExecutionListener@10a9594c, org.springframework.boot.test.autoconfigure.restdocs.RestDocsTestExecutionListener@5e25951f, org.springframework.boot.test.autoconfigure.web.client.MockRestServiceServerResetTestExecutionListener@75615682, org.springframework.boot.test.autoconfigure.web.servlet.MockMvcPrintOnlyOnFailureTestExecutionListener@4976ad02, org.springframework.boot.test.mock.mockito.ResetMocksTestExecutionListener@e5883fc]
2019-06-18 14:11:52.344 [INFO ] SpringBootTestContextBootstrapper  Neither @ContextConfiguration nor @ContextHierarchy found for test class [com.example.demo.ThridypayApplicationTests], using SpringBootContextLoader
2019-06-18 14:11:52.344 [INFO ] AbstractContextLoader  Could not detect default resource locations for test class [com.example.demo.ThridypayApplicationTests]: no resource found for suffixes {-context.xml, Context.groovy}.
2019-06-18 14:11:52.344 [INFO ] AnnotationConfigContextLoaderUtils  Could not detect default configuration classes for test class [com.example.demo.ThridypayApplicationTests]: ThridypayApplicationTests does not declare any static, non-private, non-final, nested classes annotated with @Configuration.
2019-06-18 14:11:52.360 [INFO ] SpringBootTestContextBootstrapper  Found @SpringBootConfiguration com.example.demo.ThridypayApplication for test class com.example.demo.ThridypayApplicationTests
2019-06-18 14:11:52.375 [INFO ] SpringBootTestContextBootstrapper  Loaded default TestExecutionListener class names from location [META-INF/spring.factories]: [org.springframework.boot.test.mock.mockito.MockitoTestExecutionListener, org.springframework.boot.test.mock.mockito.ResetMocksTestExecutionListener, org.springframework.boot.test.autoconfigure.restdocs.RestDocsTestExecutionListener, org.springframework.boot.test.autoconfigure.web.client.MockRestServiceServerResetTestExecutionListener, org.springframework.boot.test.autoconfigure.web.servlet.MockMvcPrintOnlyOnFailureTestExecutionListener, org.springframework.boot.test.autoconfigure.web.servlet.WebDriverTestExecutionListener, org.springframework.test.context.web.ServletTestExecutionListener, org.springframework.test.context.support.DirtiesContextBeforeModesTestExecutionListener, org.springframework.test.context.support.DependencyInjectionTestExecutionListener, org.springframework.test.context.support.DirtiesContextTestExecutionListener, org.springframework.test.context.transaction.TransactionalTestExecutionListener, org.springframework.test.context.jdbc.SqlScriptsTestExecutionListener]
2019-06-18 14:11:52.375 [INFO ] SpringBootTestContextBootstrapper  Using TestExecutionListeners: [org.springframework.test.context.web.ServletTestExecutionListener@5ec881b5, org.springframework.test.context.support.DirtiesContextBeforeModesTestExecutionListener@3dbbc2b0, org.springframework.boot.test.autoconfigure.SpringBootDependencyInjectionTestExecutionListener@71ead079, org.springframework.test.context.support.DirtiesContextTestExecutionListener@6f1cf25c, org.springframework.test.context.transaction.TransactionalTestExecutionListener@556baf01, org.springframework.test.context.jdbc.SqlScriptsTestExecutionListener@10ae9677, org.springframework.boot.test.autoconfigure.web.servlet.WebDriverTestExecutionListener@3618672f, org.springframework.boot.test.mock.mockito.MockitoTestExecutionListener@7c1e5a67, org.springframework.boot.test.autoconfigure.restdocs.RestDocsTestExecutionListener@2cc15fda, org.springframework.boot.test.autoconfigure.web.client.MockRestServiceServerResetTestExecutionListener@4b7bf82a, org.springframework.boot.test.autoconfigure.web.servlet.MockMvcPrintOnlyOnFailureTestExecutionListener@37e1b41d, org.springframework.boot.test.mock.mockito.ResetMocksTestExecutionListener@42f7f894]
2019-06-18 14:11:53.235 [INFO ] ThridypayApplicationTests  Starting ThridypayApplicationTests on LAPTOP-K8L84O8O with PID 37908 (started by snsoft in D:\newgetpay)
2019-06-18 14:11:53.235 [INFO ] ThridypayApplicationTests  No active profile set, falling back to default profiles: default
2019-06-18 14:11:53.829 [INFO ] GenericWebApplicationContext  Refreshing org.springframework.web.context.support.GenericWebApplicationContext@1e6d7f85: startup date [Tue Jun 18 14:11:53 SGT 2019]; root of context hierarchy
2019-06-18 14:11:54.000 [INFO ] Version  HV000001: Hibernate Validator 5.3.5.Final
2019-06-18 14:11:57.000 [INFO ] RepositoryConfigurationDelegate  Multiple Spring Data modules found, entering strict repository configuration mode!
2019-06-18 14:11:57.172 [INFO ] RepositoryConfigurationDelegate  Multiple Spring Data modules found, entering strict repository configuration mode!
2019-06-18 14:11:57.250 [INFO ] RepositoryConfigurationExtensionSupport  Spring Data Redis - Could not safely identify store assignment for repository candidate interface com.example.demo.Repository.proposalListRespoitory.
2019-06-18 14:11:57.250 [INFO ] RepositoryConfigurationExtensionSupport  Spring Data Redis - Could not safely identify store assignment for repository candidate interface com.example.demo.Repository.MerchatListRespository.
2019-06-18 14:11:57.250 [INFO ] RepositoryConfigurationExtensionSupport  Spring Data Redis - Could not safely identify store assignment for repository candidate interface com.example.demo.Repository.DepositRespositpory.
2019-06-18 14:11:59.422 [INFO ] AutowiredAnnotationBeanPostProcessor  JSR-330 'javax.inject.Inject' annotation found and supported for autowiring
2019-06-18 14:11:59.744 [WARN ] ParameterMessageInterpolator  HV000184: ParameterMessageInterpolator has been chosen, EL interpolation will not be supported
2019-06-18 14:12:00.119 [WARN ] ParameterMessageInterpolator  HV000184: ParameterMessageInterpolator has been chosen, EL interpolation will not be supported
2019-06-18 14:12:04.391 [INFO ] LocalContainerEntityManagerFactoryBean  Building JPA container EntityManagerFactory for persistence unit 'default'
2019-06-18 14:12:04.438 [INFO ] LogHelper  HHH000204: Processing PersistenceUnitInfo [
	name: default
	...]
2019-06-18 14:12:04.750 [INFO ] Version  HHH000412: Hibernate Core {5.0.12.Final}
2019-06-18 14:12:04.750 [INFO ] Environment  HHH000206: hibernate.properties not found
2019-06-18 14:12:04.750 [INFO ] Environment  HHH000021: Bytecode provider name : javassist
2019-06-18 14:12:04.860 [INFO ] Version  HCANN000001: Hibernate Commons Annotations {5.0.1.Final}
2019-06-18 14:12:05.250 [INFO ] Dialect  HHH000400: Using dialect: org.hibernate.dialect.MySQL5InnoDBDialect
2019-06-18 14:12:06.594 [INFO ] SchemaUpdate  HHH000228: Running hbm2ddl schema update
2019-06-18 14:12:11.059 [INFO ] LocalContainerEntityManagerFactoryBean  Initialized JPA EntityManagerFactory for persistence unit 'default'
2019-06-18 14:12:14.563 [INFO ] RequestMappingHandlerAdapter  Looking for @ControllerAdvice: org.springframework.web.context.support.GenericWebApplicationContext@1e6d7f85: startup date [Tue Jun 18 14:11:53 SGT 2019]; root of context hierarchy
2019-06-18 14:12:14.735 [INFO ] RequestMappingHandlerMapping  Mapped "{[/Depositlist],methods=[POST]}" onto public com.example.demo.Model.Result com.example.demo.Controller.DepositController.addDepositlist(com.example.demo.Model.DepositList)
2019-06-18 14:12:14.735 [INFO ] RequestMappingHandlerMapping  Mapped "{[/depositlist],methods=[GET]}" onto public com.example.demo.Model.Result com.example.demo.Controller.DepositController.getDepositlist()
2019-06-18 14:12:14.735 [INFO ] RequestMappingHandlerMapping  Mapped "{[/test]}" onto public java.lang.String com.example.demo.Controller.HttpController.forwardTest()
2019-06-18 14:12:14.735 [INFO ] RequestMappingHandlerMapping  Mapped "{[/error]}" onto public org.springframework.http.ResponseEntity<java.util.Map<java.lang.String, java.lang.Object>> org.springframework.boot.autoconfigure.web.BasicErrorController.error(javax.servlet.http.HttpServletRequest)
2019-06-18 14:12:14.735 [INFO ] RequestMappingHandlerMapping  Mapped "{[/error],produces=[text/html]}" onto public org.springframework.web.servlet.ModelAndView org.springframework.boot.autoconfigure.web.BasicErrorController.errorHtml(javax.servlet.http.HttpServletRequest,javax.servlet.http.HttpServletResponse)
2019-06-18 14:12:14.860 [INFO ] SimpleUrlHandlerMapping  Mapped URL path [/webjars/**] onto handler of type [class org.springframework.web.servlet.resource.ResourceHttpRequestHandler]
2019-06-18 14:12:14.860 [INFO ] SimpleUrlHandlerMapping  Mapped URL path [/**] onto handler of type [class org.springframework.web.servlet.resource.ResourceHttpRequestHandler]
2019-06-18 14:12:15.079 [INFO ] SimpleUrlHandlerMapping  Mapped URL path [/**/favicon.ico] onto handler of type [class org.springframework.web.servlet.resource.ResourceHttpRequestHandler]
2019-06-18 14:12:15.235 [WARN ] AbstractTemplateResolverConfiguration  Cannot find template location: classpath:/templates/ (please add some templates or check your Thymeleaf configuration)
2019-06-18 14:12:17.876 [INFO ] EndpointHandlerMapping  Mapped "{[/autoconfig || /autoconfig.json],methods=[GET],produces=[application/vnd.spring-boot.actuator.v1+json || application/json]}" onto public java.lang.Object org.springframework.boot.actuate.endpoint.mvc.EndpointMvcAdapter.invoke()
2019-06-18 14:12:17.876 [INFO ] EndpointHandlerMapping  Mapped "{[/metrics/{name:.*}],methods=[GET],produces=[application/vnd.spring-boot.actuator.v1+json || application/json]}" onto public java.lang.Object org.springframework.boot.actuate.endpoint.mvc.MetricsMvcEndpoint.value(java.lang.String)
2019-06-18 14:12:17.876 [INFO ] EndpointHandlerMapping  Mapped "{[/metrics || /metrics.json],methods=[GET],produces=[application/vnd.spring-boot.actuator.v1+json || application/json]}" onto public java.lang.Object org.springframework.boot.actuate.endpoint.mvc.EndpointMvcAdapter.invoke()
2019-06-18 14:12:17.876 [INFO ] EndpointHandlerMapping  Mapped "{[/heapdump || /heapdump.json],methods=[GET],produces=[application/octet-stream]}" onto public void org.springframework.boot.actuate.endpoint.mvc.HeapdumpMvcEndpoint.invoke(boolean,javax.servlet.http.HttpServletRequest,javax.servlet.http.HttpServletResponse) throws java.io.IOException,javax.servlet.ServletException
2019-06-18 14:12:17.876 [INFO ] EndpointHandlerMapping  Mapped "{[/configprops || /configprops.json],methods=[GET],produces=[application/vnd.spring-boot.actuator.v1+json || application/json]}" onto public java.lang.Object org.springframework.boot.actuate.endpoint.mvc.EndpointMvcAdapter.invoke()
2019-06-18 14:12:17.876 [INFO ] EndpointHandlerMapping  Mapped "{[/trace || /trace.json],methods=[GET],produces=[application/vnd.spring-boot.actuator.v1+json || application/json]}" onto public java.lang.Object org.springframework.boot.actuate.endpoint.mvc.EndpointMvcAdapter.invoke()
2019-06-18 14:12:17.876 [INFO ] EndpointHandlerMapping  Mapped "{[/loggers/{name:.*}],methods=[GET],produces=[application/vnd.spring-boot.actuator.v1+json || application/json]}" onto public java.lang.Object org.springframework.boot.actuate.endpoint.mvc.LoggersMvcEndpoint.get(java.lang.String)
2019-06-18 14:12:17.876 [INFO ] EndpointHandlerMapping  Mapped "{[/loggers/{name:.*}],methods=[POST],consumes=[application/vnd.spring-boot.actuator.v1+json || application/json],produces=[application/vnd.spring-boot.actuator.v1+json || application/json]}" onto public java.lang.Object org.springframework.boot.actuate.endpoint.mvc.LoggersMvcEndpoint.set(java.lang.String,java.util.Map<java.lang.String, java.lang.String>)
2019-06-18 14:12:17.876 [INFO ] EndpointHandlerMapping  Mapped "{[/loggers || /loggers.json],methods=[GET],produces=[application/vnd.spring-boot.actuator.v1+json || application/json]}" onto public java.lang.Object org.springframework.boot.actuate.endpoint.mvc.EndpointMvcAdapter.invoke()
2019-06-18 14:12:17.892 [INFO ] EndpointHandlerMapping  Mapped "{[/info || /info.json],methods=[GET],produces=[application/vnd.spring-boot.actuator.v1+json || application/json]}" onto public java.lang.Object org.springframework.boot.actuate.endpoint.mvc.EndpointMvcAdapter.invoke()
2019-06-18 14:12:17.892 [INFO ] EndpointHandlerMapping  Mapped "{[/dump || /dump.json],methods=[GET],produces=[application/vnd.spring-boot.actuator.v1+json || application/json]}" onto public java.lang.Object org.springframework.boot.actuate.endpoint.mvc.EndpointMvcAdapter.invoke()
2019-06-18 14:12:17.892 [INFO ] EndpointHandlerMapping  Mapped "{[/beans || /beans.json],methods=[GET],produces=[application/vnd.spring-boot.actuator.v1+json || application/json]}" onto public java.lang.Object org.springframework.boot.actuate.endpoint.mvc.EndpointMvcAdapter.invoke()
2019-06-18 14:12:17.892 [INFO ] EndpointHandlerMapping  Mapped "{[/health || /health.json],methods=[GET],produces=[application/vnd.spring-boot.actuator.v1+json || application/json]}" onto public java.lang.Object org.springframework.boot.actuate.endpoint.mvc.HealthMvcEndpoint.invoke(javax.servlet.http.HttpServletRequest,java.security.Principal)
2019-06-18 14:12:17.892 [INFO ] EndpointHandlerMapping  Mapped "{[/mappings || /mappings.json],methods=[GET],produces=[application/vnd.spring-boot.actuator.v1+json || application/json]}" onto public java.lang.Object org.springframework.boot.actuate.endpoint.mvc.EndpointMvcAdapter.invoke()
2019-06-18 14:12:17.892 [INFO ] EndpointHandlerMapping  Mapped "{[/env/{name:.*}],methods=[GET],produces=[application/vnd.spring-boot.actuator.v1+json || application/json]}" onto public java.lang.Object org.springframework.boot.actuate.endpoint.mvc.EnvironmentMvcEndpoint.value(java.lang.String)
2019-06-18 14:12:17.892 [INFO ] EndpointHandlerMapping  Mapped "{[/env || /env.json],methods=[GET],produces=[application/vnd.spring-boot.actuator.v1+json || application/json]}" onto public java.lang.Object org.springframework.boot.actuate.endpoint.mvc.EndpointMvcAdapter.invoke()
2019-06-18 14:12:17.892 [INFO ] EndpointHandlerMapping  Mapped "{[/auditevents || /auditevents.json],methods=[GET],produces=[application/vnd.spring-boot.actuator.v1+json || application/json]}" onto public org.springframework.http.ResponseEntity<?> org.springframework.boot.actuate.endpoint.mvc.AuditEventsMvcEndpoint.findByPrincipalAndAfterAndType(java.lang.String,java.util.Date,java.lang.String)
2019-06-18 14:12:19.137 [WARN ] RedisStarterDeprecationWarningAutoConfiguration  spring-boot-starter-redis is deprecated as of Spring Boot 1.4, please migrate to spring-boot-starter-data-redis
2019-06-18 14:12:19.559 [INFO ] ThridypayApplicationTests  Started ThridypayApplicationTests in 26.996 seconds (JVM running for 28.744)
2019-06-18 14:12:19.731 [INFO ] GenericWebApplicationContext  Closing org.springframework.web.context.support.GenericWebApplicationContext@1e6d7f85: startup date [Tue Jun 18 14:11:53 SGT 2019]; root of context hierarchy
2019-06-18 14:12:19.731 [INFO ] LocalContainerEntityManagerFactoryBean  Closing JPA EntityManagerFactory for persistence unit 'default'
2019-06-18 14:36:02.734 [INFO ] ThridypayApplication  Starting ThridypayApplication on LAPTOP-K8L84O8O with PID 44232 (D:\newgetpay\target\classes started by snsoft in D:\newgetpay)
2019-06-18 14:36:02.740 [INFO ] ThridypayApplication  No active profile set, falling back to default profiles: default
2019-06-18 14:36:03.345 [INFO ] Version  HV000001: Hibernate Validator 5.3.5.Final
2019-06-18 14:36:03.435 [INFO ] AnnotationConfigEmbeddedWebApplicationContext  Refreshing org.springframework.boot.context.embedded.AnnotationConfigEmbeddedWebApplicationContext@294425a7: startup date [Tue Jun 18 14:36:03 SGT 2019]; root of context hierarchy
2019-06-18 14:36:05.211 [INFO ] RepositoryConfigurationDelegate  Multiple Spring Data modules found, entering strict repository configuration mode!
2019-06-18 14:36:05.270 [INFO ] RepositoryConfigurationDelegate  Multiple Spring Data modules found, entering strict repository configuration mode!
2019-06-18 14:36:05.300 [INFO ] RepositoryConfigurationExtensionSupport  Spring Data Redis - Could not safely identify store assignment for repository candidate interface com.example.demo.Repository.DepositRespositpory.
2019-06-18 14:36:05.301 [INFO ] RepositoryConfigurationExtensionSupport  Spring Data Redis - Could not safely identify store assignment for repository candidate interface com.example.demo.Repository.MerchatListRespository.
2019-06-18 14:36:05.301 [INFO ] RepositoryConfigurationExtensionSupport  Spring Data Redis - Could not safely identify store assignment for repository candidate interface com.example.demo.Repository.proposalListRespoitory.
2019-06-18 14:36:06.929 [INFO ] TomcatEmbeddedServletContainer  Tomcat initialized with port(s): 8081 (http)
2019-06-18 14:36:06.942 [INFO ] StandardService  Starting service [Tomcat]
2019-06-18 14:36:06.943 [INFO ] StandardEngine  Starting Servlet Engine: Apache Tomcat/8.5.15
2019-06-18 14:36:07.140 [INFO ] [/]  Initializing Spring embedded WebApplicationContext
2019-06-18 14:36:07.141 [INFO ] ContextLoader  Root WebApplicationContext: initialization completed in 3706 ms
2019-06-18 14:36:07.551 [INFO ] ServletRegistrationBean  Mapping servlet: 'dispatcherServlet' to [/]
2019-06-18 14:36:07.556 [INFO ] FilterRegistrationBean  Mapping filter: 'metricsFilter' to: [/*]
2019-06-18 14:36:07.556 [INFO ] FilterRegistrationBean  Mapping filter: 'characterEncodingFilter' to: [/*]
2019-06-18 14:36:07.556 [INFO ] FilterRegistrationBean  Mapping filter: 'hiddenHttpMethodFilter' to: [/*]
2019-06-18 14:36:07.556 [INFO ] FilterRegistrationBean  Mapping filter: 'httpPutFormContentFilter' to: [/*]
2019-06-18 14:36:07.556 [INFO ] FilterRegistrationBean  Mapping filter: 'requestContextFilter' to: [/*]
2019-06-18 14:36:07.557 [INFO ] FilterRegistrationBean  Mapping filter: 'webRequestLoggingFilter' to: [/*]
2019-06-18 14:36:07.557 [INFO ] FilterRegistrationBean  Mapping filter: 'applicationContextIdFilter' to: [/*]
2019-06-18 14:36:17.347 [INFO ] LocalContainerEntityManagerFactoryBean  Building JPA container EntityManagerFactory for persistence unit 'default'
2019-06-18 14:36:17.359 [INFO ] LogHelper  HHH000204: Processing PersistenceUnitInfo [
	name: default
	...]
2019-06-18 14:36:17.442 [INFO ] Version  HHH000412: Hibernate Core {5.0.12.Final}
2019-06-18 14:36:17.443 [INFO ] Environment  HHH000206: hibernate.properties not found
2019-06-18 14:36:17.444 [INFO ] Environment  HHH000021: Bytecode provider name : javassist
2019-06-18 14:36:17.503 [INFO ] Version  HCANN000001: Hibernate Commons Annotations {5.0.1.Final}
2019-06-18 14:36:17.750 [INFO ] Dialect  HHH000400: Using dialect: org.hibernate.dialect.MySQL5InnoDBDialect
2019-06-18 14:36:18.162 [INFO ] SchemaUpdate  HHH000228: Running hbm2ddl schema update
2019-06-18 14:36:23.700 [INFO ] LocalContainerEntityManagerFactoryBean  Initialized JPA EntityManagerFactory for persistence unit 'default'
2019-06-18 14:36:25.029 [INFO ] RequestMappingHandlerAdapter  Looking for @ControllerAdvice: org.springframework.boot.context.embedded.AnnotationConfigEmbeddedWebApplicationContext@294425a7: startup date [Tue Jun 18 14:36:03 SGT 2019]; root of context hierarchy
2019-06-18 14:36:25.106 [INFO ] RequestMappingHandlerMapping  Mapped "{[/depositlist],methods=[GET]}" onto public com.example.demo.Model.Result com.example.demo.Controller.DepositController.getDepositlist()
2019-06-18 14:36:25.108 [INFO ] RequestMappingHandlerMapping  Mapped "{[/Depositlist],methods=[POST]}" onto public com.example.demo.Model.Result com.example.demo.Controller.DepositController.addDepositlist(com.example.demo.Model.DepositList)
2019-06-18 14:36:25.109 [INFO ] RequestMappingHandlerMapping  Mapped "{[/test]}" onto public java.lang.String com.example.demo.Controller.HttpController.forwardTest()
2019-06-18 14:36:25.111 [INFO ] RequestMappingHandlerMapping  Mapped "{[/error]}" onto public org.springframework.http.ResponseEntity<java.util.Map<java.lang.String, java.lang.Object>> org.springframework.boot.autoconfigure.web.BasicErrorController.error(javax.servlet.http.HttpServletRequest)
2019-06-18 14:36:25.111 [INFO ] RequestMappingHandlerMapping  Mapped "{[/error],produces=[text/html]}" onto public org.springframework.web.servlet.ModelAndView org.springframework.boot.autoconfigure.web.BasicErrorController.errorHtml(javax.servlet.http.HttpServletRequest,javax.servlet.http.HttpServletResponse)
2019-06-18 14:36:25.158 [INFO ] SimpleUrlHandlerMapping  Mapped URL path [/webjars/**] onto handler of type [class org.springframework.web.servlet.resource.ResourceHttpRequestHandler]
2019-06-18 14:36:25.159 [INFO ] SimpleUrlHandlerMapping  Mapped URL path [/**] onto handler of type [class org.springframework.web.servlet.resource.ResourceHttpRequestHandler]
2019-06-18 14:36:25.206 [INFO ] SimpleUrlHandlerMapping  Mapped URL path [/**/favicon.ico] onto handler of type [class org.springframework.web.servlet.resource.ResourceHttpRequestHandler]
2019-06-18 14:36:25.250 [WARN ] AbstractTemplateResolverConfiguration  Cannot find template location: classpath:/templates/ (please add some templates or check your Thymeleaf configuration)
2019-06-18 14:36:26.082 [INFO ] EndpointHandlerMapping  Mapped "{[/health || /health.json],methods=[GET],produces=[application/vnd.spring-boot.actuator.v1+json || application/json]}" onto public java.lang.Object org.springframework.boot.actuate.endpoint.mvc.HealthMvcEndpoint.invoke(javax.servlet.http.HttpServletRequest,java.security.Principal)
2019-06-18 14:36:26.082 [INFO ] EndpointHandlerMapping  Mapped "{[/beans || /beans.json],methods=[GET],produces=[application/vnd.spring-boot.actuator.v1+json || application/json]}" onto public java.lang.Object org.springframework.boot.actuate.endpoint.mvc.EndpointMvcAdapter.invoke()
2019-06-18 14:36:26.083 [INFO ] EndpointHandlerMapping  Mapped "{[/auditevents || /auditevents.json],methods=[GET],produces=[application/vnd.spring-boot.actuator.v1+json || application/json]}" onto public org.springframework.http.ResponseEntity<?> org.springframework.boot.actuate.endpoint.mvc.AuditEventsMvcEndpoint.findByPrincipalAndAfterAndType(java.lang.String,java.util.Date,java.lang.String)
2019-06-18 14:36:26.084 [INFO ] EndpointHandlerMapping  Mapped "{[/trace || /trace.json],methods=[GET],produces=[application/vnd.spring-boot.actuator.v1+json || application/json]}" onto public java.lang.Object org.springframework.boot.actuate.endpoint.mvc.EndpointMvcAdapter.invoke()
2019-06-18 14:36:26.084 [INFO ] EndpointHandlerMapping  Mapped "{[/configprops || /configprops.json],methods=[GET],produces=[application/vnd.spring-boot.actuator.v1+json || application/json]}" onto public java.lang.Object org.springframework.boot.actuate.endpoint.mvc.EndpointMvcAdapter.invoke()
2019-06-18 14:36:26.085 [INFO ] EndpointHandlerMapping  Mapped "{[/info || /info.json],methods=[GET],produces=[application/vnd.spring-boot.actuator.v1+json || application/json]}" onto public java.lang.Object org.springframework.boot.actuate.endpoint.mvc.EndpointMvcAdapter.invoke()
2019-06-18 14:36:26.088 [INFO ] EndpointHandlerMapping  Mapped "{[/loggers/{name:.*}],methods=[GET],produces=[application/vnd.spring-boot.actuator.v1+json || application/json]}" onto public java.lang.Object org.springframework.boot.actuate.endpoint.mvc.LoggersMvcEndpoint.get(java.lang.String)
2019-06-18 14:36:26.088 [INFO ] EndpointHandlerMapping  Mapped "{[/loggers/{name:.*}],methods=[POST],consumes=[application/vnd.spring-boot.actuator.v1+json || application/json],produces=[application/vnd.spring-boot.actuator.v1+json || application/json]}" onto public java.lang.Object org.springframework.boot.actuate.endpoint.mvc.LoggersMvcEndpoint.set(java.lang.String,java.util.Map<java.lang.String, java.lang.String>)
2019-06-18 14:36:26.088 [INFO ] EndpointHandlerMapping  Mapped "{[/loggers || /loggers.json],methods=[GET],produces=[application/vnd.spring-boot.actuator.v1+json || application/json]}" onto public java.lang.Object org.springframework.boot.actuate.endpoint.mvc.EndpointMvcAdapter.invoke()
2019-06-18 14:36:26.089 [INFO ] EndpointHandlerMapping  Mapped "{[/dump || /dump.json],methods=[GET],produces=[application/vnd.spring-boot.actuator.v1+json || application/json]}" onto public java.lang.Object org.springframework.boot.actuate.endpoint.mvc.EndpointMvcAdapter.invoke()
2019-06-18 14:36:26.090 [INFO ] EndpointHandlerMapping  Mapped "{[/mappings || /mappings.json],methods=[GET],produces=[application/vnd.spring-boot.actuator.v1+json || application/json]}" onto public java.lang.Object org.springframework.boot.actuate.endpoint.mvc.EndpointMvcAdapter.invoke()
2019-06-18 14:36:26.091 [INFO ] EndpointHandlerMapping  Mapped "{[/heapdump || /heapdump.json],methods=[GET],produces=[application/octet-stream]}" onto public void org.springframework.boot.actuate.endpoint.mvc.HeapdumpMvcEndpoint.invoke(boolean,javax.servlet.http.HttpServletRequest,javax.servlet.http.HttpServletResponse) throws java.io.IOException,javax.servlet.ServletException
2019-06-18 14:36:26.091 [INFO ] EndpointHandlerMapping  Mapped "{[/metrics/{name:.*}],methods=[GET],produces=[application/vnd.spring-boot.actuator.v1+json || application/json]}" onto public java.lang.Object org.springframework.boot.actuate.endpoint.mvc.MetricsMvcEndpoint.value(java.lang.String)
2019-06-18 14:36:26.091 [INFO ] EndpointHandlerMapping  Mapped "{[/metrics || /metrics.json],methods=[GET],produces=[application/vnd.spring-boot.actuator.v1+json || application/json]}" onto public java.lang.Object org.springframework.boot.actuate.endpoint.mvc.EndpointMvcAdapter.invoke()
2019-06-18 14:36:26.092 [INFO ] EndpointHandlerMapping  Mapped "{[/autoconfig || /autoconfig.json],methods=[GET],produces=[application/vnd.spring-boot.actuator.v1+json || application/json]}" onto public java.lang.Object org.springframework.boot.actuate.endpoint.mvc.EndpointMvcAdapter.invoke()
2019-06-18 14:36:26.093 [INFO ] EndpointHandlerMapping  Mapped "{[/env/{name:.*}],methods=[GET],produces=[application/vnd.spring-boot.actuator.v1+json || application/json]}" onto public java.lang.Object org.springframework.boot.actuate.endpoint.mvc.EnvironmentMvcEndpoint.value(java.lang.String)
2019-06-18 14:36:26.093 [INFO ] EndpointHandlerMapping  Mapped "{[/env || /env.json],methods=[GET],produces=[application/vnd.spring-boot.actuator.v1+json || application/json]}" onto public java.lang.Object org.springframework.boot.actuate.endpoint.mvc.EndpointMvcAdapter.invoke()
2019-06-18 14:36:26.412 [WARN ] RedisStarterDeprecationWarningAutoConfiguration  spring-boot-starter-redis is deprecated as of Spring Boot 1.4, please migrate to spring-boot-starter-data-redis
2019-06-18 14:36:26.487 [INFO ] AnnotationMBeanExporter  Registering beans for JMX exposure on startup
2019-06-18 14:36:26.497 [INFO ] EndpointMBeanExporter  Registering beans for JMX exposure on startup
2019-06-18 14:36:26.505 [INFO ] DefaultLifecycleProcessor  Starting beans in phase 0
2019-06-18 14:36:26.508 [INFO ] EndpointMBeanExporter  Located managed bean 'auditEventsEndpoint': registering with JMX server as MBean [org.springframework.boot:type=Endpoint,name=auditEventsEndpoint]
2019-06-18 14:36:26.530 [INFO ] EndpointMBeanExporter  Located managed bean 'requestMappingEndpoint': registering with JMX server as MBean [org.springframework.boot:type=Endpoint,name=requestMappingEndpoint]
2019-06-18 14:36:26.539 [INFO ] EndpointMBeanExporter  Located managed bean 'environmentEndpoint': registering with JMX server as MBean [org.springframework.boot:type=Endpoint,name=environmentEndpoint]
2019-06-18 14:36:26.545 [INFO ] EndpointMBeanExporter  Located managed bean 'healthEndpoint': registering with JMX server as MBean [org.springframework.boot:type=Endpoint,name=healthEndpoint]
2019-06-18 14:36:26.549 [INFO ] EndpointMBeanExporter  Located managed bean 'beansEndpoint': registering with JMX server as MBean [org.springframework.boot:type=Endpoint,name=beansEndpoint]
2019-06-18 14:36:26.552 [INFO ] EndpointMBeanExporter  Located managed bean 'infoEndpoint': registering with JMX server as MBean [org.springframework.boot:type=Endpoint,name=infoEndpoint]
2019-06-18 14:36:26.562 [INFO ] EndpointMBeanExporter  Located managed bean 'loggersEndpoint': registering with JMX server as MBean [org.springframework.boot:type=Endpoint,name=loggersEndpoint]
2019-06-18 14:36:26.567 [INFO ] EndpointMBeanExporter  Located managed bean 'metricsEndpoint': registering with JMX server as MBean [org.springframework.boot:type=Endpoint,name=metricsEndpoint]
2019-06-18 14:36:26.570 [INFO ] EndpointMBeanExporter  Located managed bean 'traceEndpoint': registering with JMX server as MBean [org.springframework.boot:type=Endpoint,name=traceEndpoint]
2019-06-18 14:36:26.573 [INFO ] EndpointMBeanExporter  Located managed bean 'dumpEndpoint': registering with JMX server as MBean [org.springframework.boot:type=Endpoint,name=dumpEndpoint]
2019-06-18 14:36:26.575 [INFO ] EndpointMBeanExporter  Located managed bean 'autoConfigurationReportEndpoint': registering with JMX server as MBean [org.springframework.boot:type=Endpoint,name=autoConfigurationReportEndpoint]
2019-06-18 14:36:26.578 [INFO ] EndpointMBeanExporter  Located managed bean 'configurationPropertiesReportEndpoint': registering with JMX server as MBean [org.springframework.boot:type=Endpoint,name=configurationPropertiesReportEndpoint]
2019-06-18 14:36:26.596 [INFO ] Http11NioProtocol  Initializing ProtocolHandler ["http-nio-8081"]
2019-06-18 14:36:26.605 [INFO ] Http11NioProtocol  Starting ProtocolHandler ["http-nio-8081"]
2019-06-18 14:36:26.611 [ERROR] Http11NioProtocol  Failed to start end point associated with ProtocolHandler ["http-nio-8081"]
java.net.BindException: Address already in use: bind
	at sun.nio.ch.Net.bind0(Native Method)
	at sun.nio.ch.Net.bind(Net.java:433)
	at sun.nio.ch.Net.bind(Net.java:425)
	at sun.nio.ch.ServerSocketChannelImpl.bind(ServerSocketChannelImpl.java:223)
	at sun.nio.ch.ServerSocketAdaptor.bind(ServerSocketAdaptor.java:74)
	at org.apache.tomcat.util.net.NioEndpoint.bind(NioEndpoint.java:210)
	at org.apache.tomcat.util.net.AbstractEndpoint.start(AbstractEndpoint.java:978)
	at org.apache.coyote.AbstractProtocol.start(AbstractProtocol.java:628)
	at org.apache.catalina.connector.Connector.startInternal(Connector.java:1022)
	at org.apache.catalina.util.LifecycleBase.start(LifecycleBase.java:150)
	at org.apache.catalina.core.StandardService.addConnector(StandardService.java:225)
	at org.springframework.boot.context.embedded.tomcat.TomcatEmbeddedServletContainer.addPreviouslyRemovedConnectors(TomcatEmbeddedServletContainer.java:250)
	at org.springframework.boot.context.embedded.tomcat.TomcatEmbeddedServletContainer.start(TomcatEmbeddedServletContainer.java:193)
	at org.springframework.boot.context.embedded.EmbeddedWebApplicationContext.startEmbeddedServletContainer(EmbeddedWebApplicationContext.java:297)
	at org.springframework.boot.context.embedded.EmbeddedWebApplicationContext.finishRefresh(EmbeddedWebApplicationContext.java:145)
	at org.springframework.context.support.AbstractApplicationContext.refresh(AbstractApplicationContext.java:546)
	at org.springframework.boot.context.embedded.EmbeddedWebApplicationContext.refresh(EmbeddedWebApplicationContext.java:122)
	at org.springframework.boot.SpringApplication.refresh(SpringApplication.java:693)
	at org.springframework.boot.SpringApplication.refreshContext(SpringApplication.java:360)
	at org.springframework.boot.SpringApplication.run(SpringApplication.java:303)
	at org.springframework.boot.SpringApplication.run(SpringApplication.java:1118)
	at org.springframework.boot.SpringApplication.run(SpringApplication.java:1107)
	at com.example.demo.ThridypayApplication.main(ThridypayApplication.java:14)
2019-06-18 14:36:26.612 [ERROR] StandardService  Failed to start connector [Connector[HTTP/1.1-8081]]
org.apache.catalina.LifecycleException: Failed to start component [Connector[HTTP/1.1-8081]]
	at org.apache.catalina.util.LifecycleBase.start(LifecycleBase.java:167)
	at org.apache.catalina.core.StandardService.addConnector(StandardService.java:225)
	at org.springframework.boot.context.embedded.tomcat.TomcatEmbeddedServletContainer.addPreviouslyRemovedConnectors(TomcatEmbeddedServletContainer.java:250)
	at org.springframework.boot.context.embedded.tomcat.TomcatEmbeddedServletContainer.start(TomcatEmbeddedServletContainer.java:193)
	at org.springframework.boot.context.embedded.EmbeddedWebApplicationContext.startEmbeddedServletContainer(EmbeddedWebApplicationContext.java:297)
	at org.springframework.boot.context.embedded.EmbeddedWebApplicationContext.finishRefresh(EmbeddedWebApplicationContext.java:145)
	at org.springframework.context.support.AbstractApplicationContext.refresh(AbstractApplicationContext.java:546)
	at org.springframework.boot.context.embedded.EmbeddedWebApplicationContext.refresh(EmbeddedWebApplicationContext.java:122)
	at org.springframework.boot.SpringApplication.refresh(SpringApplication.java:693)
	at org.springframework.boot.SpringApplication.refreshContext(SpringApplication.java:360)
	at org.springframework.boot.SpringApplication.run(SpringApplication.java:303)
	at org.springframework.boot.SpringApplication.run(SpringApplication.java:1118)
	at org.springframework.boot.SpringApplication.run(SpringApplication.java:1107)
	at com.example.demo.ThridypayApplication.main(ThridypayApplication.java:14)
Caused by: org.apache.catalina.LifecycleException: service.getName(): "Tomcat";  Protocol handler start failed
	at org.apache.catalina.connector.Connector.startInternal(Connector.java:1029)
	at org.apache.catalina.util.LifecycleBase.start(LifecycleBase.java:150)
	... 13 common frames omitted
Caused by: java.net.BindException: Address already in use: bind
	at sun.nio.ch.Net.bind0(Native Method)
	at sun.nio.ch.Net.bind(Net.java:433)
	at sun.nio.ch.Net.bind(Net.java:425)
	at sun.nio.ch.ServerSocketChannelImpl.bind(ServerSocketChannelImpl.java:223)
	at sun.nio.ch.ServerSocketAdaptor.bind(ServerSocketAdaptor.java:74)
	at org.apache.tomcat.util.net.NioEndpoint.bind(NioEndpoint.java:210)
	at org.apache.tomcat.util.net.AbstractEndpoint.start(AbstractEndpoint.java:978)
	at org.apache.coyote.AbstractProtocol.start(AbstractProtocol.java:628)
	at org.apache.catalina.connector.Connector.startInternal(Connector.java:1022)
	... 14 common frames omitted
2019-06-18 14:36:26.624 [INFO ] Http11NioProtocol  Pausing ProtocolHandler ["http-nio-8081"]
2019-06-18 14:36:26.625 [INFO ] StandardService  Stopping service [Tomcat]
2019-06-18 14:36:26.666 [INFO ] LifecycleBase  The stop() method was called on component [StandardServer[-1]] after stop() had already been called. The second call will be ignored.
2019-06-18 14:36:26.666 [INFO ] Http11NioProtocol  Stopping ProtocolHandler ["http-nio-8081"]
2019-06-18 14:36:26.666 [INFO ] Http11NioProtocol  Destroying ProtocolHandler ["http-nio-8081"]
2019-06-18 14:36:26.673 [INFO ] AutoConfigurationReportLoggingInitializer  

Error starting ApplicationContext. To display the auto-configuration report re-run your application with 'debug' enabled.
2019-06-18 14:36:26.680 [ERROR] LoggingFailureAnalysisReporter  

***************************
APPLICATION FAILED TO START
***************************

Description:

The Tomcat connector configured to listen on port 8081 failed to start. The port may already be in use or the connector may be misconfigured.

Action:

Verify the connector's configuration, identify and stop any process that's listening on port 8081, or configure this application to listen on another port.

2019-06-18 14:36:26.682 [INFO ] AnnotationConfigEmbeddedWebApplicationContext  Closing org.springframework.boot.context.embedded.AnnotationConfigEmbeddedWebApplicationContext@294425a7: startup date [Tue Jun 18 14:36:03 SGT 2019]; root of context hierarchy
2019-06-18 14:36:26.684 [INFO ] DefaultLifecycleProcessor  Stopping beans in phase 0
2019-06-18 14:36:26.687 [INFO ] EndpointMBeanExporter  Unregistering JMX-exposed beans on shutdown
2019-06-18 14:36:26.687 [INFO ] EndpointMBeanExporter  Unregistering JMX-exposed beans
2019-06-18 14:36:26.688 [INFO ] AnnotationMBeanExporter  Unregistering JMX-exposed beans on shutdown
2019-06-18 14:36:26.690 [INFO ] LocalContainerEntityManagerFactoryBean  Closing JPA EntityManagerFactory for persistence unit 'default'
2019-06-18 14:37:04.860 [INFO ] SpringBootTestContextBootstrapper  Neither @ContextConfiguration nor @ContextHierarchy found for test class [com.example.demo.ThridypayApplicationTests], using SpringBootContextLoader
2019-06-18 14:37:04.870 [INFO ] AbstractContextLoader  Could not detect default resource locations for test class [com.example.demo.ThridypayApplicationTests]: no resource found for suffixes {-context.xml, Context.groovy}.
2019-06-18 14:37:04.871 [INFO ] AnnotationConfigContextLoaderUtils  Could not detect default configuration classes for test class [com.example.demo.ThridypayApplicationTests]: ThridypayApplicationTests does not declare any static, non-private, non-final, nested classes annotated with @Configuration.
2019-06-18 14:37:05.052 [INFO ] SpringBootTestContextBootstrapper  Found @SpringBootConfiguration com.example.demo.ThridypayApplication for test class com.example.demo.ThridypayApplicationTests
2019-06-18 14:37:05.068 [INFO ] SpringBootTestContextBootstrapper  Loaded default TestExecutionListener class names from location [META-INF/spring.factories]: [org.springframework.boot.test.mock.mockito.MockitoTestExecutionListener, org.springframework.boot.test.mock.mockito.ResetMocksTestExecutionListener, org.springframework.boot.test.autoconfigure.restdocs.RestDocsTestExecutionListener, org.springframework.boot.test.autoconfigure.web.client.MockRestServiceServerResetTestExecutionListener, org.springframework.boot.test.autoconfigure.web.servlet.MockMvcPrintOnlyOnFailureTestExecutionListener, org.springframework.boot.test.autoconfigure.web.servlet.WebDriverTestExecutionListener, org.springframework.test.context.web.ServletTestExecutionListener, org.springframework.test.context.support.DirtiesContextBeforeModesTestExecutionListener, org.springframework.test.context.support.DependencyInjectionTestExecutionListener, org.springframework.test.context.support.DirtiesContextTestExecutionListener, org.springframework.test.context.transaction.TransactionalTestExecutionListener, org.springframework.test.context.jdbc.SqlScriptsTestExecutionListener]
2019-06-18 14:37:05.099 [INFO ] SpringBootTestContextBootstrapper  Using TestExecutionListeners: [org.springframework.test.context.web.ServletTestExecutionListener@64c5af75, org.springframework.test.context.support.DirtiesContextBeforeModesTestExecutionListener@6e825e02, org.springframework.boot.test.autoconfigure.SpringBootDependencyInjectionTestExecutionListener@30ea0dfc, org.springframework.test.context.support.DirtiesContextTestExecutionListener@563c347a, org.springframework.test.context.transaction.TransactionalTestExecutionListener@a9961d1, org.springframework.test.context.jdbc.SqlScriptsTestExecutionListener@5be4e5c6, org.springframework.boot.test.mock.mockito.ResetMocksTestExecutionListener@10a9594c, org.springframework.boot.test.mock.mockito.MockitoTestExecutionListener@5e25951f, org.springframework.boot.test.autoconfigure.web.servlet.WebDriverTestExecutionListener@75615682, org.springframework.boot.test.autoconfigure.web.client.MockRestServiceServerResetTestExecutionListener@4976ad02, org.springframework.boot.test.autoconfigure.restdocs.RestDocsTestExecutionListener@e5883fc, org.springframework.boot.test.autoconfigure.web.servlet.MockMvcPrintOnlyOnFailureTestExecutionListener@55411cbf]
2019-06-18 14:37:05.115 [INFO ] SpringBootTestContextBootstrapper  Neither @ContextConfiguration nor @ContextHierarchy found for test class [com.example.demo.ThridypayApplicationTests], using SpringBootContextLoader
2019-06-18 14:37:05.115 [INFO ] AbstractContextLoader  Could not detect default resource locations for test class [com.example.demo.ThridypayApplicationTests]: no resource found for suffixes {-context.xml, Context.groovy}.
2019-06-18 14:37:05.115 [INFO ] AnnotationConfigContextLoaderUtils  Could not detect default configuration classes for test class [com.example.demo.ThridypayApplicationTests]: ThridypayApplicationTests does not declare any static, non-private, non-final, nested classes annotated with @Configuration.
2019-06-18 14:37:05.130 [INFO ] SpringBootTestContextBootstrapper  Found @SpringBootConfiguration com.example.demo.ThridypayApplication for test class com.example.demo.ThridypayApplicationTests
2019-06-18 14:37:05.142 [INFO ] SpringBootTestContextBootstrapper  Loaded default TestExecutionListener class names from location [META-INF/spring.factories]: [org.springframework.boot.test.mock.mockito.MockitoTestExecutionListener, org.springframework.boot.test.mock.mockito.ResetMocksTestExecutionListener, org.springframework.boot.test.autoconfigure.restdocs.RestDocsTestExecutionListener, org.springframework.boot.test.autoconfigure.web.client.MockRestServiceServerResetTestExecutionListener, org.springframework.boot.test.autoconfigure.web.servlet.MockMvcPrintOnlyOnFailureTestExecutionListener, org.springframework.boot.test.autoconfigure.web.servlet.WebDriverTestExecutionListener, org.springframework.test.context.web.ServletTestExecutionListener, org.springframework.test.context.support.DirtiesContextBeforeModesTestExecutionListener, org.springframework.test.context.support.DependencyInjectionTestExecutionListener, org.springframework.test.context.support.DirtiesContextTestExecutionListener, org.springframework.test.context.transaction.TransactionalTestExecutionListener, org.springframework.test.context.jdbc.SqlScriptsTestExecutionListener]
2019-06-18 14:37:05.153 [INFO ] SpringBootTestContextBootstrapper  Using TestExecutionListeners: [org.springframework.test.context.web.ServletTestExecutionListener@3dbbc2b0, org.springframework.test.context.support.DirtiesContextBeforeModesTestExecutionListener@71ead079, org.springframework.boot.test.autoconfigure.SpringBootDependencyInjectionTestExecutionListener@6f1cf25c, org.springframework.test.context.support.DirtiesContextTestExecutionListener@556baf01, org.springframework.test.context.transaction.TransactionalTestExecutionListener@10ae9677, org.springframework.test.context.jdbc.SqlScriptsTestExecutionListener@3618672f, org.springframework.boot.test.mock.mockito.ResetMocksTestExecutionListener@7c1e5a67, org.springframework.boot.test.mock.mockito.MockitoTestExecutionListener@2cc15fda, org.springframework.boot.test.autoconfigure.web.servlet.WebDriverTestExecutionListener@4b7bf82a, org.springframework.boot.test.autoconfigure.web.client.MockRestServiceServerResetTestExecutionListener@37e1b41d, org.springframework.boot.test.autoconfigure.restdocs.RestDocsTestExecutionListener@42f7f894, org.springframework.boot.test.autoconfigure.web.servlet.MockMvcPrintOnlyOnFailureTestExecutionListener@25e0dee5]
2019-06-18 14:37:05.718 [INFO ] ThridypayApplicationTests  Starting ThridypayApplicationTests on LAPTOP-K8L84O8O with PID 42664 (started by snsoft in D:\newgetpay)
2019-06-18 14:37:05.719 [INFO ] ThridypayApplicationTests  No active profile set, falling back to default profiles: default
2019-06-18 14:37:06.101 [INFO ] GenericWebApplicationContext  Refreshing org.springframework.web.context.support.GenericWebApplicationContext@70ccde81: startup date [Tue Jun 18 14:37:06 SGT 2019]; root of context hierarchy
2019-06-18 14:37:06.302 [INFO ] Version  HV000001: Hibernate Validator 5.3.5.Final
2019-06-18 14:37:07.782 [INFO ] RepositoryConfigurationDelegate  Multiple Spring Data modules found, entering strict repository configuration mode!
2019-06-18 14:37:07.884 [INFO ] RepositoryConfigurationDelegate  Multiple Spring Data modules found, entering strict repository configuration mode!
2019-06-18 14:37:07.918 [INFO ] RepositoryConfigurationExtensionSupport  Spring Data Redis - Could not safely identify store assignment for repository candidate interface com.example.demo.Repository.proposalListRespoitory.
2019-06-18 14:37:07.919 [INFO ] RepositoryConfigurationExtensionSupport  Spring Data Redis - Could not safely identify store assignment for repository candidate interface com.example.demo.Repository.MerchatListRespository.
2019-06-18 14:37:07.921 [INFO ] RepositoryConfigurationExtensionSupport  Spring Data Redis - Could not safely identify store assignment for repository candidate interface com.example.demo.Repository.DepositRespositpory.
2019-06-18 14:37:08.547 [INFO ] AutowiredAnnotationBeanPostProcessor  JSR-330 'javax.inject.Inject' annotation found and supported for autowiring
2019-06-18 14:37:08.825 [WARN ] ParameterMessageInterpolator  HV000184: ParameterMessageInterpolator has been chosen, EL interpolation will not be supported
2019-06-18 14:37:09.255 [WARN ] ParameterMessageInterpolator  HV000184: ParameterMessageInterpolator has been chosen, EL interpolation will not be supported
2019-06-18 14:37:13.298 [INFO ] LocalContainerEntityManagerFactoryBean  Building JPA container EntityManagerFactory for persistence unit 'default'
2019-06-18 14:37:13.346 [INFO ] LogHelper  HHH000204: Processing PersistenceUnitInfo [
	name: default
	...]
2019-06-18 14:37:13.523 [INFO ] Version  HHH000412: Hibernate Core {5.0.12.Final}
2019-06-18 14:37:13.527 [INFO ] Environment  HHH000206: hibernate.properties not found
2019-06-18 14:37:13.530 [INFO ] Environment  HHH000021: Bytecode provider name : javassist
2019-06-18 14:37:13.647 [INFO ] Version  HCANN000001: Hibernate Commons Annotations {5.0.1.Final}
2019-06-18 14:37:13.974 [INFO ] Dialect  HHH000400: Using dialect: org.hibernate.dialect.MySQL5InnoDBDialect
2019-06-18 14:37:15.470 [INFO ] SchemaUpdate  HHH000228: Running hbm2ddl schema update
2019-06-18 14:37:20.494 [INFO ] LocalContainerEntityManagerFactoryBean  Initialized JPA EntityManagerFactory for persistence unit 'default'
2019-06-18 14:37:23.614 [INFO ] RequestMappingHandlerAdapter  Looking for @ControllerAdvice: org.springframework.web.context.support.GenericWebApplicationContext@70ccde81: startup date [Tue Jun 18 14:37:06 SGT 2019]; root of context hierarchy
2019-06-18 14:37:24.227 [INFO ] RequestMappingHandlerMapping  Mapped "{[/Depositlist],methods=[POST]}" onto public com.example.demo.Model.Result com.example.demo.Controller.DepositController.addDepositlist(com.example.demo.Model.DepositList)
2019-06-18 14:37:24.230 [INFO ] RequestMappingHandlerMapping  Mapped "{[/depositlist],methods=[GET]}" onto public com.example.demo.Model.Result com.example.demo.Controller.DepositController.getDepositlist()
2019-06-18 14:37:24.232 [INFO ] RequestMappingHandlerMapping  Mapped "{[/test]}" onto public java.lang.String com.example.demo.Controller.HttpController.forwardTest()
2019-06-18 14:37:24.239 [INFO ] RequestMappingHandlerMapping  Mapped "{[/error]}" onto public org.springframework.http.ResponseEntity<java.util.Map<java.lang.String, java.lang.Object>> org.springframework.boot.autoconfigure.web.BasicErrorController.error(javax.servlet.http.HttpServletRequest)
2019-06-18 14:37:24.240 [INFO ] RequestMappingHandlerMapping  Mapped "{[/error],produces=[text/html]}" onto public org.springframework.web.servlet.ModelAndView org.springframework.boot.autoconfigure.web.BasicErrorController.errorHtml(javax.servlet.http.HttpServletRequest,javax.servlet.http.HttpServletResponse)
2019-06-18 14:37:24.870 [INFO ] SimpleUrlHandlerMapping  Mapped URL path [/webjars/**] onto handler of type [class org.springframework.web.servlet.resource.ResourceHttpRequestHandler]
2019-06-18 14:37:24.871 [INFO ] SimpleUrlHandlerMapping  Mapped URL path [/**] onto handler of type [class org.springframework.web.servlet.resource.ResourceHttpRequestHandler]
2019-06-18 14:37:25.352 [INFO ] SimpleUrlHandlerMapping  Mapped URL path [/**/favicon.ico] onto handler of type [class org.springframework.web.servlet.resource.ResourceHttpRequestHandler]
2019-06-18 14:37:25.423 [WARN ] AbstractTemplateResolverConfiguration  Cannot find template location: classpath:/templates/ (please add some templates or check your Thymeleaf configuration)
2019-06-18 14:37:27.333 [INFO ] EndpointHandlerMapping  Mapped "{[/autoconfig || /autoconfig.json],methods=[GET],produces=[application/vnd.spring-boot.actuator.v1+json || application/json]}" onto public java.lang.Object org.springframework.boot.actuate.endpoint.mvc.EndpointMvcAdapter.invoke()
2019-06-18 14:37:27.338 [INFO ] EndpointHandlerMapping  Mapped "{[/auditevents || /auditevents.json],methods=[GET],produces=[application/vnd.spring-boot.actuator.v1+json || application/json]}" onto public org.springframework.http.ResponseEntity<?> org.springframework.boot.actuate.endpoint.mvc.AuditEventsMvcEndpoint.findByPrincipalAndAfterAndType(java.lang.String,java.util.Date,java.lang.String)
2019-06-18 14:37:27.342 [INFO ] EndpointHandlerMapping  Mapped "{[/configprops || /configprops.json],methods=[GET],produces=[application/vnd.spring-boot.actuator.v1+json || application/json]}" onto public java.lang.Object org.springframework.boot.actuate.endpoint.mvc.EndpointMvcAdapter.invoke()
2019-06-18 14:37:27.348 [INFO ] EndpointHandlerMapping  Mapped "{[/loggers/{name:.*}],methods=[GET],produces=[application/vnd.spring-boot.actuator.v1+json || application/json]}" onto public java.lang.Object org.springframework.boot.actuate.endpoint.mvc.LoggersMvcEndpoint.get(java.lang.String)
2019-06-18 14:37:27.351 [INFO ] EndpointHandlerMapping  Mapped "{[/loggers/{name:.*}],methods=[POST],consumes=[application/vnd.spring-boot.actuator.v1+json || application/json],produces=[application/vnd.spring-boot.actuator.v1+json || application/json]}" onto public java.lang.Object org.springframework.boot.actuate.endpoint.mvc.LoggersMvcEndpoint.set(java.lang.String,java.util.Map<java.lang.String, java.lang.String>)
2019-06-18 14:37:27.353 [INFO ] EndpointHandlerMapping  Mapped "{[/loggers || /loggers.json],methods=[GET],produces=[application/vnd.spring-boot.actuator.v1+json || application/json]}" onto public java.lang.Object org.springframework.boot.actuate.endpoint.mvc.EndpointMvcAdapter.invoke()
2019-06-18 14:37:27.358 [INFO ] EndpointHandlerMapping  Mapped "{[/trace || /trace.json],methods=[GET],produces=[application/vnd.spring-boot.actuator.v1+json || application/json]}" onto public java.lang.Object org.springframework.boot.actuate.endpoint.mvc.EndpointMvcAdapter.invoke()
2019-06-18 14:37:27.361 [INFO ] EndpointHandlerMapping  Mapped "{[/dump || /dump.json],methods=[GET],produces=[application/vnd.spring-boot.actuator.v1+json || application/json]}" onto public java.lang.Object org.springframework.boot.actuate.endpoint.mvc.EndpointMvcAdapter.invoke()
2019-06-18 14:37:27.369 [INFO ] EndpointHandlerMapping  Mapped "{[/metrics/{name:.*}],methods=[GET],produces=[application/vnd.spring-boot.actuator.v1+json || application/json]}" onto public java.lang.Object org.springframework.boot.actuate.endpoint.mvc.MetricsMvcEndpoint.value(java.lang.String)
2019-06-18 14:37:27.371 [INFO ] EndpointHandlerMapping  Mapped "{[/metrics || /metrics.json],methods=[GET],produces=[application/vnd.spring-boot.actuator.v1+json || application/json]}" onto public java.lang.Object org.springframework.boot.actuate.endpoint.mvc.EndpointMvcAdapter.invoke()
2019-06-18 14:37:27.375 [INFO ] EndpointHandlerMapping  Mapped "{[/heapdump || /heapdump.json],methods=[GET],produces=[application/octet-stream]}" onto public void org.springframework.boot.actuate.endpoint.mvc.HeapdumpMvcEndpoint.invoke(boolean,javax.servlet.http.HttpServletRequest,javax.servlet.http.HttpServletResponse) throws java.io.IOException,javax.servlet.ServletException
2019-06-18 14:37:27.380 [INFO ] EndpointHandlerMapping  Mapped "{[/mappings || /mappings.json],methods=[GET],produces=[application/vnd.spring-boot.actuator.v1+json || application/json]}" onto public java.lang.Object org.springframework.boot.actuate.endpoint.mvc.EndpointMvcAdapter.invoke()
2019-06-18 14:37:27.386 [INFO ] EndpointHandlerMapping  Mapped "{[/beans || /beans.json],methods=[GET],produces=[application/vnd.spring-boot.actuator.v1+json || application/json]}" onto public java.lang.Object org.springframework.boot.actuate.endpoint.mvc.EndpointMvcAdapter.invoke()
2019-06-18 14:37:27.390 [INFO ] EndpointHandlerMapping  Mapped "{[/info || /info.json],methods=[GET],produces=[application/vnd.spring-boot.actuator.v1+json || application/json]}" onto public java.lang.Object org.springframework.boot.actuate.endpoint.mvc.EndpointMvcAdapter.invoke()
2019-06-18 14:37:27.397 [INFO ] EndpointHandlerMapping  Mapped "{[/health || /health.json],methods=[GET],produces=[application/vnd.spring-boot.actuator.v1+json || application/json]}" onto public java.lang.Object org.springframework.boot.actuate.endpoint.mvc.HealthMvcEndpoint.invoke(javax.servlet.http.HttpServletRequest,java.security.Principal)
2019-06-18 14:37:27.403 [INFO ] EndpointHandlerMapping  Mapped "{[/env/{name:.*}],methods=[GET],produces=[application/vnd.spring-boot.actuator.v1+json || application/json]}" onto public java.lang.Object org.springframework.boot.actuate.endpoint.mvc.EnvironmentMvcEndpoint.value(java.lang.String)
2019-06-18 14:37:27.408 [INFO ] EndpointHandlerMapping  Mapped "{[/env || /env.json],methods=[GET],produces=[application/vnd.spring-boot.actuator.v1+json || application/json]}" onto public java.lang.Object org.springframework.boot.actuate.endpoint.mvc.EndpointMvcAdapter.invoke()
2019-06-18 14:37:28.022 [WARN ] RedisStarterDeprecationWarningAutoConfiguration  spring-boot-starter-redis is deprecated as of Spring Boot 1.4, please migrate to spring-boot-starter-data-redis
2019-06-18 14:37:28.308 [INFO ] ThridypayApplicationTests  Started ThridypayApplicationTests in 23.047 seconds (JVM running for 24.206)
2019-06-18 14:37:28.460 [INFO ] GenericWebApplicationContext  Closing org.springframework.web.context.support.GenericWebApplicationContext@70ccde81: startup date [Tue Jun 18 14:37:06 SGT 2019]; root of context hierarchy
2019-06-18 14:37:28.468 [INFO ] LocalContainerEntityManagerFactoryBean  Closing JPA EntityManagerFactory for persistence unit 'default'
2019-06-18 14:38:35.561 [INFO ] SpringBootTestContextBootstrapper  Neither @ContextConfiguration nor @ContextHierarchy found for test class [com.example.demo.ThridypayApplicationTests], using SpringBootContextLoader
2019-06-18 14:38:35.572 [INFO ] AbstractContextLoader  Could not detect default resource locations for test class [com.example.demo.ThridypayApplicationTests]: no resource found for suffixes {-context.xml, Context.groovy}.
2019-06-18 14:38:35.574 [INFO ] AnnotationConfigContextLoaderUtils  Could not detect default configuration classes for test class [com.example.demo.ThridypayApplicationTests]: ThridypayApplicationTests does not declare any static, non-private, non-final, nested classes annotated with @Configuration.
2019-06-18 14:38:35.990 [INFO ] SpringBootTestContextBootstrapper  Found @SpringBootConfiguration com.example.demo.ThridypayApplication for test class com.example.demo.ThridypayApplicationTests
2019-06-18 14:38:36.011 [INFO ] SpringBootTestContextBootstrapper  Loaded default TestExecutionListener class names from location [META-INF/spring.factories]: [org.springframework.boot.test.mock.mockito.MockitoTestExecutionListener, org.springframework.boot.test.mock.mockito.ResetMocksTestExecutionListener, org.springframework.boot.test.autoconfigure.restdocs.RestDocsTestExecutionListener, org.springframework.boot.test.autoconfigure.web.client.MockRestServiceServerResetTestExecutionListener, org.springframework.boot.test.autoconfigure.web.servlet.MockMvcPrintOnlyOnFailureTestExecutionListener, org.springframework.boot.test.autoconfigure.web.servlet.WebDriverTestExecutionListener, org.springframework.test.context.web.ServletTestExecutionListener, org.springframework.test.context.support.DirtiesContextBeforeModesTestExecutionListener, org.springframework.test.context.support.DependencyInjectionTestExecutionListener, org.springframework.test.context.support.DirtiesContextTestExecutionListener, org.springframework.test.context.transaction.TransactionalTestExecutionListener, org.springframework.test.context.jdbc.SqlScriptsTestExecutionListener]
2019-06-18 14:38:36.077 [INFO ] SpringBootTestContextBootstrapper  Using TestExecutionListeners: [org.springframework.test.context.web.ServletTestExecutionListener@a9961d1, org.springframework.test.context.support.DirtiesContextBeforeModesTestExecutionListener@5be4e5c6, org.springframework.boot.test.autoconfigure.SpringBootDependencyInjectionTestExecutionListener@10a9594c, org.springframework.test.context.support.DirtiesContextTestExecutionListener@5e25951f, org.springframework.test.context.transaction.TransactionalTestExecutionListener@75615682, org.springframework.test.context.jdbc.SqlScriptsTestExecutionListener@4976ad02, org.springframework.boot.test.autoconfigure.restdocs.RestDocsTestExecutionListener@e5883fc, org.springframework.boot.test.autoconfigure.web.client.MockRestServiceServerResetTestExecutionListener@55411cbf, org.springframework.boot.test.autoconfigure.web.servlet.MockMvcPrintOnlyOnFailureTestExecutionListener@25c66b53, org.springframework.boot.test.mock.mockito.MockitoTestExecutionListener@5b02985, org.springframework.boot.test.autoconfigure.web.servlet.WebDriverTestExecutionListener@7075ddad, org.springframework.boot.test.mock.mockito.ResetMocksTestExecutionListener@4a2cc289]
2019-06-18 14:38:36.105 [INFO ] SpringBootTestContextBootstrapper  Neither @ContextConfiguration nor @ContextHierarchy found for test class [com.example.demo.ThridypayApplicationTests], using SpringBootContextLoader
2019-06-18 14:38:36.114 [INFO ] AbstractContextLoader  Could not detect default resource locations for test class [com.example.demo.ThridypayApplicationTests]: no resource found for suffixes {-context.xml, Context.groovy}.
2019-06-18 14:38:36.116 [INFO ] AnnotationConfigContextLoaderUtils  Could not detect default configuration classes for test class [com.example.demo.ThridypayApplicationTests]: ThridypayApplicationTests does not declare any static, non-private, non-final, nested classes annotated with @Configuration.
2019-06-18 14:38:36.134 [INFO ] SpringBootTestContextBootstrapper  Found @SpringBootConfiguration com.example.demo.ThridypayApplication for test class com.example.demo.ThridypayApplicationTests
2019-06-18 14:38:36.148 [INFO ] SpringBootTestContextBootstrapper  Loaded default TestExecutionListener class names from location [META-INF/spring.factories]: [org.springframework.boot.test.mock.mockito.MockitoTestExecutionListener, org.springframework.boot.test.mock.mockito.ResetMocksTestExecutionListener, org.springframework.boot.test.autoconfigure.restdocs.RestDocsTestExecutionListener, org.springframework.boot.test.autoconfigure.web.client.MockRestServiceServerResetTestExecutionListener, org.springframework.boot.test.autoconfigure.web.servlet.MockMvcPrintOnlyOnFailureTestExecutionListener, org.springframework.boot.test.autoconfigure.web.servlet.WebDriverTestExecutionListener, org.springframework.test.context.web.ServletTestExecutionListener, org.springframework.test.context.support.DirtiesContextBeforeModesTestExecutionListener, org.springframework.test.context.support.DependencyInjectionTestExecutionListener, org.springframework.test.context.support.DirtiesContextTestExecutionListener, org.springframework.test.context.transaction.TransactionalTestExecutionListener, org.springframework.test.context.jdbc.SqlScriptsTestExecutionListener]
2019-06-18 14:38:36.163 [INFO ] SpringBootTestContextBootstrapper  Using TestExecutionListeners: [org.springframework.test.context.web.ServletTestExecutionListener@10ae9677, org.springframework.test.context.support.DirtiesContextBeforeModesTestExecutionListener@3618672f, org.springframework.boot.test.autoconfigure.SpringBootDependencyInjectionTestExecutionListener@7c1e5a67, org.springframework.test.context.support.DirtiesContextTestExecutionListener@2cc15fda, org.springframework.test.context.transaction.TransactionalTestExecutionListener@4b7bf82a, org.springframework.test.context.jdbc.SqlScriptsTestExecutionListener@37e1b41d, org.springframework.boot.test.autoconfigure.restdocs.RestDocsTestExecutionListener@42f7f894, org.springframework.boot.test.autoconfigure.web.client.MockRestServiceServerResetTestExecutionListener@25e0dee5, org.springframework.boot.test.autoconfigure.web.servlet.MockMvcPrintOnlyOnFailureTestExecutionListener@4e499fd0, org.springframework.boot.test.mock.mockito.MockitoTestExecutionListener@439b38d7, org.springframework.boot.test.autoconfigure.web.servlet.WebDriverTestExecutionListener@3b0cdee, org.springframework.boot.test.mock.mockito.ResetMocksTestExecutionListener@4c9fc626]
2019-06-18 14:38:37.054 [INFO ] ThridypayApplicationTests  Starting ThridypayApplicationTests on LAPTOP-K8L84O8O with PID 42636 (started by snsoft in D:\newgetpay)
2019-06-18 14:38:37.055 [INFO ] ThridypayApplicationTests  No active profile set, falling back to default profiles: default
2019-06-18 14:38:37.836 [INFO ] GenericWebApplicationContext  Refreshing org.springframework.web.context.support.GenericWebApplicationContext@6d447fe8: startup date [Tue Jun 18 14:38:37 SGT 2019]; root of context hierarchy
2019-06-18 14:38:38.051 [INFO ] Version  HV000001: Hibernate Validator 5.3.5.Final
2019-06-18 14:38:39.953 [INFO ] RepositoryConfigurationDelegate  Multiple Spring Data modules found, entering strict repository configuration mode!
2019-06-18 14:38:40.088 [INFO ] RepositoryConfigurationDelegate  Multiple Spring Data modules found, entering strict repository configuration mode!
2019-06-18 14:38:40.157 [INFO ] RepositoryConfigurationExtensionSupport  Spring Data Redis - Could not safely identify store assignment for repository candidate interface com.example.demo.Repository.proposalListRespoitory.
2019-06-18 14:38:40.159 [INFO ] RepositoryConfigurationExtensionSupport  Spring Data Redis - Could not safely identify store assignment for repository candidate interface com.example.demo.Repository.MerchatListRespository.
2019-06-18 14:38:40.162 [INFO ] RepositoryConfigurationExtensionSupport  Spring Data Redis - Could not safely identify store assignment for repository candidate interface com.example.demo.Repository.DepositRespositpory.
2019-06-18 14:38:40.926 [INFO ] AutowiredAnnotationBeanPostProcessor  JSR-330 'javax.inject.Inject' annotation found and supported for autowiring
2019-06-18 14:38:41.162 [WARN ] ParameterMessageInterpolator  HV000184: ParameterMessageInterpolator has been chosen, EL interpolation will not be supported
2019-06-18 14:38:41.573 [WARN ] ParameterMessageInterpolator  HV000184: ParameterMessageInterpolator has been chosen, EL interpolation will not be supported
2019-06-18 14:38:45.438 [INFO ] LocalContainerEntityManagerFactoryBean  Building JPA container EntityManagerFactory for persistence unit 'default'
2019-06-18 14:38:45.459 [INFO ] LogHelper  HHH000204: Processing PersistenceUnitInfo [
	name: default
	...]
2019-06-18 14:38:45.576 [INFO ] Version  HHH000412: Hibernate Core {5.0.12.Final}
2019-06-18 14:38:45.579 [INFO ] Environment  HHH000206: hibernate.properties not found
2019-06-18 14:38:45.583 [INFO ] Environment  HHH000021: Bytecode provider name : javassist
2019-06-18 14:38:45.650 [INFO ] Version  HCANN000001: Hibernate Commons Annotations {5.0.1.Final}
2019-06-18 14:38:45.843 [INFO ] Dialect  HHH000400: Using dialect: org.hibernate.dialect.MySQL5InnoDBDialect
2019-06-18 14:38:46.816 [INFO ] SchemaUpdate  HHH000228: Running hbm2ddl schema update
2019-06-18 14:38:52.002 [INFO ] LocalContainerEntityManagerFactoryBean  Initialized JPA EntityManagerFactory for persistence unit 'default'
2019-06-18 14:38:54.509 [INFO ] RequestMappingHandlerAdapter  Looking for @ControllerAdvice: org.springframework.web.context.support.GenericWebApplicationContext@6d447fe8: startup date [Tue Jun 18 14:38:37 SGT 2019]; root of context hierarchy
2019-06-18 14:38:54.819 [INFO ] RequestMappingHandlerMapping  Mapped "{[/Depositlist],methods=[POST]}" onto public com.example.demo.Model.Result com.example.demo.Controller.DepositController.addDepositlist(com.example.demo.Model.DepositList)
2019-06-18 14:38:54.823 [INFO ] RequestMappingHandlerMapping  Mapped "{[/depositlist],methods=[GET]}" onto public com.example.demo.Model.Result com.example.demo.Controller.DepositController.getDepositlist()
2019-06-18 14:38:54.824 [INFO ] RequestMappingHandlerMapping  Mapped "{[/test]}" onto public java.lang.String com.example.demo.Controller.HttpController.forwardTest()
2019-06-18 14:38:54.849 [INFO ] RequestMappingHandlerMapping  Mapped "{[/error]}" onto public org.springframework.http.ResponseEntity<java.util.Map<java.lang.String, java.lang.Object>> org.springframework.boot.autoconfigure.web.BasicErrorController.error(javax.servlet.http.HttpServletRequest)
2019-06-18 14:38:54.858 [INFO ] RequestMappingHandlerMapping  Mapped "{[/error],produces=[text/html]}" onto public org.springframework.web.servlet.ModelAndView org.springframework.boot.autoconfigure.web.BasicErrorController.errorHtml(javax.servlet.http.HttpServletRequest,javax.servlet.http.HttpServletResponse)
2019-06-18 14:38:55.349 [INFO ] SimpleUrlHandlerMapping  Mapped URL path [/webjars/**] onto handler of type [class org.springframework.web.servlet.resource.ResourceHttpRequestHandler]
2019-06-18 14:38:55.350 [INFO ] SimpleUrlHandlerMapping  Mapped URL path [/**] onto handler of type [class org.springframework.web.servlet.resource.ResourceHttpRequestHandler]
2019-06-18 14:38:56.405 [INFO ] SimpleUrlHandlerMapping  Mapped URL path [/**/favicon.ico] onto handler of type [class org.springframework.web.servlet.resource.ResourceHttpRequestHandler]
2019-06-18 14:38:56.748 [WARN ] AbstractTemplateResolverConfiguration  Cannot find template location: classpath:/templates/ (please add some templates or check your Thymeleaf configuration)
2019-06-18 14:38:58.982 [INFO ] EndpointHandlerMapping  Mapped "{[/mappings || /mappings.json],methods=[GET],produces=[application/vnd.spring-boot.actuator.v1+json || application/json]}" onto public java.lang.Object org.springframework.boot.actuate.endpoint.mvc.EndpointMvcAdapter.invoke()
2019-06-18 14:38:58.984 [INFO ] EndpointHandlerMapping  Mapped "{[/beans || /beans.json],methods=[GET],produces=[application/vnd.spring-boot.actuator.v1+json || application/json]}" onto public java.lang.Object org.springframework.boot.actuate.endpoint.mvc.EndpointMvcAdapter.invoke()
2019-06-18 14:38:58.986 [INFO ] EndpointHandlerMapping  Mapped "{[/health || /health.json],methods=[GET],produces=[application/vnd.spring-boot.actuator.v1+json || application/json]}" onto public java.lang.Object org.springframework.boot.actuate.endpoint.mvc.HealthMvcEndpoint.invoke(javax.servlet.http.HttpServletRequest,java.security.Principal)
2019-06-18 14:38:58.992 [INFO ] EndpointHandlerMapping  Mapped "{[/heapdump || /heapdump.json],methods=[GET],produces=[application/octet-stream]}" onto public void org.springframework.boot.actuate.endpoint.mvc.HeapdumpMvcEndpoint.invoke(boolean,javax.servlet.http.HttpServletRequest,javax.servlet.http.HttpServletResponse) throws java.io.IOException,javax.servlet.ServletException
2019-06-18 14:38:58.994 [INFO ] EndpointHandlerMapping  Mapped "{[/trace || /trace.json],methods=[GET],produces=[application/vnd.spring-boot.actuator.v1+json || application/json]}" onto public java.lang.Object org.springframework.boot.actuate.endpoint.mvc.EndpointMvcAdapter.invoke()
2019-06-18 14:38:58.995 [INFO ] EndpointHandlerMapping  Mapped "{[/autoconfig || /autoconfig.json],methods=[GET],produces=[application/vnd.spring-boot.actuator.v1+json || application/json]}" onto public java.lang.Object org.springframework.boot.actuate.endpoint.mvc.EndpointMvcAdapter.invoke()
2019-06-18 14:38:59.000 [INFO ] EndpointHandlerMapping  Mapped "{[/loggers/{name:.*}],methods=[GET],produces=[application/vnd.spring-boot.actuator.v1+json || application/json]}" onto public java.lang.Object org.springframework.boot.actuate.endpoint.mvc.LoggersMvcEndpoint.get(java.lang.String)
2019-06-18 14:38:59.001 [INFO ] EndpointHandlerMapping  Mapped "{[/loggers/{name:.*}],methods=[POST],consumes=[application/vnd.spring-boot.actuator.v1+json || application/json],produces=[application/vnd.spring-boot.actuator.v1+json || application/json]}" onto public java.lang.Object org.springframework.boot.actuate.endpoint.mvc.LoggersMvcEndpoint.set(java.lang.String,java.util.Map<java.lang.String, java.lang.String>)
2019-06-18 14:38:59.001 [INFO ] EndpointHandlerMapping  Mapped "{[/loggers || /loggers.json],methods=[GET],produces=[application/vnd.spring-boot.actuator.v1+json || application/json]}" onto public java.lang.Object org.springframework.boot.actuate.endpoint.mvc.EndpointMvcAdapter.invoke()
2019-06-18 14:38:59.005 [INFO ] EndpointHandlerMapping  Mapped "{[/auditevents || /auditevents.json],methods=[GET],produces=[application/vnd.spring-boot.actuator.v1+json || application/json]}" onto public org.springframework.http.ResponseEntity<?> org.springframework.boot.actuate.endpoint.mvc.AuditEventsMvcEndpoint.findByPrincipalAndAfterAndType(java.lang.String,java.util.Date,java.lang.String)
2019-06-18 14:38:59.008 [INFO ] EndpointHandlerMapping  Mapped "{[/metrics/{name:.*}],methods=[GET],produces=[application/vnd.spring-boot.actuator.v1+json || application/json]}" onto public java.lang.Object org.springframework.boot.actuate.endpoint.mvc.MetricsMvcEndpoint.value(java.lang.String)
2019-06-18 14:38:59.008 [INFO ] EndpointHandlerMapping  Mapped "{[/metrics || /metrics.json],methods=[GET],produces=[application/vnd.spring-boot.actuator.v1+json || application/json]}" onto public java.lang.Object org.springframework.boot.actuate.endpoint.mvc.EndpointMvcAdapter.invoke()
2019-06-18 14:38:59.010 [INFO ] EndpointHandlerMapping  Mapped "{[/env/{name:.*}],methods=[GET],produces=[application/vnd.spring-boot.actuator.v1+json || application/json]}" onto public java.lang.Object org.springframework.boot.actuate.endpoint.mvc.EnvironmentMvcEndpoint.value(java.lang.String)
2019-06-18 14:38:59.017 [INFO ] EndpointHandlerMapping  Mapped "{[/env || /env.json],methods=[GET],produces=[application/vnd.spring-boot.actuator.v1+json || application/json]}" onto public java.lang.Object org.springframework.boot.actuate.endpoint.mvc.EndpointMvcAdapter.invoke()
2019-06-18 14:38:59.022 [INFO ] EndpointHandlerMapping  Mapped "{[/configprops || /configprops.json],methods=[GET],produces=[application/vnd.spring-boot.actuator.v1+json || application/json]}" onto public java.lang.Object org.springframework.boot.actuate.endpoint.mvc.EndpointMvcAdapter.invoke()
2019-06-18 14:38:59.026 [INFO ] EndpointHandlerMapping  Mapped "{[/info || /info.json],methods=[GET],produces=[application/vnd.spring-boot.actuator.v1+json || application/json]}" onto public java.lang.Object org.springframework.boot.actuate.endpoint.mvc.EndpointMvcAdapter.invoke()
2019-06-18 14:38:59.029 [INFO ] EndpointHandlerMapping  Mapped "{[/dump || /dump.json],methods=[GET],produces=[application/vnd.spring-boot.actuator.v1+json || application/json]}" onto public java.lang.Object org.springframework.boot.actuate.endpoint.mvc.EndpointMvcAdapter.invoke()
2019-06-18 14:38:59.883 [WARN ] RedisStarterDeprecationWarningAutoConfiguration  spring-boot-starter-redis is deprecated as of Spring Boot 1.4, please migrate to spring-boot-starter-data-redis
2019-06-18 14:39:00.131 [INFO ] ThridypayApplicationTests  Started ThridypayApplicationTests in 23.692 seconds (JVM running for 25.617)
2019-06-18 14:39:00.214 [INFO ] GenericWebApplicationContext  Closing org.springframework.web.context.support.GenericWebApplicationContext@6d447fe8: startup date [Tue Jun 18 14:38:37 SGT 2019]; root of context hierarchy
2019-06-18 14:39:00.225 [INFO ] LocalContainerEntityManagerFactoryBean  Closing JPA EntityManagerFactory for persistence unit 'default'
2019-06-18 14:48:24.142 [INFO ] SpringBootTestContextBootstrapper  Neither @ContextConfiguration nor @ContextHierarchy found for test class [com.example.demo.ThridypayApplicationTests], using SpringBootContextLoader
2019-06-18 14:48:24.173 [INFO ] AbstractContextLoader  Could not detect default resource locations for test class [com.example.demo.ThridypayApplicationTests]: no resource found for suffixes {-context.xml, Context.groovy}.
2019-06-18 14:48:24.173 [INFO ] AnnotationConfigContextLoaderUtils  Could not detect default configuration classes for test class [com.example.demo.ThridypayApplicationTests]: ThridypayApplicationTests does not declare any static, non-private, non-final, nested classes annotated with @Configuration.
2019-06-18 14:48:24.392 [INFO ] SpringBootTestContextBootstrapper  Found @SpringBootConfiguration com.example.demo.ThridypayApplication for test class com.example.demo.ThridypayApplicationTests
2019-06-18 14:48:24.408 [INFO ] SpringBootTestContextBootstrapper  Loaded default TestExecutionListener class names from location [META-INF/spring.factories]: [org.springframework.boot.test.mock.mockito.MockitoTestExecutionListener, org.springframework.boot.test.mock.mockito.ResetMocksTestExecutionListener, org.springframework.boot.test.autoconfigure.restdocs.RestDocsTestExecutionListener, org.springframework.boot.test.autoconfigure.web.client.MockRestServiceServerResetTestExecutionListener, org.springframework.boot.test.autoconfigure.web.servlet.MockMvcPrintOnlyOnFailureTestExecutionListener, org.springframework.boot.test.autoconfigure.web.servlet.WebDriverTestExecutionListener, org.springframework.test.context.web.ServletTestExecutionListener, org.springframework.test.context.support.DirtiesContextBeforeModesTestExecutionListener, org.springframework.test.context.support.DependencyInjectionTestExecutionListener, org.springframework.test.context.support.DirtiesContextTestExecutionListener, org.springframework.test.context.transaction.TransactionalTestExecutionListener, org.springframework.test.context.jdbc.SqlScriptsTestExecutionListener]
2019-06-18 14:48:24.455 [INFO ] SpringBootTestContextBootstrapper  Using TestExecutionListeners: [org.springframework.test.context.web.ServletTestExecutionListener@563c347a, org.springframework.test.context.support.DirtiesContextBeforeModesTestExecutionListener@a9961d1, org.springframework.boot.test.autoconfigure.SpringBootDependencyInjectionTestExecutionListener@5be4e5c6, org.springframework.test.context.support.DirtiesContextTestExecutionListener@10a9594c, org.springframework.test.context.transaction.TransactionalTestExecutionListener@5e25951f, org.springframework.test.context.jdbc.SqlScriptsTestExecutionListener@75615682, org.springframework.boot.test.autoconfigure.web.servlet.WebDriverTestExecutionListener@4976ad02, org.springframework.boot.test.autoconfigure.restdocs.RestDocsTestExecutionListener@e5883fc, org.springframework.boot.test.autoconfigure.web.client.MockRestServiceServerResetTestExecutionListener@55411cbf, org.springframework.boot.test.mock.mockito.ResetMocksTestExecutionListener@25c66b53, org.springframework.boot.test.mock.mockito.MockitoTestExecutionListener@5b02985, org.springframework.boot.test.autoconfigure.web.servlet.MockMvcPrintOnlyOnFailureTestExecutionListener@7075ddad]
2019-06-18 14:48:24.455 [INFO ] SpringBootTestContextBootstrapper  Neither @ContextConfiguration nor @ContextHierarchy found for test class [com.example.demo.ThridypayApplicationTests], using SpringBootContextLoader
2019-06-18 14:48:24.455 [INFO ] AbstractContextLoader  Could not detect default resource locations for test class [com.example.demo.ThridypayApplicationTests]: no resource found for suffixes {-context.xml, Context.groovy}.
2019-06-18 14:48:24.455 [INFO ] AnnotationConfigContextLoaderUtils  Could not detect default configuration classes for test class [com.example.demo.ThridypayApplicationTests]: ThridypayApplicationTests does not declare any static, non-private, non-final, nested classes annotated with @Configuration.
2019-06-18 14:48:24.470 [INFO ] SpringBootTestContextBootstrapper  Found @SpringBootConfiguration com.example.demo.ThridypayApplication for test class com.example.demo.ThridypayApplicationTests
2019-06-18 14:48:24.486 [INFO ] SpringBootTestContextBootstrapper  Loaded default TestExecutionListener class names from location [META-INF/spring.factories]: [org.springframework.boot.test.mock.mockito.MockitoTestExecutionListener, org.springframework.boot.test.mock.mockito.ResetMocksTestExecutionListener, org.springframework.boot.test.autoconfigure.restdocs.RestDocsTestExecutionListener, org.springframework.boot.test.autoconfigure.web.client.MockRestServiceServerResetTestExecutionListener, org.springframework.boot.test.autoconfigure.web.servlet.MockMvcPrintOnlyOnFailureTestExecutionListener, org.springframework.boot.test.autoconfigure.web.servlet.WebDriverTestExecutionListener, org.springframework.test.context.web.ServletTestExecutionListener, org.springframework.test.context.support.DirtiesContextBeforeModesTestExecutionListener, org.springframework.test.context.support.DependencyInjectionTestExecutionListener, org.springframework.test.context.support.DirtiesContextTestExecutionListener, org.springframework.test.context.transaction.TransactionalTestExecutionListener, org.springframework.test.context.jdbc.SqlScriptsTestExecutionListener]
2019-06-18 14:48:24.486 [INFO ] SpringBootTestContextBootstrapper  Using TestExecutionListeners: [org.springframework.test.context.web.ServletTestExecutionListener@556baf01, org.springframework.test.context.support.DirtiesContextBeforeModesTestExecutionListener@10ae9677, org.springframework.boot.test.autoconfigure.SpringBootDependencyInjectionTestExecutionListener@3618672f, org.springframework.test.context.support.DirtiesContextTestExecutionListener@7c1e5a67, org.springframework.test.context.transaction.TransactionalTestExecutionListener@2cc15fda, org.springframework.test.context.jdbc.SqlScriptsTestExecutionListener@4b7bf82a, org.springframework.boot.test.autoconfigure.web.servlet.WebDriverTestExecutionListener@37e1b41d, org.springframework.boot.test.autoconfigure.restdocs.RestDocsTestExecutionListener@42f7f894, org.springframework.boot.test.autoconfigure.web.client.MockRestServiceServerResetTestExecutionListener@25e0dee5, org.springframework.boot.test.mock.mockito.ResetMocksTestExecutionListener@4e499fd0, org.springframework.boot.test.mock.mockito.MockitoTestExecutionListener@439b38d7, org.springframework.boot.test.autoconfigure.web.servlet.MockMvcPrintOnlyOnFailureTestExecutionListener@3b0cdee]
2019-06-18 14:48:25.158 [INFO ] ThridypayApplicationTests  Starting ThridypayApplicationTests on LAPTOP-K8L84O8O with PID 16800 (started by snsoft in D:\newgetpay)
2019-06-18 14:48:25.158 [INFO ] ThridypayApplicationTests  No active profile set, falling back to default profiles: default
2019-06-18 14:48:25.658 [INFO ] GenericWebApplicationContext  Refreshing org.springframework.web.context.support.GenericWebApplicationContext@7b8f3d03: startup date [Tue Jun 18 14:48:25 SGT 2019]; root of context hierarchy
2019-06-18 14:48:25.814 [INFO ] Version  HV000001: Hibernate Validator 5.3.5.Final
2019-06-18 14:48:27.930 [INFO ] RepositoryConfigurationDelegate  Multiple Spring Data modules found, entering strict repository configuration mode!
2019-06-18 14:48:28.102 [INFO ] RepositoryConfigurationDelegate  Multiple Spring Data modules found, entering strict repository configuration mode!
2019-06-18 14:48:28.164 [INFO ] RepositoryConfigurationExtensionSupport  Spring Data Redis - Could not safely identify store assignment for repository candidate interface com.example.demo.Repository.proposalListRespoitory.
2019-06-18 14:48:28.164 [INFO ] RepositoryConfigurationExtensionSupport  Spring Data Redis - Could not safely identify store assignment for repository candidate interface com.example.demo.Repository.MerchatListRespository.
2019-06-18 14:48:28.164 [INFO ] RepositoryConfigurationExtensionSupport  Spring Data Redis - Could not safely identify store assignment for repository candidate interface com.example.demo.Repository.DepositRespositpory.
2019-06-18 14:48:29.055 [INFO ] AutowiredAnnotationBeanPostProcessor  JSR-330 'javax.inject.Inject' annotation found and supported for autowiring
2019-06-18 14:48:29.383 [WARN ] ParameterMessageInterpolator  HV000184: ParameterMessageInterpolator has been chosen, EL interpolation will not be supported
2019-06-18 14:48:29.930 [WARN ] ParameterMessageInterpolator  HV000184: ParameterMessageInterpolator has been chosen, EL interpolation will not be supported
2019-06-18 14:48:33.381 [INFO ] LocalContainerEntityManagerFactoryBean  Building JPA container EntityManagerFactory for persistence unit 'default'
2019-06-18 14:48:33.427 [INFO ] LogHelper  HHH000204: Processing PersistenceUnitInfo [
	name: default
	...]
2019-06-18 14:48:33.677 [INFO ] Version  HHH000412: Hibernate Core {5.0.12.Final}
2019-06-18 14:48:33.677 [INFO ] Environment  HHH000206: hibernate.properties not found
2019-06-18 14:48:33.693 [INFO ] Environment  HHH000021: Bytecode provider name : javassist
2019-06-18 14:48:33.802 [INFO ] Version  HCANN000001: Hibernate Commons Annotations {5.0.1.Final}
2019-06-18 14:48:34.288 [INFO ] Dialect  HHH000400: Using dialect: org.hibernate.dialect.MySQL5InnoDBDialect
2019-06-18 14:48:36.031 [INFO ] SchemaUpdate  HHH000228: Running hbm2ddl schema update
2019-06-18 14:48:42.164 [INFO ] LocalContainerEntityManagerFactoryBean  Initialized JPA EntityManagerFactory for persistence unit 'default'
2019-06-18 14:48:45.576 [INFO ] RequestMappingHandlerAdapter  Looking for @ControllerAdvice: org.springframework.web.context.support.GenericWebApplicationContext@7b8f3d03: startup date [Tue Jun 18 14:48:25 SGT 2019]; root of context hierarchy
2019-06-18 14:48:45.963 [INFO ] RequestMappingHandlerMapping  Mapped "{[/Depositlist],methods=[POST]}" onto public com.example.demo.Model.Result com.example.demo.Controller.DepositController.addDepositlist(com.example.demo.Model.DepositList)
2019-06-18 14:48:45.964 [INFO ] RequestMappingHandlerMapping  Mapped "{[/depositlist],methods=[GET]}" onto public com.example.demo.Model.Result com.example.demo.Controller.DepositController.getDepositlist()
2019-06-18 14:48:45.965 [INFO ] RequestMappingHandlerMapping  Mapped "{[/test]}" onto public java.lang.String com.example.demo.Controller.HttpController.forwardTest()
2019-06-18 14:48:45.970 [INFO ] RequestMappingHandlerMapping  Mapped "{[/error]}" onto public org.springframework.http.ResponseEntity<java.util.Map<java.lang.String, java.lang.Object>> org.springframework.boot.autoconfigure.web.BasicErrorController.error(javax.servlet.http.HttpServletRequest)
2019-06-18 14:48:45.972 [INFO ] RequestMappingHandlerMapping  Mapped "{[/error],produces=[text/html]}" onto public org.springframework.web.servlet.ModelAndView org.springframework.boot.autoconfigure.web.BasicErrorController.errorHtml(javax.servlet.http.HttpServletRequest,javax.servlet.http.HttpServletResponse)
2019-06-18 14:48:46.629 [INFO ] SimpleUrlHandlerMapping  Mapped URL path [/webjars/**] onto handler of type [class org.springframework.web.servlet.resource.ResourceHttpRequestHandler]
2019-06-18 14:48:46.630 [INFO ] SimpleUrlHandlerMapping  Mapped URL path [/**] onto handler of type [class org.springframework.web.servlet.resource.ResourceHttpRequestHandler]
2019-06-18 14:48:47.193 [INFO ] SimpleUrlHandlerMapping  Mapped URL path [/**/favicon.ico] onto handler of type [class org.springframework.web.servlet.resource.ResourceHttpRequestHandler]
2019-06-18 14:48:47.389 [WARN ] AbstractTemplateResolverConfiguration  Cannot find template location: classpath:/templates/ (please add some templates or check your Thymeleaf configuration)
2019-06-18 14:48:50.129 [INFO ] EndpointHandlerMapping  Mapped "{[/env/{name:.*}],methods=[GET],produces=[application/vnd.spring-boot.actuator.v1+json || application/json]}" onto public java.lang.Object org.springframework.boot.actuate.endpoint.mvc.EnvironmentMvcEndpoint.value(java.lang.String)
2019-06-18 14:48:50.129 [INFO ] EndpointHandlerMapping  Mapped "{[/env || /env.json],methods=[GET],produces=[application/vnd.spring-boot.actuator.v1+json || application/json]}" onto public java.lang.Object org.springframework.boot.actuate.endpoint.mvc.EndpointMvcAdapter.invoke()
2019-06-18 14:48:50.131 [INFO ] EndpointHandlerMapping  Mapped "{[/mappings || /mappings.json],methods=[GET],produces=[application/vnd.spring-boot.actuator.v1+json || application/json]}" onto public java.lang.Object org.springframework.boot.actuate.endpoint.mvc.EndpointMvcAdapter.invoke()
2019-06-18 14:48:50.134 [INFO ] EndpointHandlerMapping  Mapped "{[/autoconfig || /autoconfig.json],methods=[GET],produces=[application/vnd.spring-boot.actuator.v1+json || application/json]}" onto public java.lang.Object org.springframework.boot.actuate.endpoint.mvc.EndpointMvcAdapter.invoke()
2019-06-18 14:48:50.136 [INFO ] EndpointHandlerMapping  Mapped "{[/info || /info.json],methods=[GET],produces=[application/vnd.spring-boot.actuator.v1+json || application/json]}" onto public java.lang.Object org.springframework.boot.actuate.endpoint.mvc.EndpointMvcAdapter.invoke()
2019-06-18 14:48:50.138 [INFO ] EndpointHandlerMapping  Mapped "{[/dump || /dump.json],methods=[GET],produces=[application/vnd.spring-boot.actuator.v1+json || application/json]}" onto public java.lang.Object org.springframework.boot.actuate.endpoint.mvc.EndpointMvcAdapter.invoke()
2019-06-18 14:48:50.141 [INFO ] EndpointHandlerMapping  Mapped "{[/auditevents || /auditevents.json],methods=[GET],produces=[application/vnd.spring-boot.actuator.v1+json || application/json]}" onto public org.springframework.http.ResponseEntity<?> org.springframework.boot.actuate.endpoint.mvc.AuditEventsMvcEndpoint.findByPrincipalAndAfterAndType(java.lang.String,java.util.Date,java.lang.String)
2019-06-18 14:48:50.147 [INFO ] EndpointHandlerMapping  Mapped "{[/trace || /trace.json],methods=[GET],produces=[application/vnd.spring-boot.actuator.v1+json || application/json]}" onto public java.lang.Object org.springframework.boot.actuate.endpoint.mvc.EndpointMvcAdapter.invoke()
2019-06-18 14:48:50.149 [INFO ] EndpointHandlerMapping  Mapped "{[/metrics/{name:.*}],methods=[GET],produces=[application/vnd.spring-boot.actuator.v1+json || application/json]}" onto public java.lang.Object org.springframework.boot.actuate.endpoint.mvc.MetricsMvcEndpoint.value(java.lang.String)
2019-06-18 14:48:50.150 [INFO ] EndpointHandlerMapping  Mapped "{[/metrics || /metrics.json],methods=[GET],produces=[application/vnd.spring-boot.actuator.v1+json || application/json]}" onto public java.lang.Object org.springframework.boot.actuate.endpoint.mvc.EndpointMvcAdapter.invoke()
2019-06-18 14:48:50.153 [INFO ] EndpointHandlerMapping  Mapped "{[/configprops || /configprops.json],methods=[GET],produces=[application/vnd.spring-boot.actuator.v1+json || application/json]}" onto public java.lang.Object org.springframework.boot.actuate.endpoint.mvc.EndpointMvcAdapter.invoke()
2019-06-18 14:48:50.156 [INFO ] EndpointHandlerMapping  Mapped "{[/beans || /beans.json],methods=[GET],produces=[application/vnd.spring-boot.actuator.v1+json || application/json]}" onto public java.lang.Object org.springframework.boot.actuate.endpoint.mvc.EndpointMvcAdapter.invoke()
2019-06-18 14:48:50.164 [INFO ] EndpointHandlerMapping  Mapped "{[/loggers/{name:.*}],methods=[GET],produces=[application/vnd.spring-boot.actuator.v1+json || application/json]}" onto public java.lang.Object org.springframework.boot.actuate.endpoint.mvc.LoggersMvcEndpoint.get(java.lang.String)
2019-06-18 14:48:50.166 [INFO ] EndpointHandlerMapping  Mapped "{[/loggers/{name:.*}],methods=[POST],consumes=[application/vnd.spring-boot.actuator.v1+json || application/json],produces=[application/vnd.spring-boot.actuator.v1+json || application/json]}" onto public java.lang.Object org.springframework.boot.actuate.endpoint.mvc.LoggersMvcEndpoint.set(java.lang.String,java.util.Map<java.lang.String, java.lang.String>)
2019-06-18 14:48:50.167 [INFO ] EndpointHandlerMapping  Mapped "{[/loggers || /loggers.json],methods=[GET],produces=[application/vnd.spring-boot.actuator.v1+json || application/json]}" onto public java.lang.Object org.springframework.boot.actuate.endpoint.mvc.EndpointMvcAdapter.invoke()
2019-06-18 14:48:50.170 [INFO ] EndpointHandlerMapping  Mapped "{[/heapdump || /heapdump.json],methods=[GET],produces=[application/octet-stream]}" onto public void org.springframework.boot.actuate.endpoint.mvc.HeapdumpMvcEndpoint.invoke(boolean,javax.servlet.http.HttpServletRequest,javax.servlet.http.HttpServletResponse) throws java.io.IOException,javax.servlet.ServletException
2019-06-18 14:48:50.172 [INFO ] EndpointHandlerMapping  Mapped "{[/health || /health.json],methods=[GET],produces=[application/vnd.spring-boot.actuator.v1+json || application/json]}" onto public java.lang.Object org.springframework.boot.actuate.endpoint.mvc.HealthMvcEndpoint.invoke(javax.servlet.http.HttpServletRequest,java.security.Principal)
2019-06-18 14:48:51.056 [WARN ] RedisStarterDeprecationWarningAutoConfiguration  spring-boot-starter-redis is deprecated as of Spring Boot 1.4, please migrate to spring-boot-starter-data-redis
2019-06-18 14:48:51.346 [INFO ] ThridypayApplicationTests  Started ThridypayApplicationTests in 26.735 seconds (JVM running for 28.438)
2019-06-18 14:48:51.499 [INFO ] GenericWebApplicationContext  Closing org.springframework.web.context.support.GenericWebApplicationContext@7b8f3d03: startup date [Tue Jun 18 14:48:25 SGT 2019]; root of context hierarchy
2019-06-18 14:48:51.511 [INFO ] LocalContainerEntityManagerFactoryBean  Closing JPA EntityManagerFactory for persistence unit 'default'
