2019-06-22 10:03:06.923 [INFO ] SpringBootTestContextBootstrapper  Neither @ContextConfiguration nor @ContextHierarchy found for test class [com.example.demo.ThridypayApplicationTests], using SpringBootContextLoader
2019-06-22 10:03:06.936 [INFO ] AbstractContextLoader  Could not detect default resource locations for test class [com.example.demo.ThridypayApplicationTests]: no resource found for suffixes {-context.xml, Context.groovy}.
2019-06-22 10:03:06.939 [INFO ] AnnotationConfigContextLoaderUtils  Could not detect default configuration classes for test class [com.example.demo.ThridypayApplicationTests]: ThridypayApplicationTests does not declare any static, non-private, non-final, nested classes annotated with @Configuration.
2019-06-22 10:03:07.208 [INFO ] SpringBootTestContextBootstrapper  Found @SpringBootConfiguration com.example.demo.ThridypayApplication for test class com.example.demo.ThridypayApplicationTests
2019-06-22 10:03:07.225 [INFO ] SpringBootTestContextBootstrapper  Loaded default TestExecutionListener class names from location [META-INF/spring.factories]: [org.springframework.boot.test.mock.mockito.MockitoTestExecutionListener, org.springframework.boot.test.mock.mockito.ResetMocksTestExecutionListener, org.springframework.boot.test.autoconfigure.restdocs.RestDocsTestExecutionListener, org.springframework.boot.test.autoconfigure.web.client.MockRestServiceServerResetTestExecutionListener, org.springframework.boot.test.autoconfigure.web.servlet.MockMvcPrintOnlyOnFailureTestExecutionListener, org.springframework.boot.test.autoconfigure.web.servlet.WebDriverTestExecutionListener, org.springframework.test.context.web.ServletTestExecutionListener, org.springframework.test.context.support.DirtiesContextBeforeModesTestExecutionListener, org.springframework.test.context.support.DependencyInjectionTestExecutionListener, org.springframework.test.context.support.DirtiesContextTestExecutionListener, org.springframework.test.context.transaction.TransactionalTestExecutionListener, org.springframework.test.context.jdbc.SqlScriptsTestExecutionListener]
2019-06-22 10:03:07.274 [INFO ] SpringBootTestContextBootstrapper  Using TestExecutionListeners: [org.springframework.test.context.web.ServletTestExecutionListener@635cd969, org.springframework.test.context.support.DirtiesContextBeforeModesTestExecutionListener@64c5af75, org.springframework.boot.test.autoconfigure.SpringBootDependencyInjectionTestExecutionListener@6e825e02, org.springframework.test.context.support.DirtiesContextTestExecutionListener@30ea0dfc, org.springframework.test.context.transaction.TransactionalTestExecutionListener@563c347a, org.springframework.test.context.jdbc.SqlScriptsTestExecutionListener@a9961d1, org.springframework.boot.test.autoconfigure.web.servlet.WebDriverTestExecutionListener@5be4e5c6, org.springframework.boot.test.mock.mockito.MockitoTestExecutionListener@10a9594c, org.springframework.boot.test.autoconfigure.restdocs.RestDocsTestExecutionListener@5e25951f, org.springframework.boot.test.autoconfigure.web.client.MockRestServiceServerResetTestExecutionListener@75615682, org.springframework.boot.test.autoconfigure.web.servlet.MockMvcPrintOnlyOnFailureTestExecutionListener@4976ad02, org.springframework.boot.test.mock.mockito.ResetMocksTestExecutionListener@e5883fc]
2019-06-22 10:03:07.285 [INFO ] SpringBootTestContextBootstrapper  Neither @ContextConfiguration nor @ContextHierarchy found for test class [com.example.demo.ThridypayApplicationTests], using SpringBootContextLoader
2019-06-22 10:03:07.287 [INFO ] AbstractContextLoader  Could not detect default resource locations for test class [com.example.demo.ThridypayApplicationTests]: no resource found for suffixes {-context.xml, Context.groovy}.
2019-06-22 10:03:07.288 [INFO ] AnnotationConfigContextLoaderUtils  Could not detect default configuration classes for test class [com.example.demo.ThridypayApplicationTests]: ThridypayApplicationTests does not declare any static, non-private, non-final, nested classes annotated with @Configuration.
2019-06-22 10:03:07.301 [INFO ] SpringBootTestContextBootstrapper  Found @SpringBootConfiguration com.example.demo.ThridypayApplication for test class com.example.demo.ThridypayApplicationTests
2019-06-22 10:03:07.314 [INFO ] SpringBootTestContextBootstrapper  Loaded default TestExecutionListener class names from location [META-INF/spring.factories]: [org.springframework.boot.test.mock.mockito.MockitoTestExecutionListener, org.springframework.boot.test.mock.mockito.ResetMocksTestExecutionListener, org.springframework.boot.test.autoconfigure.restdocs.RestDocsTestExecutionListener, org.springframework.boot.test.autoconfigure.web.client.MockRestServiceServerResetTestExecutionListener, org.springframework.boot.test.autoconfigure.web.servlet.MockMvcPrintOnlyOnFailureTestExecutionListener, org.springframework.boot.test.autoconfigure.web.servlet.WebDriverTestExecutionListener, org.springframework.test.context.web.ServletTestExecutionListener, org.springframework.test.context.support.DirtiesContextBeforeModesTestExecutionListener, org.springframework.test.context.support.DependencyInjectionTestExecutionListener, org.springframework.test.context.support.DirtiesContextTestExecutionListener, org.springframework.test.context.transaction.TransactionalTestExecutionListener, org.springframework.test.context.jdbc.SqlScriptsTestExecutionListener]
2019-06-22 10:03:07.325 [INFO ] SpringBootTestContextBootstrapper  Using TestExecutionListeners: [org.springframework.test.context.web.ServletTestExecutionListener@5ec881b5, org.springframework.test.context.support.DirtiesContextBeforeModesTestExecutionListener@3dbbc2b0, org.springframework.boot.test.autoconfigure.SpringBootDependencyInjectionTestExecutionListener@71ead079, org.springframework.test.context.support.DirtiesContextTestExecutionListener@6f1cf25c, org.springframework.test.context.transaction.TransactionalTestExecutionListener@556baf01, org.springframework.test.context.jdbc.SqlScriptsTestExecutionListener@10ae9677, org.springframework.boot.test.autoconfigure.web.servlet.WebDriverTestExecutionListener@3618672f, org.springframework.boot.test.mock.mockito.MockitoTestExecutionListener@7c1e5a67, org.springframework.boot.test.autoconfigure.restdocs.RestDocsTestExecutionListener@2cc15fda, org.springframework.boot.test.autoconfigure.web.client.MockRestServiceServerResetTestExecutionListener@4b7bf82a, org.springframework.boot.test.autoconfigure.web.servlet.MockMvcPrintOnlyOnFailureTestExecutionListener@37e1b41d, org.springframework.boot.test.mock.mockito.ResetMocksTestExecutionListener@42f7f894]
2019-06-22 10:03:08.054 [INFO ] ThridypayApplicationTests  Starting ThridypayApplicationTests on LAPTOP-K8L84O8O with PID 165028 (started by snsoft in D:\newgetpay)
2019-06-22 10:03:08.081 [INFO ] ThridypayApplicationTests  No active profile set, falling back to default profiles: default
2019-06-22 10:03:08.639 [INFO ] GenericWebApplicationContext  Refreshing org.springframework.web.context.support.GenericWebApplicationContext@20d107d6: startup date [Sat Jun 22 10:03:08 SGT 2019]; root of context hierarchy
2019-06-22 10:03:08.906 [INFO ] Version  HV000001: Hibernate Validator 5.3.5.Final
2019-06-22 10:03:10.739 [INFO ] RepositoryConfigurationDelegate  Multiple Spring Data modules found, entering strict repository configuration mode!
2019-06-22 10:03:10.858 [INFO ] RepositoryConfigurationDelegate  Multiple Spring Data modules found, entering strict repository configuration mode!
2019-06-22 10:03:10.898 [INFO ] RepositoryConfigurationExtensionSupport  Spring Data Redis - Could not safely identify store assignment for repository candidate interface com.example.demo.Repository.proposalListRespoitory.
2019-06-22 10:03:10.902 [INFO ] RepositoryConfigurationExtensionSupport  Spring Data Redis - Could not safely identify store assignment for repository candidate interface com.example.demo.Repository.MerchatListRespository.
2019-06-22 10:03:10.903 [INFO ] RepositoryConfigurationExtensionSupport  Spring Data Redis - Could not safely identify store assignment for repository candidate interface com.example.demo.Repository.DepositRespositpory.
2019-06-22 10:03:10.905 [INFO ] RepositoryConfigurationExtensionSupport  Spring Data Redis - Could not safely identify store assignment for repository candidate interface com.example.demo.Repository.UserListRespositpory.
2019-06-22 10:03:11.746 [INFO ] AutowiredAnnotationBeanPostProcessor  JSR-330 'javax.inject.Inject' annotation found and supported for autowiring
2019-06-22 10:03:12.042 [WARN ] ParameterMessageInterpolator  HV000184: ParameterMessageInterpolator has been chosen, EL interpolation will not be supported
2019-06-22 10:03:12.694 [WARN ] ParameterMessageInterpolator  HV000184: ParameterMessageInterpolator has been chosen, EL interpolation will not be supported
2019-06-22 10:03:16.061 [INFO ] LocalContainerEntityManagerFactoryBean  Building JPA container EntityManagerFactory for persistence unit 'default'
2019-06-22 10:03:16.115 [INFO ] LogHelper  HHH000204: Processing PersistenceUnitInfo [
	name: default
	...]
2019-06-22 10:03:16.300 [INFO ] Version  HHH000412: Hibernate Core {5.0.12.Final}
2019-06-22 10:03:16.303 [INFO ] Environment  HHH000206: hibernate.properties not found
2019-06-22 10:03:16.307 [INFO ] Environment  HHH000021: Bytecode provider name : javassist
2019-06-22 10:03:16.413 [INFO ] Version  HCANN000001: Hibernate Commons Annotations {5.0.1.Final}
2019-06-22 10:03:16.683 [INFO ] Dialect  HHH000400: Using dialect: org.hibernate.dialect.MySQL5InnoDBDialect
2019-06-22 10:03:18.362 [INFO ] SchemaUpdate  HHH000228: Running hbm2ddl schema update
2019-06-22 10:03:22.821 [INFO ] LocalContainerEntityManagerFactoryBean  Initialized JPA EntityManagerFactory for persistence unit 'default'
2019-06-22 10:03:25.995 [INFO ] RequestMappingHandlerAdapter  Looking for @ControllerAdvice: org.springframework.web.context.support.GenericWebApplicationContext@20d107d6: startup date [Sat Jun 22 10:03:08 SGT 2019]; root of context hierarchy
2019-06-22 10:03:26.421 [INFO ] RequestMappingHandlerMapping  Mapped "{[/getbank],methods=[GET]}" onto public com.example.demo.Model.Result com.example.demo.Controller.DepositController.getUserList(java.lang.String)
2019-06-22 10:03:26.423 [INFO ] RequestMappingHandlerMapping  Mapped "{[/addbank],methods=[POST]}" onto public com.example.demo.Model.Result com.example.demo.Controller.DepositController.addUserList(com.example.demo.Model.UserList)
2019-06-22 10:03:26.423 [INFO ] RequestMappingHandlerMapping  Mapped "{[/Depositlist],methods=[POST]}" onto public com.example.demo.Model.Result com.example.demo.Controller.DepositController.addDepositlist(com.example.demo.Model.DepositList)
2019-06-22 10:03:26.424 [INFO ] RequestMappingHandlerMapping  Mapped "{[/depositlist],methods=[GET]}" onto public com.example.demo.Model.Result com.example.demo.Controller.DepositController.getDepositlist()
2019-06-22 10:03:26.425 [INFO ] RequestMappingHandlerMapping  Mapped "{[/test]}" onto public java.lang.String com.example.demo.Controller.HttpController.forwardTest()
2019-06-22 10:03:26.432 [INFO ] RequestMappingHandlerMapping  Mapped "{[/error]}" onto public org.springframework.http.ResponseEntity<java.util.Map<java.lang.String, java.lang.Object>> org.springframework.boot.autoconfigure.web.BasicErrorController.error(javax.servlet.http.HttpServletRequest)
2019-06-22 10:03:26.433 [INFO ] RequestMappingHandlerMapping  Mapped "{[/error],produces=[text/html]}" onto public org.springframework.web.servlet.ModelAndView org.springframework.boot.autoconfigure.web.BasicErrorController.errorHtml(javax.servlet.http.HttpServletRequest,javax.servlet.http.HttpServletResponse)
2019-06-22 10:03:27.082 [INFO ] SimpleUrlHandlerMapping  Mapped URL path [/webjars/**] onto handler of type [class org.springframework.web.servlet.resource.ResourceHttpRequestHandler]
2019-06-22 10:03:27.082 [INFO ] SimpleUrlHandlerMapping  Mapped URL path [/**] onto handler of type [class org.springframework.web.servlet.resource.ResourceHttpRequestHandler]
2019-06-22 10:03:27.583 [INFO ] SimpleUrlHandlerMapping  Mapped URL path [/**/favicon.ico] onto handler of type [class org.springframework.web.servlet.resource.ResourceHttpRequestHandler]
2019-06-22 10:03:27.854 [WARN ] AbstractTemplateResolverConfiguration  Cannot find template location: classpath:/templates/ (please add some templates or check your Thymeleaf configuration)
2019-06-22 10:03:31.153 [INFO ] EndpointHandlerMapping  Mapped "{[/configprops || /configprops.json],methods=[GET],produces=[application/vnd.spring-boot.actuator.v1+json || application/json]}" onto public java.lang.Object org.springframework.boot.actuate.endpoint.mvc.EndpointMvcAdapter.invoke()
2019-06-22 10:03:31.158 [INFO ] EndpointHandlerMapping  Mapped "{[/loggers/{name:.*}],methods=[GET],produces=[application/vnd.spring-boot.actuator.v1+json || application/json]}" onto public java.lang.Object org.springframework.boot.actuate.endpoint.mvc.LoggersMvcEndpoint.get(java.lang.String)
2019-06-22 10:03:31.160 [INFO ] EndpointHandlerMapping  Mapped "{[/loggers/{name:.*}],methods=[POST],consumes=[application/vnd.spring-boot.actuator.v1+json || application/json],produces=[application/vnd.spring-boot.actuator.v1+json || application/json]}" onto public java.lang.Object org.springframework.boot.actuate.endpoint.mvc.LoggersMvcEndpoint.set(java.lang.String,java.util.Map<java.lang.String, java.lang.String>)
2019-06-22 10:03:31.161 [INFO ] EndpointHandlerMapping  Mapped "{[/loggers || /loggers.json],methods=[GET],produces=[application/vnd.spring-boot.actuator.v1+json || application/json]}" onto public java.lang.Object org.springframework.boot.actuate.endpoint.mvc.EndpointMvcAdapter.invoke()
2019-06-22 10:03:31.171 [INFO ] EndpointHandlerMapping  Mapped "{[/trace || /trace.json],methods=[GET],produces=[application/vnd.spring-boot.actuator.v1+json || application/json]}" onto public java.lang.Object org.springframework.boot.actuate.endpoint.mvc.EndpointMvcAdapter.invoke()
2019-06-22 10:03:31.178 [INFO ] EndpointHandlerMapping  Mapped "{[/metrics/{name:.*}],methods=[GET],produces=[application/vnd.spring-boot.actuator.v1+json || application/json]}" onto public java.lang.Object org.springframework.boot.actuate.endpoint.mvc.MetricsMvcEndpoint.value(java.lang.String)
2019-06-22 10:03:31.179 [INFO ] EndpointHandlerMapping  Mapped "{[/metrics || /metrics.json],methods=[GET],produces=[application/vnd.spring-boot.actuator.v1+json || application/json]}" onto public java.lang.Object org.springframework.boot.actuate.endpoint.mvc.EndpointMvcAdapter.invoke()
2019-06-22 10:03:31.184 [INFO ] EndpointHandlerMapping  Mapped "{[/autoconfig || /autoconfig.json],methods=[GET],produces=[application/vnd.spring-boot.actuator.v1+json || application/json]}" onto public java.lang.Object org.springframework.boot.actuate.endpoint.mvc.EndpointMvcAdapter.invoke()
2019-06-22 10:03:31.187 [INFO ] EndpointHandlerMapping  Mapped "{[/heapdump || /heapdump.json],methods=[GET],produces=[application/octet-stream]}" onto public void org.springframework.boot.actuate.endpoint.mvc.HeapdumpMvcEndpoint.invoke(boolean,javax.servlet.http.HttpServletRequest,javax.servlet.http.HttpServletResponse) throws java.io.IOException,javax.servlet.ServletException
2019-06-22 10:03:31.194 [INFO ] EndpointHandlerMapping  Mapped "{[/mappings || /mappings.json],methods=[GET],produces=[application/vnd.spring-boot.actuator.v1+json || application/json]}" onto public java.lang.Object org.springframework.boot.actuate.endpoint.mvc.EndpointMvcAdapter.invoke()
2019-06-22 10:03:31.196 [INFO ] EndpointHandlerMapping  Mapped "{[/beans || /beans.json],methods=[GET],produces=[application/vnd.spring-boot.actuator.v1+json || application/json]}" onto public java.lang.Object org.springframework.boot.actuate.endpoint.mvc.EndpointMvcAdapter.invoke()
2019-06-22 10:03:31.199 [INFO ] EndpointHandlerMapping  Mapped "{[/health || /health.json],methods=[GET],produces=[application/vnd.spring-boot.actuator.v1+json || application/json]}" onto public java.lang.Object org.springframework.boot.actuate.endpoint.mvc.HealthMvcEndpoint.invoke(javax.servlet.http.HttpServletRequest,java.security.Principal)
2019-06-22 10:03:31.202 [INFO ] EndpointHandlerMapping  Mapped "{[/info || /info.json],methods=[GET],produces=[application/vnd.spring-boot.actuator.v1+json || application/json]}" onto public java.lang.Object org.springframework.boot.actuate.endpoint.mvc.EndpointMvcAdapter.invoke()
2019-06-22 10:03:31.207 [INFO ] EndpointHandlerMapping  Mapped "{[/env/{name:.*}],methods=[GET],produces=[application/vnd.spring-boot.actuator.v1+json || application/json]}" onto public java.lang.Object org.springframework.boot.actuate.endpoint.mvc.EnvironmentMvcEndpoint.value(java.lang.String)
2019-06-22 10:03:31.208 [INFO ] EndpointHandlerMapping  Mapped "{[/env || /env.json],methods=[GET],produces=[application/vnd.spring-boot.actuator.v1+json || application/json]}" onto public java.lang.Object org.springframework.boot.actuate.endpoint.mvc.EndpointMvcAdapter.invoke()
2019-06-22 10:03:31.210 [INFO ] EndpointHandlerMapping  Mapped "{[/dump || /dump.json],methods=[GET],produces=[application/vnd.spring-boot.actuator.v1+json || application/json]}" onto public java.lang.Object org.springframework.boot.actuate.endpoint.mvc.EndpointMvcAdapter.invoke()
2019-06-22 10:03:31.222 [INFO ] EndpointHandlerMapping  Mapped "{[/auditevents || /auditevents.json],methods=[GET],produces=[application/vnd.spring-boot.actuator.v1+json || application/json]}" onto public org.springframework.http.ResponseEntity<?> org.springframework.boot.actuate.endpoint.mvc.AuditEventsMvcEndpoint.findByPrincipalAndAfterAndType(java.lang.String,java.util.Date,java.lang.String)
2019-06-22 10:03:31.885 [WARN ] RedisStarterDeprecationWarningAutoConfiguration  spring-boot-starter-redis is deprecated as of Spring Boot 1.4, please migrate to spring-boot-starter-data-redis
2019-06-22 10:03:32.045 [INFO ] ThridypayApplicationTests  Started ThridypayApplicationTests in 24.583 seconds (JVM running for 26.145)
2019-06-22 10:03:32.146 [INFO ] GenericWebApplicationContext  Closing org.springframework.web.context.support.GenericWebApplicationContext@20d107d6: startup date [Sat Jun 22 10:03:08 SGT 2019]; root of context hierarchy
2019-06-22 10:03:32.152 [INFO ] LocalContainerEntityManagerFactoryBean  Closing JPA EntityManagerFactory for persistence unit 'default'
2019-06-22 10:38:43.632 [INFO ] SpringBootTestContextBootstrapper  Neither @ContextConfiguration nor @ContextHierarchy found for test class [com.example.demo.ThridypayApplicationTests], using SpringBootContextLoader
2019-06-22 10:38:43.655 [INFO ] AbstractContextLoader  Could not detect default resource locations for test class [com.example.demo.ThridypayApplicationTests]: no resource found for suffixes {-context.xml, Context.groovy}.
2019-06-22 10:38:43.657 [INFO ] AnnotationConfigContextLoaderUtils  Could not detect default configuration classes for test class [com.example.demo.ThridypayApplicationTests]: ThridypayApplicationTests does not declare any static, non-private, non-final, nested classes annotated with @Configuration.
2019-06-22 10:38:43.839 [INFO ] SpringBootTestContextBootstrapper  Found @SpringBootConfiguration com.example.demo.ThridypayApplication for test class com.example.demo.ThridypayApplicationTests
2019-06-22 10:38:43.855 [INFO ] SpringBootTestContextBootstrapper  Loaded default TestExecutionListener class names from location [META-INF/spring.factories]: [org.springframework.boot.test.mock.mockito.MockitoTestExecutionListener, org.springframework.boot.test.mock.mockito.ResetMocksTestExecutionListener, org.springframework.boot.test.autoconfigure.restdocs.RestDocsTestExecutionListener, org.springframework.boot.test.autoconfigure.web.client.MockRestServiceServerResetTestExecutionListener, org.springframework.boot.test.autoconfigure.web.servlet.MockMvcPrintOnlyOnFailureTestExecutionListener, org.springframework.boot.test.autoconfigure.web.servlet.WebDriverTestExecutionListener, org.springframework.test.context.web.ServletTestExecutionListener, org.springframework.test.context.support.DirtiesContextBeforeModesTestExecutionListener, org.springframework.test.context.support.DependencyInjectionTestExecutionListener, org.springframework.test.context.support.DirtiesContextTestExecutionListener, org.springframework.test.context.transaction.TransactionalTestExecutionListener, org.springframework.test.context.jdbc.SqlScriptsTestExecutionListener]
2019-06-22 10:38:43.888 [INFO ] SpringBootTestContextBootstrapper  Using TestExecutionListeners: [org.springframework.test.context.web.ServletTestExecutionListener@6d639a4b, org.springframework.test.context.support.DirtiesContextBeforeModesTestExecutionListener@2626ea08, org.springframework.boot.test.autoconfigure.SpringBootDependencyInjectionTestExecutionListener@44cec6c9, org.springframework.test.context.support.DirtiesContextTestExecutionListener@635cd969, org.springframework.test.context.transaction.TransactionalTestExecutionListener@64c5af75, org.springframework.test.context.jdbc.SqlScriptsTestExecutionListener@6e825e02, org.springframework.boot.test.autoconfigure.web.servlet.MockMvcPrintOnlyOnFailureTestExecutionListener@30ea0dfc, org.springframework.boot.test.autoconfigure.web.client.MockRestServiceServerResetTestExecutionListener@563c347a, org.springframework.boot.test.mock.mockito.ResetMocksTestExecutionListener@a9961d1, org.springframework.boot.test.autoconfigure.web.servlet.WebDriverTestExecutionListener@5be4e5c6, org.springframework.boot.test.autoconfigure.restdocs.RestDocsTestExecutionListener@10a9594c, org.springframework.boot.test.mock.mockito.MockitoTestExecutionListener@5e25951f]
2019-06-22 10:38:43.901 [INFO ] SpringBootTestContextBootstrapper  Neither @ContextConfiguration nor @ContextHierarchy found for test class [com.example.demo.ThridypayApplicationTests], using SpringBootContextLoader
2019-06-22 10:38:43.904 [INFO ] AbstractContextLoader  Could not detect default resource locations for test class [com.example.demo.ThridypayApplicationTests]: no resource found for suffixes {-context.xml, Context.groovy}.
2019-06-22 10:38:43.904 [INFO ] AnnotationConfigContextLoaderUtils  Could not detect default configuration classes for test class [com.example.demo.ThridypayApplicationTests]: ThridypayApplicationTests does not declare any static, non-private, non-final, nested classes annotated with @Configuration.
2019-06-22 10:38:43.918 [INFO ] SpringBootTestContextBootstrapper  Found @SpringBootConfiguration com.example.demo.ThridypayApplication for test class com.example.demo.ThridypayApplicationTests
2019-06-22 10:38:43.928 [INFO ] SpringBootTestContextBootstrapper  Loaded default TestExecutionListener class names from location [META-INF/spring.factories]: [org.springframework.boot.test.mock.mockito.MockitoTestExecutionListener, org.springframework.boot.test.mock.mockito.ResetMocksTestExecutionListener, org.springframework.boot.test.autoconfigure.restdocs.RestDocsTestExecutionListener, org.springframework.boot.test.autoconfigure.web.client.MockRestServiceServerResetTestExecutionListener, org.springframework.boot.test.autoconfigure.web.servlet.MockMvcPrintOnlyOnFailureTestExecutionListener, org.springframework.boot.test.autoconfigure.web.servlet.WebDriverTestExecutionListener, org.springframework.test.context.web.ServletTestExecutionListener, org.springframework.test.context.support.DirtiesContextBeforeModesTestExecutionListener, org.springframework.test.context.support.DependencyInjectionTestExecutionListener, org.springframework.test.context.support.DirtiesContextTestExecutionListener, org.springframework.test.context.transaction.TransactionalTestExecutionListener, org.springframework.test.context.jdbc.SqlScriptsTestExecutionListener]
2019-06-22 10:38:43.936 [INFO ] SpringBootTestContextBootstrapper  Using TestExecutionListeners: [org.springframework.test.context.web.ServletTestExecutionListener@67efb699, org.springframework.test.context.support.DirtiesContextBeforeModesTestExecutionListener@2abd2c1e, org.springframework.boot.test.autoconfigure.SpringBootDependencyInjectionTestExecutionListener@699b7b7d, org.springframework.test.context.support.DirtiesContextTestExecutionListener@5ec881b5, org.springframework.test.context.transaction.TransactionalTestExecutionListener@3dbbc2b0, org.springframework.test.context.jdbc.SqlScriptsTestExecutionListener@71ead079, org.springframework.boot.test.autoconfigure.web.servlet.MockMvcPrintOnlyOnFailureTestExecutionListener@6f1cf25c, org.springframework.boot.test.autoconfigure.web.client.MockRestServiceServerResetTestExecutionListener@556baf01, org.springframework.boot.test.mock.mockito.ResetMocksTestExecutionListener@10ae9677, org.springframework.boot.test.autoconfigure.web.servlet.WebDriverTestExecutionListener@3618672f, org.springframework.boot.test.autoconfigure.restdocs.RestDocsTestExecutionListener@7c1e5a67, org.springframework.boot.test.mock.mockito.MockitoTestExecutionListener@2cc15fda]
2019-06-22 10:38:44.513 [INFO ] ThridypayApplicationTests  Starting ThridypayApplicationTests on LAPTOP-K8L84O8O with PID 175596 (started by snsoft in D:\newgetpay)
2019-06-22 10:38:44.514 [INFO ] ThridypayApplicationTests  No active profile set, falling back to default profiles: default
2019-06-22 10:38:44.994 [INFO ] GenericWebApplicationContext  Refreshing org.springframework.web.context.support.GenericWebApplicationContext@2a719b7f: startup date [Sat Jun 22 10:38:44 SGT 2019]; root of context hierarchy
2019-06-22 10:38:45.123 [INFO ] Version  HV000001: Hibernate Validator 5.3.5.Final
2019-06-22 10:38:46.532 [INFO ] RepositoryConfigurationDelegate  Multiple Spring Data modules found, entering strict repository configuration mode!
2019-06-22 10:38:46.684 [INFO ] RepositoryConfigurationDelegate  Multiple Spring Data modules found, entering strict repository configuration mode!
2019-06-22 10:38:46.733 [INFO ] RepositoryConfigurationExtensionSupport  Spring Data Redis - Could not safely identify store assignment for repository candidate interface com.example.demo.Repository.proposalListRespoitory.
2019-06-22 10:38:46.735 [INFO ] RepositoryConfigurationExtensionSupport  Spring Data Redis - Could not safely identify store assignment for repository candidate interface com.example.demo.Repository.MerchatListRespository.
2019-06-22 10:38:46.738 [INFO ] RepositoryConfigurationExtensionSupport  Spring Data Redis - Could not safely identify store assignment for repository candidate interface com.example.demo.Repository.DepositRespositpory.
2019-06-22 10:38:46.741 [INFO ] RepositoryConfigurationExtensionSupport  Spring Data Redis - Could not safely identify store assignment for repository candidate interface com.example.demo.Repository.UserListRespositpory.
2019-06-22 10:38:47.463 [INFO ] AutowiredAnnotationBeanPostProcessor  JSR-330 'javax.inject.Inject' annotation found and supported for autowiring
2019-06-22 10:38:47.713 [WARN ] ParameterMessageInterpolator  HV000184: ParameterMessageInterpolator has been chosen, EL interpolation will not be supported
2019-06-22 10:38:48.067 [WARN ] ParameterMessageInterpolator  HV000184: ParameterMessageInterpolator has been chosen, EL interpolation will not be supported
2019-06-22 10:38:51.250 [INFO ] LocalContainerEntityManagerFactoryBean  Building JPA container EntityManagerFactory for persistence unit 'default'
2019-06-22 10:38:51.290 [INFO ] LogHelper  HHH000204: Processing PersistenceUnitInfo [
	name: default
	...]
2019-06-22 10:38:51.554 [INFO ] Version  HHH000412: Hibernate Core {5.0.12.Final}
2019-06-22 10:38:51.557 [INFO ] Environment  HHH000206: hibernate.properties not found
2019-06-22 10:38:51.560 [INFO ] Environment  HHH000021: Bytecode provider name : javassist
2019-06-22 10:38:51.661 [INFO ] Version  HCANN000001: Hibernate Commons Annotations {5.0.1.Final}
2019-06-22 10:38:52.098 [INFO ] Dialect  HHH000400: Using dialect: org.hibernate.dialect.MySQL5InnoDBDialect
2019-06-22 10:38:53.462 [INFO ] SchemaUpdate  HHH000228: Running hbm2ddl schema update
2019-06-22 10:38:57.967 [INFO ] LocalContainerEntityManagerFactoryBean  Initialized JPA EntityManagerFactory for persistence unit 'default'
2019-06-22 10:39:00.665 [INFO ] RequestMappingHandlerAdapter  Looking for @ControllerAdvice: org.springframework.web.context.support.GenericWebApplicationContext@2a719b7f: startup date [Sat Jun 22 10:38:44 SGT 2019]; root of context hierarchy
2019-06-22 10:39:00.972 [INFO ] RequestMappingHandlerMapping  Mapped "{[/addbank],methods=[POST]}" onto public com.example.demo.Model.Result com.example.demo.Controller.DepositController.addUserList(com.example.demo.Model.UserList)
2019-06-22 10:39:00.975 [INFO ] RequestMappingHandlerMapping  Mapped "{[/getbank],methods=[GET]}" onto public com.example.demo.Model.Result com.example.demo.Controller.DepositController.getUserList(java.lang.String)
2019-06-22 10:39:00.977 [INFO ] RequestMappingHandlerMapping  Mapped "{[/depositlist],methods=[GET]}" onto public com.example.demo.Model.Result com.example.demo.Controller.DepositController.getDepositlist()
2019-06-22 10:39:00.978 [INFO ] RequestMappingHandlerMapping  Mapped "{[/Depositlist],methods=[POST]}" onto public com.example.demo.Model.Result com.example.demo.Controller.DepositController.addDepositlist(com.example.demo.Model.DepositList)
2019-06-22 10:39:00.980 [INFO ] RequestMappingHandlerMapping  Mapped "{[/test]}" onto public java.lang.String com.example.demo.Controller.HttpController.forwardTest()
2019-06-22 10:39:00.985 [INFO ] RequestMappingHandlerMapping  Mapped "{[/error]}" onto public org.springframework.http.ResponseEntity<java.util.Map<java.lang.String, java.lang.Object>> org.springframework.boot.autoconfigure.web.BasicErrorController.error(javax.servlet.http.HttpServletRequest)
2019-06-22 10:39:00.987 [INFO ] RequestMappingHandlerMapping  Mapped "{[/error],produces=[text/html]}" onto public org.springframework.web.servlet.ModelAndView org.springframework.boot.autoconfigure.web.BasicErrorController.errorHtml(javax.servlet.http.HttpServletRequest,javax.servlet.http.HttpServletResponse)
2019-06-22 10:39:01.347 [INFO ] SimpleUrlHandlerMapping  Mapped URL path [/webjars/**] onto handler of type [class org.springframework.web.servlet.resource.ResourceHttpRequestHandler]
2019-06-22 10:39:01.348 [INFO ] SimpleUrlHandlerMapping  Mapped URL path [/**] onto handler of type [class org.springframework.web.servlet.resource.ResourceHttpRequestHandler]
2019-06-22 10:39:01.710 [INFO ] SimpleUrlHandlerMapping  Mapped URL path [/**/favicon.ico] onto handler of type [class org.springframework.web.servlet.resource.ResourceHttpRequestHandler]
2019-06-22 10:39:01.899 [WARN ] AbstractTemplateResolverConfiguration  Cannot find template location: classpath:/templates/ (please add some templates or check your Thymeleaf configuration)
2019-06-22 10:39:04.028 [INFO ] EndpointHandlerMapping  Mapped "{[/auditevents || /auditevents.json],methods=[GET],produces=[application/vnd.spring-boot.actuator.v1+json || application/json]}" onto public org.springframework.http.ResponseEntity<?> org.springframework.boot.actuate.endpoint.mvc.AuditEventsMvcEndpoint.findByPrincipalAndAfterAndType(java.lang.String,java.util.Date,java.lang.String)
2019-06-22 10:39:04.030 [INFO ] EndpointHandlerMapping  Mapped "{[/health || /health.json],methods=[GET],produces=[application/vnd.spring-boot.actuator.v1+json || application/json]}" onto public java.lang.Object org.springframework.boot.actuate.endpoint.mvc.HealthMvcEndpoint.invoke(javax.servlet.http.HttpServletRequest,java.security.Principal)
2019-06-22 10:39:04.032 [INFO ] EndpointHandlerMapping  Mapped "{[/mappings || /mappings.json],methods=[GET],produces=[application/vnd.spring-boot.actuator.v1+json || application/json]}" onto public java.lang.Object org.springframework.boot.actuate.endpoint.mvc.EndpointMvcAdapter.invoke()
2019-06-22 10:39:04.045 [INFO ] EndpointHandlerMapping  Mapped "{[/loggers/{name:.*}],methods=[GET],produces=[application/vnd.spring-boot.actuator.v1+json || application/json]}" onto public java.lang.Object org.springframework.boot.actuate.endpoint.mvc.LoggersMvcEndpoint.get(java.lang.String)
2019-06-22 10:39:04.048 [INFO ] EndpointHandlerMapping  Mapped "{[/loggers/{name:.*}],methods=[POST],consumes=[application/vnd.spring-boot.actuator.v1+json || application/json],produces=[application/vnd.spring-boot.actuator.v1+json || application/json]}" onto public java.lang.Object org.springframework.boot.actuate.endpoint.mvc.LoggersMvcEndpoint.set(java.lang.String,java.util.Map<java.lang.String, java.lang.String>)
2019-06-22 10:39:04.051 [INFO ] EndpointHandlerMapping  Mapped "{[/loggers || /loggers.json],methods=[GET],produces=[application/vnd.spring-boot.actuator.v1+json || application/json]}" onto public java.lang.Object org.springframework.boot.actuate.endpoint.mvc.EndpointMvcAdapter.invoke()
2019-06-22 10:39:04.059 [INFO ] EndpointHandlerMapping  Mapped "{[/heapdump || /heapdump.json],methods=[GET],produces=[application/octet-stream]}" onto public void org.springframework.boot.actuate.endpoint.mvc.HeapdumpMvcEndpoint.invoke(boolean,javax.servlet.http.HttpServletRequest,javax.servlet.http.HttpServletResponse) throws java.io.IOException,javax.servlet.ServletException
2019-06-22 10:39:04.063 [INFO ] EndpointHandlerMapping  Mapped "{[/trace || /trace.json],methods=[GET],produces=[application/vnd.spring-boot.actuator.v1+json || application/json]}" onto public java.lang.Object org.springframework.boot.actuate.endpoint.mvc.EndpointMvcAdapter.invoke()
2019-06-22 10:39:04.066 [INFO ] EndpointHandlerMapping  Mapped "{[/dump || /dump.json],methods=[GET],produces=[application/vnd.spring-boot.actuator.v1+json || application/json]}" onto public java.lang.Object org.springframework.boot.actuate.endpoint.mvc.EndpointMvcAdapter.invoke()
2019-06-22 10:39:04.073 [INFO ] EndpointHandlerMapping  Mapped "{[/env/{name:.*}],methods=[GET],produces=[application/vnd.spring-boot.actuator.v1+json || application/json]}" onto public java.lang.Object org.springframework.boot.actuate.endpoint.mvc.EnvironmentMvcEndpoint.value(java.lang.String)
2019-06-22 10:39:04.076 [INFO ] EndpointHandlerMapping  Mapped "{[/env || /env.json],methods=[GET],produces=[application/vnd.spring-boot.actuator.v1+json || application/json]}" onto public java.lang.Object org.springframework.boot.actuate.endpoint.mvc.EndpointMvcAdapter.invoke()
2019-06-22 10:39:04.080 [INFO ] EndpointHandlerMapping  Mapped "{[/beans || /beans.json],methods=[GET],produces=[application/vnd.spring-boot.actuator.v1+json || application/json]}" onto public java.lang.Object org.springframework.boot.actuate.endpoint.mvc.EndpointMvcAdapter.invoke()
2019-06-22 10:39:04.083 [INFO ] EndpointHandlerMapping  Mapped "{[/info || /info.json],methods=[GET],produces=[application/vnd.spring-boot.actuator.v1+json || application/json]}" onto public java.lang.Object org.springframework.boot.actuate.endpoint.mvc.EndpointMvcAdapter.invoke()
2019-06-22 10:39:04.086 [INFO ] EndpointHandlerMapping  Mapped "{[/metrics/{name:.*}],methods=[GET],produces=[application/vnd.spring-boot.actuator.v1+json || application/json]}" onto public java.lang.Object org.springframework.boot.actuate.endpoint.mvc.MetricsMvcEndpoint.value(java.lang.String)
2019-06-22 10:39:04.088 [INFO ] EndpointHandlerMapping  Mapped "{[/metrics || /metrics.json],methods=[GET],produces=[application/vnd.spring-boot.actuator.v1+json || application/json]}" onto public java.lang.Object org.springframework.boot.actuate.endpoint.mvc.EndpointMvcAdapter.invoke()
2019-06-22 10:39:04.093 [INFO ] EndpointHandlerMapping  Mapped "{[/autoconfig || /autoconfig.json],methods=[GET],produces=[application/vnd.spring-boot.actuator.v1+json || application/json]}" onto public java.lang.Object org.springframework.boot.actuate.endpoint.mvc.EndpointMvcAdapter.invoke()
2019-06-22 10:39:04.096 [INFO ] EndpointHandlerMapping  Mapped "{[/configprops || /configprops.json],methods=[GET],produces=[application/vnd.spring-boot.actuator.v1+json || application/json]}" onto public java.lang.Object org.springframework.boot.actuate.endpoint.mvc.EndpointMvcAdapter.invoke()
2019-06-22 10:39:04.794 [WARN ] RedisStarterDeprecationWarningAutoConfiguration  spring-boot-starter-redis is deprecated as of Spring Boot 1.4, please migrate to spring-boot-starter-data-redis
2019-06-22 10:39:05.642 [INFO ] ThridypayApplicationTests  Started ThridypayApplicationTests in 21.598 seconds (JVM running for 22.71)
2019-06-22 10:39:05.881 [INFO ] GenericWebApplicationContext  Closing org.springframework.web.context.support.GenericWebApplicationContext@2a719b7f: startup date [Sat Jun 22 10:38:44 SGT 2019]; root of context hierarchy
2019-06-22 10:39:05.897 [INFO ] LocalContainerEntityManagerFactoryBean  Closing JPA EntityManagerFactory for persistence unit 'default'
2019-06-22 10:55:21.267 [INFO ] SpringBootTestContextBootstrapper  Neither @ContextConfiguration nor @ContextHierarchy found for test class [com.example.demo.ThridypayApplicationTests], using SpringBootContextLoader
2019-06-22 10:55:21.546 [INFO ] AbstractContextLoader  Could not detect default resource locations for test class [com.example.demo.ThridypayApplicationTests]: no resource found for suffixes {-context.xml, Context.groovy}.
2019-06-22 10:55:21.547 [INFO ] AnnotationConfigContextLoaderUtils  Could not detect default configuration classes for test class [com.example.demo.ThridypayApplicationTests]: ThridypayApplicationTests does not declare any static, non-private, non-final, nested classes annotated with @Configuration.
2019-06-22 10:55:21.749 [INFO ] SpringBootTestContextBootstrapper  Found @SpringBootConfiguration com.example.demo.ThridypayApplication for test class com.example.demo.ThridypayApplicationTests
2019-06-22 10:55:21.767 [INFO ] SpringBootTestContextBootstrapper  Loaded default TestExecutionListener class names from location [META-INF/spring.factories]: [org.springframework.boot.test.mock.mockito.MockitoTestExecutionListener, org.springframework.boot.test.mock.mockito.ResetMocksTestExecutionListener, org.springframework.boot.test.autoconfigure.restdocs.RestDocsTestExecutionListener, org.springframework.boot.test.autoconfigure.web.client.MockRestServiceServerResetTestExecutionListener, org.springframework.boot.test.autoconfigure.web.servlet.MockMvcPrintOnlyOnFailureTestExecutionListener, org.springframework.boot.test.autoconfigure.web.servlet.WebDriverTestExecutionListener, org.springframework.test.context.web.ServletTestExecutionListener, org.springframework.test.context.support.DirtiesContextBeforeModesTestExecutionListener, org.springframework.test.context.support.DependencyInjectionTestExecutionListener, org.springframework.test.context.support.DirtiesContextTestExecutionListener, org.springframework.test.context.transaction.TransactionalTestExecutionListener, org.springframework.test.context.jdbc.SqlScriptsTestExecutionListener]
2019-06-22 10:55:21.812 [INFO ] SpringBootTestContextBootstrapper  Using TestExecutionListeners: [org.springframework.test.context.web.ServletTestExecutionListener@6e825e02, org.springframework.test.context.support.DirtiesContextBeforeModesTestExecutionListener@30ea0dfc, org.springframework.boot.test.autoconfigure.SpringBootDependencyInjectionTestExecutionListener@563c347a, org.springframework.test.context.support.DirtiesContextTestExecutionListener@a9961d1, org.springframework.test.context.transaction.TransactionalTestExecutionListener@5be4e5c6, org.springframework.test.context.jdbc.SqlScriptsTestExecutionListener@10a9594c, org.springframework.boot.test.mock.mockito.ResetMocksTestExecutionListener@5e25951f, org.springframework.boot.test.autoconfigure.web.client.MockRestServiceServerResetTestExecutionListener@75615682, org.springframework.boot.test.autoconfigure.restdocs.RestDocsTestExecutionListener@4976ad02, org.springframework.boot.test.autoconfigure.web.servlet.MockMvcPrintOnlyOnFailureTestExecutionListener@e5883fc, org.springframework.boot.test.autoconfigure.web.servlet.WebDriverTestExecutionListener@55411cbf, org.springframework.boot.test.mock.mockito.MockitoTestExecutionListener@25c66b53]
2019-06-22 10:55:21.823 [INFO ] SpringBootTestContextBootstrapper  Neither @ContextConfiguration nor @ContextHierarchy found for test class [com.example.demo.ThridypayApplicationTests], using SpringBootContextLoader
2019-06-22 10:55:21.829 [INFO ] AbstractContextLoader  Could not detect default resource locations for test class [com.example.demo.ThridypayApplicationTests]: no resource found for suffixes {-context.xml, Context.groovy}.
2019-06-22 10:55:21.830 [INFO ] AnnotationConfigContextLoaderUtils  Could not detect default configuration classes for test class [com.example.demo.ThridypayApplicationTests]: ThridypayApplicationTests does not declare any static, non-private, non-final, nested classes annotated with @Configuration.
2019-06-22 10:55:21.842 [INFO ] SpringBootTestContextBootstrapper  Found @SpringBootConfiguration com.example.demo.ThridypayApplication for test class com.example.demo.ThridypayApplicationTests
2019-06-22 10:55:21.851 [INFO ] SpringBootTestContextBootstrapper  Loaded default TestExecutionListener class names from location [META-INF/spring.factories]: [org.springframework.boot.test.mock.mockito.MockitoTestExecutionListener, org.springframework.boot.test.mock.mockito.ResetMocksTestExecutionListener, org.springframework.boot.test.autoconfigure.restdocs.RestDocsTestExecutionListener, org.springframework.boot.test.autoconfigure.web.client.MockRestServiceServerResetTestExecutionListener, org.springframework.boot.test.autoconfigure.web.servlet.MockMvcPrintOnlyOnFailureTestExecutionListener, org.springframework.boot.test.autoconfigure.web.servlet.WebDriverTestExecutionListener, org.springframework.test.context.web.ServletTestExecutionListener, org.springframework.test.context.support.DirtiesContextBeforeModesTestExecutionListener, org.springframework.test.context.support.DependencyInjectionTestExecutionListener, org.springframework.test.context.support.DirtiesContextTestExecutionListener, org.springframework.test.context.transaction.TransactionalTestExecutionListener, org.springframework.test.context.jdbc.SqlScriptsTestExecutionListener]
2019-06-22 10:55:21.860 [INFO ] SpringBootTestContextBootstrapper  Using TestExecutionListeners: [org.springframework.test.context.web.ServletTestExecutionListener@71ead079, org.springframework.test.context.support.DirtiesContextBeforeModesTestExecutionListener@6f1cf25c, org.springframework.boot.test.autoconfigure.SpringBootDependencyInjectionTestExecutionListener@556baf01, org.springframework.test.context.support.DirtiesContextTestExecutionListener@10ae9677, org.springframework.test.context.transaction.TransactionalTestExecutionListener@3618672f, org.springframework.test.context.jdbc.SqlScriptsTestExecutionListener@7c1e5a67, org.springframework.boot.test.mock.mockito.ResetMocksTestExecutionListener@2cc15fda, org.springframework.boot.test.autoconfigure.web.client.MockRestServiceServerResetTestExecutionListener@4b7bf82a, org.springframework.boot.test.autoconfigure.restdocs.RestDocsTestExecutionListener@37e1b41d, org.springframework.boot.test.autoconfigure.web.servlet.MockMvcPrintOnlyOnFailureTestExecutionListener@42f7f894, org.springframework.boot.test.autoconfigure.web.servlet.WebDriverTestExecutionListener@25e0dee5, org.springframework.boot.test.mock.mockito.MockitoTestExecutionListener@4e499fd0]
2019-06-22 10:55:22.528 [INFO ] ThridypayApplicationTests  Starting ThridypayApplicationTests on LAPTOP-K8L84O8O with PID 179376 (started by snsoft in D:\newgetpay)
2019-06-22 10:55:22.528 [INFO ] ThridypayApplicationTests  No active profile set, falling back to default profiles: default
2019-06-22 10:55:22.974 [INFO ] GenericWebApplicationContext  Refreshing org.springframework.web.context.support.GenericWebApplicationContext@5556d74f: startup date [Sat Jun 22 10:55:22 SGT 2019]; root of context hierarchy
2019-06-22 10:55:23.168 [INFO ] Version  HV000001: Hibernate Validator 5.3.5.Final
2019-06-22 10:55:24.782 [INFO ] RepositoryConfigurationDelegate  Multiple Spring Data modules found, entering strict repository configuration mode!
2019-06-22 10:55:24.890 [INFO ] RepositoryConfigurationDelegate  Multiple Spring Data modules found, entering strict repository configuration mode!
2019-06-22 10:55:24.935 [INFO ] RepositoryConfigurationExtensionSupport  Spring Data Redis - Could not safely identify store assignment for repository candidate interface com.example.demo.Repository.proposalListRespoitory.
2019-06-22 10:55:24.937 [INFO ] RepositoryConfigurationExtensionSupport  Spring Data Redis - Could not safely identify store assignment for repository candidate interface com.example.demo.Repository.MerchatListRespository.
2019-06-22 10:55:24.940 [INFO ] RepositoryConfigurationExtensionSupport  Spring Data Redis - Could not safely identify store assignment for repository candidate interface com.example.demo.Repository.DepositRespositpory.
2019-06-22 10:55:24.942 [INFO ] RepositoryConfigurationExtensionSupport  Spring Data Redis - Could not safely identify store assignment for repository candidate interface com.example.demo.Repository.UserListRespositpory.
2019-06-22 10:55:25.638 [INFO ] AutowiredAnnotationBeanPostProcessor  JSR-330 'javax.inject.Inject' annotation found and supported for autowiring
2019-06-22 10:55:25.917 [WARN ] ParameterMessageInterpolator  HV000184: ParameterMessageInterpolator has been chosen, EL interpolation will not be supported
2019-06-22 10:55:26.343 [WARN ] ParameterMessageInterpolator  HV000184: ParameterMessageInterpolator has been chosen, EL interpolation will not be supported
2019-06-22 10:55:30.165 [INFO ] LocalContainerEntityManagerFactoryBean  Building JPA container EntityManagerFactory for persistence unit 'default'
2019-06-22 10:55:30.305 [INFO ] LogHelper  HHH000204: Processing PersistenceUnitInfo [
	name: default
	...]
2019-06-22 10:55:30.975 [INFO ] Version  HHH000412: Hibernate Core {5.0.12.Final}
2019-06-22 10:55:30.978 [INFO ] Environment  HHH000206: hibernate.properties not found
2019-06-22 10:55:30.980 [INFO ] Environment  HHH000021: Bytecode provider name : javassist
2019-06-22 10:55:31.091 [INFO ] Version  HCANN000001: Hibernate Commons Annotations {5.0.1.Final}
2019-06-22 10:55:31.457 [INFO ] Dialect  HHH000400: Using dialect: org.hibernate.dialect.MySQL5InnoDBDialect
2019-06-22 10:55:32.731 [INFO ] SchemaUpdate  HHH000228: Running hbm2ddl schema update
2019-06-22 10:55:37.406 [INFO ] LocalContainerEntityManagerFactoryBean  Initialized JPA EntityManagerFactory for persistence unit 'default'
2019-06-22 10:55:42.864 [INFO ] RequestMappingHandlerAdapter  Looking for @ControllerAdvice: org.springframework.web.context.support.GenericWebApplicationContext@5556d74f: startup date [Sat Jun 22 10:55:22 SGT 2019]; root of context hierarchy
2019-06-22 10:55:43.927 [INFO ] RequestMappingHandlerMapping  Mapped "{[/depositlist],methods=[GET]}" onto public com.example.demo.Model.Result com.example.demo.Controller.DepositController.getDepositlist()
2019-06-22 10:55:43.933 [INFO ] RequestMappingHandlerMapping  Mapped "{[/Depositlist],methods=[POST]}" onto public com.example.demo.Model.Result com.example.demo.Controller.DepositController.addDepositlist(com.example.demo.Model.DepositList)
2019-06-22 10:55:43.934 [INFO ] RequestMappingHandlerMapping  Mapped "{[/addbank],methods=[POST]}" onto public com.example.demo.Model.Result com.example.demo.Controller.DepositController.addUserList(com.example.demo.Model.UserList)
2019-06-22 10:55:43.939 [INFO ] RequestMappingHandlerMapping  Mapped "{[/getbank],methods=[GET]}" onto public com.example.demo.Model.Result com.example.demo.Controller.DepositController.getUserList(java.lang.String)
2019-06-22 10:55:43.940 [INFO ] RequestMappingHandlerMapping  Mapped "{[/test]}" onto public java.lang.String com.example.demo.Controller.HttpController.forwardTest()
2019-06-22 10:55:43.963 [INFO ] RequestMappingHandlerMapping  Mapped "{[/error]}" onto public org.springframework.http.ResponseEntity<java.util.Map<java.lang.String, java.lang.Object>> org.springframework.boot.autoconfigure.web.BasicErrorController.error(javax.servlet.http.HttpServletRequest)
2019-06-22 10:55:43.964 [INFO ] RequestMappingHandlerMapping  Mapped "{[/error],produces=[text/html]}" onto public org.springframework.web.servlet.ModelAndView org.springframework.boot.autoconfigure.web.BasicErrorController.errorHtml(javax.servlet.http.HttpServletRequest,javax.servlet.http.HttpServletResponse)
2019-06-22 10:55:44.091 [INFO ] SimpleUrlHandlerMapping  Mapped URL path [/webjars/**] onto handler of type [class org.springframework.web.servlet.resource.ResourceHttpRequestHandler]
2019-06-22 10:55:44.092 [INFO ] SimpleUrlHandlerMapping  Mapped URL path [/**] onto handler of type [class org.springframework.web.servlet.resource.ResourceHttpRequestHandler]
2019-06-22 10:55:44.284 [INFO ] SimpleUrlHandlerMapping  Mapped URL path [/**/favicon.ico] onto handler of type [class org.springframework.web.servlet.resource.ResourceHttpRequestHandler]
2019-06-22 10:55:44.386 [WARN ] AbstractTemplateResolverConfiguration  Cannot find template location: classpath:/templates/ (please add some templates or check your Thymeleaf configuration)
2019-06-22 10:55:46.233 [INFO ] EndpointHandlerMapping  Mapped "{[/mappings || /mappings.json],methods=[GET],produces=[application/vnd.spring-boot.actuator.v1+json || application/json]}" onto public java.lang.Object org.springframework.boot.actuate.endpoint.mvc.EndpointMvcAdapter.invoke()
2019-06-22 10:55:46.240 [INFO ] EndpointHandlerMapping  Mapped "{[/metrics/{name:.*}],methods=[GET],produces=[application/vnd.spring-boot.actuator.v1+json || application/json]}" onto public java.lang.Object org.springframework.boot.actuate.endpoint.mvc.MetricsMvcEndpoint.value(java.lang.String)
2019-06-22 10:55:46.242 [INFO ] EndpointHandlerMapping  Mapped "{[/metrics || /metrics.json],methods=[GET],produces=[application/vnd.spring-boot.actuator.v1+json || application/json]}" onto public java.lang.Object org.springframework.boot.actuate.endpoint.mvc.EndpointMvcAdapter.invoke()
2019-06-22 10:55:46.255 [INFO ] EndpointHandlerMapping  Mapped "{[/env/{name:.*}],methods=[GET],produces=[application/vnd.spring-boot.actuator.v1+json || application/json]}" onto public java.lang.Object org.springframework.boot.actuate.endpoint.mvc.EnvironmentMvcEndpoint.value(java.lang.String)
2019-06-22 10:55:46.258 [INFO ] EndpointHandlerMapping  Mapped "{[/env || /env.json],methods=[GET],produces=[application/vnd.spring-boot.actuator.v1+json || application/json]}" onto public java.lang.Object org.springframework.boot.actuate.endpoint.mvc.EndpointMvcAdapter.invoke()
2019-06-22 10:55:46.263 [INFO ] EndpointHandlerMapping  Mapped "{[/heapdump || /heapdump.json],methods=[GET],produces=[application/octet-stream]}" onto public void org.springframework.boot.actuate.endpoint.mvc.HeapdumpMvcEndpoint.invoke(boolean,javax.servlet.http.HttpServletRequest,javax.servlet.http.HttpServletResponse) throws java.io.IOException,javax.servlet.ServletException
2019-06-22 10:55:46.273 [INFO ] EndpointHandlerMapping  Mapped "{[/beans || /beans.json],methods=[GET],produces=[application/vnd.spring-boot.actuator.v1+json || application/json]}" onto public java.lang.Object org.springframework.boot.actuate.endpoint.mvc.EndpointMvcAdapter.invoke()
2019-06-22 10:55:46.278 [INFO ] EndpointHandlerMapping  Mapped "{[/auditevents || /auditevents.json],methods=[GET],produces=[application/vnd.spring-boot.actuator.v1+json || application/json]}" onto public org.springframework.http.ResponseEntity<?> org.springframework.boot.actuate.endpoint.mvc.AuditEventsMvcEndpoint.findByPrincipalAndAfterAndType(java.lang.String,java.util.Date,java.lang.String)
2019-06-22 10:55:46.285 [INFO ] EndpointHandlerMapping  Mapped "{[/configprops || /configprops.json],methods=[GET],produces=[application/vnd.spring-boot.actuator.v1+json || application/json]}" onto public java.lang.Object org.springframework.boot.actuate.endpoint.mvc.EndpointMvcAdapter.invoke()
2019-06-22 10:55:46.292 [INFO ] EndpointHandlerMapping  Mapped "{[/autoconfig || /autoconfig.json],methods=[GET],produces=[application/vnd.spring-boot.actuator.v1+json || application/json]}" onto public java.lang.Object org.springframework.boot.actuate.endpoint.mvc.EndpointMvcAdapter.invoke()
2019-06-22 10:55:46.298 [INFO ] EndpointHandlerMapping  Mapped "{[/loggers/{name:.*}],methods=[GET],produces=[application/vnd.spring-boot.actuator.v1+json || application/json]}" onto public java.lang.Object org.springframework.boot.actuate.endpoint.mvc.LoggersMvcEndpoint.get(java.lang.String)
2019-06-22 10:55:46.304 [INFO ] EndpointHandlerMapping  Mapped "{[/loggers/{name:.*}],methods=[POST],consumes=[application/vnd.spring-boot.actuator.v1+json || application/json],produces=[application/vnd.spring-boot.actuator.v1+json || application/json]}" onto public java.lang.Object org.springframework.boot.actuate.endpoint.mvc.LoggersMvcEndpoint.set(java.lang.String,java.util.Map<java.lang.String, java.lang.String>)
2019-06-22 10:55:46.308 [INFO ] EndpointHandlerMapping  Mapped "{[/loggers || /loggers.json],methods=[GET],produces=[application/vnd.spring-boot.actuator.v1+json || application/json]}" onto public java.lang.Object org.springframework.boot.actuate.endpoint.mvc.EndpointMvcAdapter.invoke()
2019-06-22 10:55:46.311 [INFO ] EndpointHandlerMapping  Mapped "{[/trace || /trace.json],methods=[GET],produces=[application/vnd.spring-boot.actuator.v1+json || application/json]}" onto public java.lang.Object org.springframework.boot.actuate.endpoint.mvc.EndpointMvcAdapter.invoke()
2019-06-22 10:55:46.315 [INFO ] EndpointHandlerMapping  Mapped "{[/info || /info.json],methods=[GET],produces=[application/vnd.spring-boot.actuator.v1+json || application/json]}" onto public java.lang.Object org.springframework.boot.actuate.endpoint.mvc.EndpointMvcAdapter.invoke()
2019-06-22 10:55:46.322 [INFO ] EndpointHandlerMapping  Mapped "{[/health || /health.json],methods=[GET],produces=[application/vnd.spring-boot.actuator.v1+json || application/json]}" onto public java.lang.Object org.springframework.boot.actuate.endpoint.mvc.HealthMvcEndpoint.invoke(javax.servlet.http.HttpServletRequest,java.security.Principal)
2019-06-22 10:55:46.330 [INFO ] EndpointHandlerMapping  Mapped "{[/dump || /dump.json],methods=[GET],produces=[application/vnd.spring-boot.actuator.v1+json || application/json]}" onto public java.lang.Object org.springframework.boot.actuate.endpoint.mvc.EndpointMvcAdapter.invoke()
2019-06-22 10:55:47.002 [WARN ] RedisStarterDeprecationWarningAutoConfiguration  spring-boot-starter-redis is deprecated as of Spring Boot 1.4, please migrate to spring-boot-starter-data-redis
2019-06-22 10:55:47.169 [INFO ] ThridypayApplicationTests  Started ThridypayApplicationTests in 25.177 seconds (JVM running for 26.601)
2019-06-22 10:55:47.294 [INFO ] GenericWebApplicationContext  Closing org.springframework.web.context.support.GenericWebApplicationContext@5556d74f: startup date [Sat Jun 22 10:55:22 SGT 2019]; root of context hierarchy
2019-06-22 10:55:47.309 [INFO ] LocalContainerEntityManagerFactoryBean  Closing JPA EntityManagerFactory for persistence unit 'default'
